{"C:\\Users\\HP\\Desktop\\deeladplace\\backend\\src\\config\\constants.js": {"path":"C:\\Users\\HP\\Desktop\\deeladplace\\backend\\src\\config\\constants.js","statementMap":{"0":{"start":{"line":1,"column":0},"end":{"line":33,"column":2}}},"fnMap":{},"branchMap":{},"s":{"0":0},"f":{},"b":{}}
,"C:\\Users\\HP\\Desktop\\deeladplace\\backend\\src\\config\\database.js": {"path":"C:\\Users\\HP\\Desktop\\deeladplace\\backend\\src\\config\\database.js","statementMap":{"0":{"start":{"line":1,"column":17},"end":{"line":1,"column":30}},"1":{"start":{"line":2,"column":0},"end":{"line":2,"column":27}},"2":{"start":{"line":4,"column":13},"end":{"line":9,"column":2}},"3":{"start":{"line":12,"column":0},"end":{"line":14,"column":3}},"4":{"start":{"line":13,"column":2},"end":{"line":13,"column":52}},"5":{"start":{"line":16,"column":0},"end":{"line":18,"column":3}},"6":{"start":{"line":17,"column":2},"end":{"line":17,"column":53}},"7":{"start":{"line":20,"column":0},"end":{"line":23,"column":2}},"8":{"start":{"line":21,"column":27},"end":{"line":21,"column":51}}},"fnMap":{"0":{"name":"(anonymous_0)","decl":{"start":{"line":12,"column":19},"end":{"line":12,"column":20}},"loc":{"start":{"line":12,"column":25},"end":{"line":14,"column":1}},"line":12},"1":{"name":"(anonymous_1)","decl":{"start":{"line":16,"column":17},"end":{"line":16,"column":18}},"loc":{"start":{"line":16,"column":26},"end":{"line":18,"column":1}},"line":16},"2":{"name":"(anonymous_2)","decl":{"start":{"line":21,"column":9},"end":{"line":21,"column":10}},"loc":{"start":{"line":21,"column":27},"end":{"line":21,"column":51}},"line":21}},"branchMap":{},"s":{"0":0,"1":0,"2":0,"3":0,"4":0,"5":0,"6":0,"7":0,"8":0},"f":{"0":0,"1":0,"2":0},"b":{}}
,"C:\\Users\\HP\\Desktop\\deeladplace\\backend\\src\\controllers\\auth.controller.js": {"path":"C:\\Users\\HP\\Desktop\\deeladplace\\backend\\src\\controllers\\auth.controller.js","statementMap":{"0":{"start":{"line":1,"column":11},"end":{"line":1,"column":40}},"1":{"start":{"line":2,"column":15},"end":{"line":2,"column":32}},"2":{"start":{"line":3,"column":12},"end":{"line":3,"column":35}},"3":{"start":{"line":4,"column":15},"end":{"line":4,"column":32}},"4":{"start":{"line":5,"column":15},"end":{"line":5,"column":32}},"5":{"start":{"line":6,"column":21},"end":{"line":6,"column":53}},"6":{"start":{"line":8,"column":0},"end":{"line":8,"column":16}},"7":{"start":{"line":11,"column":0},"end":{"line":13,"column":1}},"8":{"start":{"line":12,"column":2},"end":{"line":12,"column":129}},"9":{"start":{"line":14,"column":19},"end":{"line":14,"column":41}},"10":{"start":{"line":22,"column":48},"end":{"line":22,"column":56}},"11":{"start":{"line":23,"column":2},"end":{"line":25,"column":3}},"12":{"start":{"line":24,"column":4},"end":{"line":24,"column":86}},"13":{"start":{"line":27,"column":17},"end":{"line":27,"column":40}},"14":{"start":{"line":28,"column":2},"end":{"line":71,"column":3}},"15":{"start":{"line":29,"column":4},"end":{"line":29,"column":32}},"16":{"start":{"line":31,"column":22},"end":{"line":34,"column":5}},"17":{"start":{"line":35,"column":19},"end":{"line":35,"column":36}},"18":{"start":{"line":37,"column":26},"end":{"line":37,"column":57}},"19":{"start":{"line":39,"column":20},"end":{"line":39,"column":91}},"20":{"start":{"line":40,"column":19},"end":{"line":40,"column":37}},"21":{"start":{"line":42,"column":20},"end":{"line":47,"column":5}},"22":{"start":{"line":48,"column":17},"end":{"line":48,"column":32}},"23":{"start":{"line":50,"column":4},"end":{"line":50,"column":33}},"24":{"start":{"line":52,"column":18},"end":{"line":56,"column":5}},"25":{"start":{"line":59,"column":4},"end":{"line":61,"column":6}},"26":{"start":{"line":60,"column":6},"end":{"line":60,"column":57}},"27":{"start":{"line":63,"column":4},"end":{"line":63,"column":38}},"28":{"start":{"line":66,"column":4},"end":{"line":66,"column":35}},"29":{"start":{"line":67,"column":4},"end":{"line":67,"column":23}},"30":{"start":{"line":68,"column":4},"end":{"line":68,"column":75}},"31":{"start":{"line":70,"column":4},"end":{"line":70,"column":21}},"32":{"start":{"line":80,"column":30},"end":{"line":80,"column":38}},"33":{"start":{"line":81,"column":2},"end":{"line":81,"column":89}},"34":{"start":{"line":81,"column":27},"end":{"line":81,"column":89}},"35":{"start":{"line":83,"column":2},"end":{"line":130,"column":3}},"36":{"start":{"line":84,"column":19},"end":{"line":90,"column":5}},"37":{"start":{"line":92,"column":17},"end":{"line":92,"column":31}},"38":{"start":{"line":93,"column":4},"end":{"line":93,"column":77}},"39":{"start":{"line":93,"column":15},"end":{"line":93,"column":77}},"40":{"start":{"line":96,"column":4},"end":{"line":98,"column":5}},"41":{"start":{"line":97,"column":6},"end":{"line":97,"column":82}},"42":{"start":{"line":100,"column":15},"end":{"line":100,"column":71}},"43":{"start":{"line":101,"column":4},"end":{"line":101,"column":75}},"44":{"start":{"line":101,"column":13},"end":{"line":101,"column":75}},"45":{"start":{"line":103,"column":18},"end":{"line":107,"column":5}},"46":{"start":{"line":110,"column":4},"end":{"line":111,"column":78}},"47":{"start":{"line":111,"column":20},"end":{"line":111,"column":76}},"48":{"start":{"line":113,"column":4},"end":{"line":125,"column":7}},"49":{"start":{"line":128,"column":4},"end":{"line":128,"column":23}},"50":{"start":{"line":129,"column":4},"end":{"line":129,"column":52}},"51":{"start":{"line":139,"column":23},"end":{"line":184,"column":1}},"52":{"start":{"line":140,"column":2},"end":{"line":183,"column":3}},"53":{"start":{"line":141,"column":22},"end":{"line":141,"column":30}},"54":{"start":{"line":143,"column":4},"end":{"line":144,"column":84}},"55":{"start":{"line":144,"column":6},"end":{"line":144,"column":84}},"56":{"start":{"line":146,"column":23},"end":{"line":149,"column":5}},"57":{"start":{"line":152,"column":4},"end":{"line":157,"column":5}},"58":{"start":{"line":153,"column":6},"end":{"line":156,"column":9}},"59":{"start":{"line":159,"column":17},"end":{"line":159,"column":35}},"60":{"start":{"line":161,"column":23},"end":{"line":161,"column":61}},"61":{"start":{"line":162,"column":24},"end":{"line":162,"column":84}},"62":{"start":{"line":163,"column":19},"end":{"line":163,"column":56}},"63":{"start":{"line":165,"column":4},"end":{"line":170,"column":6}},"64":{"start":{"line":173,"column":4},"end":{"line":173,"column":64}},"65":{"start":{"line":175,"column":4},"end":{"line":178,"column":7}},"66":{"start":{"line":181,"column":4},"end":{"line":181,"column":51}},"67":{"start":{"line":182,"column":4},"end":{"line":182,"column":70}},"68":{"start":{"line":191,"column":22},"end":{"line":238,"column":1}},"69":{"start":{"line":192,"column":2},"end":{"line":237,"column":3}},"70":{"start":{"line":193,"column":35},"end":{"line":193,"column":43}},"71":{"start":{"line":195,"column":4},"end":{"line":197,"column":5}},"72":{"start":{"line":196,"column":6},"end":{"line":196,"column":102}},"73":{"start":{"line":200,"column":24},"end":{"line":200,"column":79}},"74":{"start":{"line":203,"column":23},"end":{"line":207,"column":5}},"75":{"start":{"line":209,"column":4},"end":{"line":211,"column":5}},"76":{"start":{"line":210,"column":6},"end":{"line":210,"column":91}},"77":{"start":{"line":213,"column":17},"end":{"line":213,"column":35}},"78":{"start":{"line":216,"column":20},"end":{"line":216,"column":54}},"79":{"start":{"line":219,"column":4},"end":{"line":224,"column":6}},"80":{"start":{"line":226,"column":4},"end":{"line":226,"column":56}},"81":{"start":{"line":229,"column":4},"end":{"line":230,"column":84}},"82":{"start":{"line":230,"column":20},"end":{"line":230,"column":82}},"83":{"start":{"line":232,"column":4},"end":{"line":232,"column":72}},"84":{"start":{"line":235,"column":4},"end":{"line":235,"column":50}},"85":{"start":{"line":236,"column":4},"end":{"line":236,"column":70}},"86":{"start":{"line":241,"column":0},"end":{"line":246,"column":2}}},"fnMap":{"0":{"name":"signup","decl":{"start":{"line":21,"column":15},"end":{"line":21,"column":21}},"loc":{"start":{"line":21,"column":32},"end":{"line":72,"column":1}},"line":21},"1":{"name":"(anonymous_1)","decl":{"start":{"line":59,"column":46},"end":{"line":59,"column":47}},"loc":{"start":{"line":60,"column":6},"end":{"line":60,"column":57}},"line":60},"2":{"name":"login","decl":{"start":{"line":79,"column":15},"end":{"line":79,"column":20}},"loc":{"start":{"line":79,"column":31},"end":{"line":131,"column":1}},"line":79},"3":{"name":"(anonymous_3)","decl":{"start":{"line":111,"column":13},"end":{"line":111,"column":14}},"loc":{"start":{"line":111,"column":20},"end":{"line":111,"column":76}},"line":111},"4":{"name":"(anonymous_4)","decl":{"start":{"line":139,"column":23},"end":{"line":139,"column":24}},"loc":{"start":{"line":139,"column":43},"end":{"line":184,"column":1}},"line":139},"5":{"name":"(anonymous_5)","decl":{"start":{"line":191,"column":22},"end":{"line":191,"column":23}},"loc":{"start":{"line":191,"column":42},"end":{"line":238,"column":1}},"line":191},"6":{"name":"(anonymous_6)","decl":{"start":{"line":230,"column":13},"end":{"line":230,"column":14}},"loc":{"start":{"line":230,"column":20},"end":{"line":230,"column":82}},"line":230}},"branchMap":{"0":{"loc":{"start":{"line":11,"column":0},"end":{"line":13,"column":1}},"type":"if","locations":[{"start":{"line":11,"column":0},"end":{"line":13,"column":1}},{"start":{},"end":{}}],"line":11},"1":{"loc":{"start":{"line":23,"column":2},"end":{"line":25,"column":3}},"type":"if","locations":[{"start":{"line":23,"column":2},"end":{"line":25,"column":3}},{"start":{},"end":{}}],"line":23},"2":{"loc":{"start":{"line":23,"column":6},"end":{"line":23,"column":40}},"type":"binary-expr","locations":[{"start":{"line":23,"column":6},"end":{"line":23,"column":12}},{"start":{"line":23,"column":16},"end":{"line":23,"column":25}},{"start":{"line":23,"column":29},"end":{"line":23,"column":40}}],"line":23},"3":{"loc":{"start":{"line":81,"column":2},"end":{"line":81,"column":89}},"type":"if","locations":[{"start":{"line":81,"column":2},"end":{"line":81,"column":89}},{"start":{},"end":{}}],"line":81},"4":{"loc":{"start":{"line":81,"column":6},"end":{"line":81,"column":25}},"type":"binary-expr","locations":[{"start":{"line":81,"column":6},"end":{"line":81,"column":12}},{"start":{"line":81,"column":16},"end":{"line":81,"column":25}}],"line":81},"5":{"loc":{"start":{"line":93,"column":4},"end":{"line":93,"column":77}},"type":"if","locations":[{"start":{"line":93,"column":4},"end":{"line":93,"column":77}},{"start":{},"end":{}}],"line":93},"6":{"loc":{"start":{"line":96,"column":4},"end":{"line":98,"column":5}},"type":"if","locations":[{"start":{"line":96,"column":4},"end":{"line":98,"column":5}},{"start":{},"end":{}}],"line":96},"7":{"loc":{"start":{"line":100,"column":46},"end":{"line":100,"column":70}},"type":"binary-expr","locations":[{"start":{"line":100,"column":46},"end":{"line":100,"column":64}},{"start":{"line":100,"column":68},"end":{"line":100,"column":70}}],"line":100},"8":{"loc":{"start":{"line":101,"column":4},"end":{"line":101,"column":75}},"type":"if","locations":[{"start":{"line":101,"column":4},"end":{"line":101,"column":75}},{"start":{},"end":{}}],"line":101},"9":{"loc":{"start":{"line":143,"column":4},"end":{"line":144,"column":84}},"type":"if","locations":[{"start":{"line":143,"column":4},"end":{"line":144,"column":84}},{"start":{},"end":{}}],"line":143},"10":{"loc":{"start":{"line":152,"column":4},"end":{"line":157,"column":5}},"type":"if","locations":[{"start":{"line":152,"column":4},"end":{"line":157,"column":5}},{"start":{},"end":{}}],"line":152},"11":{"loc":{"start":{"line":195,"column":4},"end":{"line":197,"column":5}},"type":"if","locations":[{"start":{"line":195,"column":4},"end":{"line":197,"column":5}},{"start":{},"end":{}}],"line":195},"12":{"loc":{"start":{"line":195,"column":8},"end":{"line":195,"column":30}},"type":"binary-expr","locations":[{"start":{"line":195,"column":8},"end":{"line":195,"column":14}},{"start":{"line":195,"column":18},"end":{"line":195,"column":30}}],"line":195},"13":{"loc":{"start":{"line":209,"column":4},"end":{"line":211,"column":5}},"type":"if","locations":[{"start":{"line":209,"column":4},"end":{"line":211,"column":5}},{"start":{},"end":{}}],"line":209}},"s":{"0":0,"1":0,"2":0,"3":0,"4":0,"5":0,"6":0,"7":0,"8":0,"9":0,"10":0,"11":0,"12":0,"13":0,"14":0,"15":0,"16":0,"17":0,"18":0,"19":0,"20":0,"21":0,"22":0,"23":0,"24":0,"25":0,"26":0,"27":0,"28":0,"29":0,"30":0,"31":0,"32":0,"33":0,"34":0,"35":0,"36":0,"37":0,"38":0,"39":0,"40":0,"41":0,"42":0,"43":0,"44":0,"45":0,"46":0,"47":0,"48":0,"49":0,"50":0,"51":0,"52":0,"53":0,"54":0,"55":0,"56":0,"57":0,"58":0,"59":0,"60":0,"61":0,"62":0,"63":0,"64":0,"65":0,"66":0,"67":0,"68":0,"69":0,"70":0,"71":0,"72":0,"73":0,"74":0,"75":0,"76":0,"77":0,"78":0,"79":0,"80":0,"81":0,"82":0,"83":0,"84":0,"85":0,"86":0},"f":{"0":0,"1":0,"2":0,"3":0,"4":0,"5":0,"6":0},"b":{"0":[0,0],"1":[0,0],"2":[0,0,0],"3":[0,0],"4":[0,0],"5":[0,0],"6":[0,0],"7":[0,0],"8":[0,0],"9":[0,0],"10":[0,0],"11":[0,0],"12":[0,0],"13":[0,0]}}
,"C:\\Users\\HP\\Desktop\\deeladplace\\backend\\src\\controllers\\costing.controller.js": {"path":"C:\\Users\\HP\\Desktop\\deeladplace\\backend\\src\\controllers\\costing.controller.js","statementMap":{"0":{"start":{"line":1,"column":16},"end":{"line":1,"column":54}},"1":{"start":{"line":4,"column":19},"end":{"line":4,"column":37}},"2":{"start":{"line":5,"column":20},"end":{"line":5,"column":48}},"3":{"start":{"line":8,"column":53},"end":{"line":8,"column":61}},"4":{"start":{"line":10,"column":2},"end":{"line":24,"column":3}},"5":{"start":{"line":11,"column":17},"end":{"line":15,"column":6}},"6":{"start":{"line":17,"column":4},"end":{"line":20,"column":7}},"7":{"start":{"line":22,"column":4},"end":{"line":22,"column":41}},"8":{"start":{"line":23,"column":4},"end":{"line":23,"column":54}},"9":{"start":{"line":28,"column":19},"end":{"line":28,"column":37}},"10":{"start":{"line":29,"column":20},"end":{"line":29,"column":48}},"11":{"start":{"line":30,"column":18},"end":{"line":30,"column":26}},"12":{"start":{"line":32,"column":2},"end":{"line":49,"column":4}},"13":{"start":{"line":51,"column":2},"end":{"line":51,"column":25}},"14":{"start":{"line":54,"column":0},"end":{"line":54,"column":43}}},"fnMap":{"0":{"name":"compute","decl":{"start":{"line":3,"column":15},"end":{"line":3,"column":22}},"loc":{"start":{"line":3,"column":33},"end":{"line":25,"column":1}},"line":3},"1":{"name":"saveSnapshot","decl":{"start":{"line":27,"column":15},"end":{"line":27,"column":27}},"loc":{"start":{"line":27,"column":38},"end":{"line":52,"column":1}},"line":27}},"branchMap":{"0":{"loc":{"start":{"line":12,"column":21},"end":{"line":12,"column":73}},"type":"cond-expr","locations":[{"start":{"line":12,"column":45},"end":{"line":12,"column":66}},{"start":{"line":12,"column":69},"end":{"line":12,"column":73}}],"line":12},"1":{"loc":{"start":{"line":13,"column":20},"end":{"line":13,"column":70}},"type":"cond-expr","locations":[{"start":{"line":13,"column":43},"end":{"line":13,"column":63}},{"start":{"line":13,"column":66},"end":{"line":13,"column":70}}],"line":13},"2":{"loc":{"start":{"line":14,"column":17},"end":{"line":14,"column":61}},"type":"cond-expr","locations":[{"start":{"line":14,"column":37},"end":{"line":14,"column":54}},{"start":{"line":14,"column":57},"end":{"line":14,"column":61}}],"line":14},"3":{"loc":{"start":{"line":41,"column":21},"end":{"line":41,"column":52}},"type":"binary-expr","locations":[{"start":{"line":41,"column":21},"end":{"line":41,"column":46}},{"start":{"line":41,"column":50},"end":{"line":41,"column":52}}],"line":41}},"s":{"0":0,"1":0,"2":0,"3":0,"4":0,"5":0,"6":0,"7":0,"8":0,"9":0,"10":0,"11":0,"12":0,"13":0,"14":0},"f":{"0":0,"1":0},"b":{"0":[0,0],"1":[0,0],"2":[0,0],"3":[0,0]}}
,"C:\\Users\\HP\\Desktop\\deeladplace\\backend\\src\\controllers\\expenseController.js": {"path":"C:\\Users\\HP\\Desktop\\deeladplace\\backend\\src\\controllers\\expenseController.js","statementMap":{"0":{"start":{"line":1,"column":16},"end":{"line":1,"column":44}},"1":{"start":{"line":3,"column":0},"end":{"line":42,"column":2}},"2":{"start":{"line":4,"column":2},"end":{"line":41,"column":3}},"3":{"start":{"line":5,"column":21},"end":{"line":5,"column":39}},"4":{"start":{"line":7,"column":4},"end":{"line":9,"column":5}},"5":{"start":{"line":8,"column":6},"end":{"line":8,"column":84}},"6":{"start":{"line":18,"column":8},"end":{"line":18,"column":16}},"7":{"start":{"line":20,"column":20},"end":{"line":28,"column":6}},"8":{"start":{"line":30,"column":4},"end":{"line":33,"column":7}},"9":{"start":{"line":36,"column":4},"end":{"line":36,"column":50}},"10":{"start":{"line":37,"column":4},"end":{"line":40,"column":7}},"11":{"start":{"line":45,"column":0},"end":{"line":63,"column":2}},"12":{"start":{"line":46,"column":2},"end":{"line":62,"column":3}},"13":{"start":{"line":47,"column":21},"end":{"line":47,"column":39}},"14":{"start":{"line":49,"column":20},"end":{"line":49,"column":66}},"15":{"start":{"line":51,"column":4},"end":{"line":54,"column":7}},"16":{"start":{"line":57,"column":4},"end":{"line":57,"column":55}},"17":{"start":{"line":58,"column":4},"end":{"line":61,"column":7}},"18":{"start":{"line":66,"column":0},"end":{"line":84,"column":2}},"19":{"start":{"line":67,"column":2},"end":{"line":83,"column":3}},"20":{"start":{"line":68,"column":21},"end":{"line":68,"column":39}},"21":{"start":{"line":70,"column":21},"end":{"line":70,"column":56}},"22":{"start":{"line":72,"column":4},"end":{"line":75,"column":7}},"23":{"start":{"line":78,"column":4},"end":{"line":78,"column":52}},"24":{"start":{"line":79,"column":4},"end":{"line":82,"column":7}},"25":{"start":{"line":87,"column":0},"end":{"line":113,"column":2}},"26":{"start":{"line":88,"column":2},"end":{"line":112,"column":3}},"27":{"start":{"line":89,"column":21},"end":{"line":89,"column":39}},"28":{"start":{"line":90,"column":19},"end":{"line":90,"column":29}},"29":{"start":{"line":92,"column":27},"end":{"line":92,"column":75}},"30":{"start":{"line":94,"column":4},"end":{"line":99,"column":5}},"31":{"start":{"line":95,"column":6},"end":{"line":98,"column":9}},"32":{"start":{"line":101,"column":4},"end":{"line":104,"column":7}},"33":{"start":{"line":107,"column":4},"end":{"line":107,"column":50}},"34":{"start":{"line":108,"column":4},"end":{"line":111,"column":7}},"35":{"start":{"line":116,"column":0},"end":{"line":142,"column":2}},"36":{"start":{"line":117,"column":2},"end":{"line":141,"column":3}},"37":{"start":{"line":118,"column":21},"end":{"line":118,"column":39}},"38":{"start":{"line":119,"column":19},"end":{"line":119,"column":29}},"39":{"start":{"line":121,"column":20},"end":{"line":121,"column":58}},"40":{"start":{"line":123,"column":4},"end":{"line":128,"column":5}},"41":{"start":{"line":124,"column":6},"end":{"line":127,"column":9}},"42":{"start":{"line":130,"column":4},"end":{"line":133,"column":7}},"43":{"start":{"line":136,"column":4},"end":{"line":136,"column":50}},"44":{"start":{"line":137,"column":4},"end":{"line":140,"column":7}}},"fnMap":{"0":{"name":"(anonymous_0)","decl":{"start":{"line":3,"column":24},"end":{"line":3,"column":25}},"loc":{"start":{"line":3,"column":44},"end":{"line":42,"column":1}},"line":3},"1":{"name":"(anonymous_1)","decl":{"start":{"line":45,"column":28},"end":{"line":45,"column":29}},"loc":{"start":{"line":45,"column":48},"end":{"line":63,"column":1}},"line":45},"2":{"name":"(anonymous_2)","decl":{"start":{"line":66,"column":25},"end":{"line":66,"column":26}},"loc":{"start":{"line":66,"column":45},"end":{"line":84,"column":1}},"line":66},"3":{"name":"(anonymous_3)","decl":{"start":{"line":87,"column":24},"end":{"line":87,"column":25}},"loc":{"start":{"line":87,"column":44},"end":{"line":113,"column":1}},"line":87},"4":{"name":"(anonymous_4)","decl":{"start":{"line":116,"column":24},"end":{"line":116,"column":25}},"loc":{"start":{"line":116,"column":44},"end":{"line":142,"column":1}},"line":116}},"branchMap":{"0":{"loc":{"start":{"line":7,"column":4},"end":{"line":9,"column":5}},"type":"if","locations":[{"start":{"line":7,"column":4},"end":{"line":9,"column":5}},{"start":{},"end":{}}],"line":7},"1":{"loc":{"start":{"line":27,"column":20},"end":{"line":27,"column":46}},"type":"binary-expr","locations":[{"start":{"line":27,"column":20},"end":{"line":27,"column":32}},{"start":{"line":27,"column":36},"end":{"line":27,"column":46}}],"line":27},"2":{"loc":{"start":{"line":94,"column":4},"end":{"line":99,"column":5}},"type":"if","locations":[{"start":{"line":94,"column":4},"end":{"line":99,"column":5}},{"start":{},"end":{}}],"line":94},"3":{"loc":{"start":{"line":123,"column":4},"end":{"line":128,"column":5}},"type":"if","locations":[{"start":{"line":123,"column":4},"end":{"line":128,"column":5}},{"start":{},"end":{}}],"line":123}},"s":{"0":0,"1":0,"2":0,"3":0,"4":0,"5":0,"6":0,"7":0,"8":0,"9":0,"10":0,"11":0,"12":0,"13":0,"14":0,"15":0,"16":0,"17":0,"18":0,"19":0,"20":0,"21":0,"22":0,"23":0,"24":0,"25":0,"26":0,"27":0,"28":0,"29":0,"30":0,"31":0,"32":0,"33":0,"34":0,"35":0,"36":0,"37":0,"38":0,"39":0,"40":0,"41":0,"42":0,"43":0,"44":0},"f":{"0":0,"1":0,"2":0,"3":0,"4":0},"b":{"0":[0,0],"1":[0,0],"2":[0,0],"3":[0,0]}}
,"C:\\Users\\HP\\Desktop\\deeladplace\\backend\\src\\controllers\\inventory.controller.js": {"path":"C:\\Users\\HP\\Desktop\\deeladplace\\backend\\src\\controllers\\inventory.controller.js","statementMap":{"0":{"start":{"line":2,"column":11},"end":{"line":2,"column":40}},"1":{"start":{"line":3,"column":21},"end":{"line":3,"column":57}},"2":{"start":{"line":6,"column":19},"end":{"line":6,"column":37}},"3":{"start":{"line":7,"column":17},"end":{"line":7,"column":47}},"4":{"start":{"line":16,"column":6},"end":{"line":16,"column":14}},"5":{"start":{"line":19,"column":2},"end":{"line":24,"column":3}},"6":{"start":{"line":20,"column":4},"end":{"line":23,"column":7}},"7":{"start":{"line":26,"column":2},"end":{"line":59,"column":3}},"8":{"start":{"line":28,"column":21},"end":{"line":38,"column":6}},"9":{"start":{"line":41,"column":25},"end":{"line":41,"column":62}},"10":{"start":{"line":42,"column":18},"end":{"line":42,"column":83}},"11":{"start":{"line":45,"column":18},"end":{"line":51,"column":5}},"12":{"start":{"line":54,"column":4},"end":{"line":54,"column":49}},"13":{"start":{"line":57,"column":4},"end":{"line":57,"column":23}},"14":{"start":{"line":58,"column":4},"end":{"line":58,"column":89}},"15":{"start":{"line":63,"column":19},"end":{"line":63,"column":37}},"16":{"start":{"line":64,"column":17},"end":{"line":64,"column":47}},"17":{"start":{"line":65,"column":31},"end":{"line":65,"column":39}},"18":{"start":{"line":67,"column":2},"end":{"line":69,"column":3}},"19":{"start":{"line":68,"column":4},"end":{"line":68,"column":88}},"20":{"start":{"line":71,"column":2},"end":{"line":109,"column":3}},"21":{"start":{"line":72,"column":20},"end":{"line":72,"column":22}},"22":{"start":{"line":74,"column":4},"end":{"line":103,"column":5}},"23":{"start":{"line":75,"column":77},"end":{"line":75,"column":81}},"24":{"start":{"line":77,"column":6},"end":{"line":79,"column":7}},"25":{"start":{"line":78,"column":8},"end":{"line":78,"column":107}},"26":{"start":{"line":82,"column":23},"end":{"line":91,"column":8}},"27":{"start":{"line":94,"column":20},"end":{"line":100,"column":7}},"28":{"start":{"line":102,"column":6},"end":{"line":102,"column":40}},"29":{"start":{"line":105,"column":4},"end":{"line":105,"column":48}},"30":{"start":{"line":107,"column":4},"end":{"line":107,"column":23}},"31":{"start":{"line":108,"column":4},"end":{"line":108,"column":101}},"32":{"start":{"line":113,"column":19},"end":{"line":113,"column":37}},"33":{"start":{"line":114,"column":17},"end":{"line":114,"column":47}},"34":{"start":{"line":115,"column":41},"end":{"line":115,"column":49}},"35":{"start":{"line":117,"column":2},"end":{"line":119,"column":3}},"36":{"start":{"line":118,"column":4},"end":{"line":118,"column":96}},"37":{"start":{"line":121,"column":2},"end":{"line":175,"column":3}},"38":{"start":{"line":123,"column":22},"end":{"line":126,"column":5}},"39":{"start":{"line":128,"column":4},"end":{"line":133,"column":5}},"40":{"start":{"line":129,"column":6},"end":{"line":132,"column":9}},"41":{"start":{"line":136,"column":20},"end":{"line":141,"column":5}},"42":{"start":{"line":143,"column":26},"end":{"line":143,"column":76}},"43":{"start":{"line":144,"column":23},"end":{"line":144,"column":42}},"44":{"start":{"line":147,"column":22},"end":{"line":150,"column":5}},"45":{"start":{"line":152,"column":22},"end":{"line":152,"column":76}},"46":{"start":{"line":155,"column":24},"end":{"line":161,"column":5}},"47":{"start":{"line":164,"column":18},"end":{"line":164,"column":108}},"48":{"start":{"line":166,"column":4},"end":{"line":170,"column":7}},"49":{"start":{"line":173,"column":4},"end":{"line":173,"column":23}},"50":{"start":{"line":174,"column":4},"end":{"line":174,"column":85}},"51":{"start":{"line":184,"column":0},"end":{"line":184,"column":73}}},"fnMap":{"0":{"name":"createMovement","decl":{"start":{"line":5,"column":15},"end":{"line":5,"column":29}},"loc":{"start":{"line":5,"column":40},"end":{"line":60,"column":1}},"line":5},"1":{"name":"issueToProduction","decl":{"start":{"line":62,"column":15},"end":{"line":62,"column":32}},"loc":{"start":{"line":62,"column":43},"end":{"line":110,"column":1}},"line":62},"2":{"name":"recordProduction","decl":{"start":{"line":112,"column":15},"end":{"line":112,"column":31}},"loc":{"start":{"line":112,"column":42},"end":{"line":176,"column":1}},"line":112}},"branchMap":{"0":{"loc":{"start":{"line":7,"column":17},"end":{"line":7,"column":47}},"type":"binary-expr","locations":[{"start":{"line":7,"column":17},"end":{"line":7,"column":32}},{"start":{"line":7,"column":36},"end":{"line":7,"column":47}}],"line":7},"1":{"loc":{"start":{"line":13,"column":4},"end":{"line":13,"column":20}},"type":"default-arg","locations":[{"start":{"line":13,"column":16},"end":{"line":13,"column":20}}],"line":13},"2":{"loc":{"start":{"line":14,"column":4},"end":{"line":14,"column":20}},"type":"default-arg","locations":[{"start":{"line":14,"column":16},"end":{"line":14,"column":20}}],"line":14},"3":{"loc":{"start":{"line":15,"column":4},"end":{"line":15,"column":24}},"type":"default-arg","locations":[{"start":{"line":15,"column":20},"end":{"line":15,"column":24}}],"line":15},"4":{"loc":{"start":{"line":19,"column":2},"end":{"line":24,"column":3}},"type":"if","locations":[{"start":{"line":19,"column":2},"end":{"line":24,"column":3}},{"start":{},"end":{}}],"line":19},"5":{"loc":{"start":{"line":19,"column":6},"end":{"line":19,"column":67}},"type":"binary-expr","locations":[{"start":{"line":19,"column":6},"end":{"line":19,"column":16}},{"start":{"line":19,"column":20},"end":{"line":19,"column":28}},{"start":{"line":19,"column":32},"end":{"line":19,"column":46}},{"start":{"line":19,"column":50},"end":{"line":19,"column":67}}],"line":19},"6":{"loc":{"start":{"line":42,"column":18},"end":{"line":42,"column":83}},"type":"cond-expr","locations":[{"start":{"line":42,"column":57},"end":{"line":42,"column":68}},{"start":{"line":42,"column":71},"end":{"line":42,"column":83}}],"line":42},"7":{"loc":{"start":{"line":50,"column":6},"end":{"line":50,"column":56}},"type":"cond-expr","locations":[{"start":{"line":50,"column":31},"end":{"line":50,"column":44}},{"start":{"line":50,"column":47},"end":{"line":50,"column":56}}],"line":50},"8":{"loc":{"start":{"line":64,"column":17},"end":{"line":64,"column":47}},"type":"binary-expr","locations":[{"start":{"line":64,"column":17},"end":{"line":64,"column":32}},{"start":{"line":64,"column":36},"end":{"line":64,"column":47}}],"line":64},"9":{"loc":{"start":{"line":67,"column":2},"end":{"line":69,"column":3}},"type":"if","locations":[{"start":{"line":67,"column":2},"end":{"line":69,"column":3}},{"start":{},"end":{}}],"line":67},"10":{"loc":{"start":{"line":67,"column":6},"end":{"line":67,"column":59}},"type":"binary-expr","locations":[{"start":{"line":67,"column":6},"end":{"line":67,"column":12}},{"start":{"line":67,"column":16},"end":{"line":67,"column":37}},{"start":{"line":67,"column":41},"end":{"line":67,"column":59}}],"line":67},"11":{"loc":{"start":{"line":75,"column":23},"end":{"line":75,"column":45}},"type":"default-arg","locations":[{"start":{"line":75,"column":35},"end":{"line":75,"column":45}}],"line":75},"12":{"loc":{"start":{"line":75,"column":52},"end":{"line":75,"column":72}},"type":"default-arg","locations":[{"start":{"line":75,"column":68},"end":{"line":75,"column":72}}],"line":75},"13":{"loc":{"start":{"line":77,"column":6},"end":{"line":79,"column":7}},"type":"if","locations":[{"start":{"line":77,"column":6},"end":{"line":79,"column":7}},{"start":{},"end":{}}],"line":77},"14":{"loc":{"start":{"line":77,"column":10},"end":{"line":77,"column":39}},"type":"binary-expr","locations":[{"start":{"line":77,"column":10},"end":{"line":77,"column":18}},{"start":{"line":77,"column":22},"end":{"line":77,"column":39}}],"line":77},"15":{"loc":{"start":{"line":99,"column":8},"end":{"line":99,"column":58}},"type":"cond-expr","locations":[{"start":{"line":99,"column":33},"end":{"line":99,"column":46}},{"start":{"line":99,"column":49},"end":{"line":99,"column":58}}],"line":99},"16":{"loc":{"start":{"line":114,"column":17},"end":{"line":114,"column":47}},"type":"binary-expr","locations":[{"start":{"line":114,"column":17},"end":{"line":114,"column":32}},{"start":{"line":114,"column":36},"end":{"line":114,"column":47}}],"line":114},"17":{"loc":{"start":{"line":117,"column":2},"end":{"line":119,"column":3}},"type":"if","locations":[{"start":{"line":117,"column":2},"end":{"line":119,"column":3}},{"start":{},"end":{}}],"line":117},"18":{"loc":{"start":{"line":117,"column":6},"end":{"line":117,"column":25}},"type":"binary-expr","locations":[{"start":{"line":117,"column":6},"end":{"line":117,"column":17}},{"start":{"line":117,"column":21},"end":{"line":117,"column":25}}],"line":117},"19":{"loc":{"start":{"line":128,"column":4},"end":{"line":133,"column":5}},"type":"if","locations":[{"start":{"line":128,"column":4},"end":{"line":133,"column":5}},{"start":{},"end":{}}],"line":128},"20":{"loc":{"start":{"line":143,"column":26},"end":{"line":143,"column":76}},"type":"cond-expr","locations":[{"start":{"line":143,"column":44},"end":{"line":143,"column":72}},{"start":{"line":143,"column":75},"end":{"line":143,"column":76}}],"line":143},"21":{"loc":{"start":{"line":152,"column":22},"end":{"line":152,"column":76}},"type":"cond-expr","locations":[{"start":{"line":152,"column":42},"end":{"line":152,"column":69}},{"start":{"line":152,"column":72},"end":{"line":152,"column":76}}],"line":152}},"s":{"0":0,"1":0,"2":0,"3":0,"4":0,"5":0,"6":0,"7":0,"8":0,"9":0,"10":0,"11":0,"12":0,"13":0,"14":0,"15":0,"16":0,"17":0,"18":0,"19":0,"20":0,"21":0,"22":0,"23":0,"24":0,"25":0,"26":0,"27":0,"28":0,"29":0,"30":0,"31":0,"32":0,"33":0,"34":0,"35":0,"36":0,"37":0,"38":0,"39":0,"40":0,"41":0,"42":0,"43":0,"44":0,"45":0,"46":0,"47":0,"48":0,"49":0,"50":0,"51":0},"f":{"0":0,"1":0,"2":0},"b":{"0":[0,0],"1":[0],"2":[0],"3":[0],"4":[0,0],"5":[0,0,0,0],"6":[0,0],"7":[0,0],"8":[0,0],"9":[0,0],"10":[0,0,0],"11":[0],"12":[0],"13":[0,0],"14":[0,0],"15":[0,0],"16":[0,0],"17":[0,0],"18":[0,0],"19":[0,0],"20":[0,0],"21":[0,0]}}
,"C:\\Users\\HP\\Desktop\\deeladplace\\backend\\src\\controllers\\inventoryController.js": {"path":"C:\\Users\\HP\\Desktop\\deeladplace\\backend\\src\\controllers\\inventoryController.js","statementMap":{"0":{"start":{"line":1,"column":18},"end":{"line":1,"column":48}},"1":{"start":{"line":3,"column":32},"end":{"line":29,"column":1}},"2":{"start":{"line":4,"column":2},"end":{"line":28,"column":3}},"3":{"start":{"line":5,"column":80},"end":{"line":5,"column":88}},"4":{"start":{"line":7,"column":21},"end":{"line":14,"column":6}},"5":{"start":{"line":16,"column":4},"end":{"line":20,"column":7}},"6":{"start":{"line":23,"column":4},"end":{"line":23,"column":61}},"7":{"start":{"line":24,"column":4},"end":{"line":27,"column":7}},"8":{"start":{"line":31,"column":26},"end":{"line":46,"column":1}},"9":{"start":{"line":32,"column":2},"end":{"line":45,"column":3}},"10":{"start":{"line":33,"column":19},"end":{"line":33,"column":54}},"11":{"start":{"line":34,"column":4},"end":{"line":38,"column":7}},"12":{"start":{"line":40,"column":4},"end":{"line":40,"column":56}},"13":{"start":{"line":41,"column":4},"end":{"line":44,"column":7}},"14":{"start":{"line":49,"column":26},"end":{"line":57,"column":1}},"15":{"start":{"line":50,"column":2},"end":{"line":56,"column":3}},"16":{"start":{"line":51,"column":17},"end":{"line":51,"column":52}},"17":{"start":{"line":52,"column":4},"end":{"line":52,"column":38}},"18":{"start":{"line":54,"column":4},"end":{"line":54,"column":54}},"19":{"start":{"line":55,"column":4},"end":{"line":55,"column":86}},"20":{"start":{"line":59,"column":27},"end":{"line":68,"column":1}},"21":{"start":{"line":60,"column":2},"end":{"line":67,"column":3}},"22":{"start":{"line":61,"column":21},"end":{"line":61,"column":31}},"23":{"start":{"line":62,"column":22},"end":{"line":62,"column":62}},"24":{"start":{"line":63,"column":4},"end":{"line":63,"column":49}},"25":{"start":{"line":65,"column":4},"end":{"line":65,"column":55}},"26":{"start":{"line":66,"column":4},"end":{"line":66,"column":83}},"27":{"start":{"line":73,"column":0},"end":{"line":78,"column":2}}},"fnMap":{"0":{"name":"(anonymous_0)","decl":{"start":{"line":3,"column":32},"end":{"line":3,"column":33}},"loc":{"start":{"line":3,"column":52},"end":{"line":29,"column":1}},"line":3},"1":{"name":"(anonymous_1)","decl":{"start":{"line":31,"column":26},"end":{"line":31,"column":27}},"loc":{"start":{"line":31,"column":46},"end":{"line":46,"column":1}},"line":31},"2":{"name":"(anonymous_2)","decl":{"start":{"line":49,"column":26},"end":{"line":49,"column":27}},"loc":{"start":{"line":49,"column":46},"end":{"line":57,"column":1}},"line":49},"3":{"name":"(anonymous_3)","decl":{"start":{"line":59,"column":27},"end":{"line":59,"column":28}},"loc":{"start":{"line":59,"column":47},"end":{"line":68,"column":1}},"line":59}},"branchMap":{"0":{"loc":{"start":{"line":13,"column":21},"end":{"line":13,"column":48}},"type":"binary-expr","locations":[{"start":{"line":13,"column":21},"end":{"line":13,"column":34}},{"start":{"line":13,"column":38},"end":{"line":13,"column":48}}],"line":13}},"s":{"0":0,"1":0,"2":0,"3":0,"4":0,"5":0,"6":0,"7":0,"8":0,"9":0,"10":0,"11":0,"12":0,"13":0,"14":0,"15":0,"16":0,"17":0,"18":0,"19":0,"20":0,"21":0,"22":0,"23":0,"24":0,"25":0,"26":0,"27":0},"f":{"0":0,"1":0,"2":0,"3":0},"b":{"0":[0,0]}}
,"C:\\Users\\HP\\Desktop\\deeladplace\\backend\\src\\controllers\\invite.controller.js": {"path":"C:\\Users\\HP\\Desktop\\deeladplace\\backend\\src\\controllers\\invite.controller.js","statementMap":{"0":{"start":{"line":2,"column":11},"end":{"line":2,"column":40}},"1":{"start":{"line":3,"column":23},"end":{"line":3,"column":38}},"2":{"start":{"line":4,"column":15},"end":{"line":4,"column":32}},"3":{"start":{"line":5,"column":21},"end":{"line":5,"column":53}},"4":{"start":{"line":13,"column":2},"end":{"line":89,"column":3}},"5":{"start":{"line":14,"column":20},"end":{"line":14,"column":28}},"6":{"start":{"line":15,"column":33},"end":{"line":15,"column":41}},"7":{"start":{"line":17,"column":4},"end":{"line":18,"column":64}},"8":{"start":{"line":18,"column":6},"end":{"line":18,"column":64}},"9":{"start":{"line":21,"column":23},"end":{"line":25,"column":5}},"10":{"start":{"line":26,"column":24},"end":{"line":26,"column":42}},"11":{"start":{"line":28,"column":4},"end":{"line":29,"column":66}},"12":{"start":{"line":29,"column":6},"end":{"line":29,"column":66}},"13":{"start":{"line":32,"column":20},"end":{"line":35,"column":5}},"14":{"start":{"line":36,"column":4},"end":{"line":37,"column":61}},"15":{"start":{"line":37,"column":6},"end":{"line":37,"column":61}},"16":{"start":{"line":39,"column":19},"end":{"line":39,"column":37}},"17":{"start":{"line":42,"column":29},"end":{"line":45,"column":5}},"18":{"start":{"line":46,"column":4},"end":{"line":48,"column":5}},"19":{"start":{"line":47,"column":6},"end":{"line":47,"column":95}},"20":{"start":{"line":51,"column":26},"end":{"line":54,"column":5}},"21":{"start":{"line":55,"column":4},"end":{"line":57,"column":5}},"22":{"start":{"line":56,"column":6},"end":{"line":56,"column":76}},"23":{"start":{"line":59,"column":18},"end":{"line":59,"column":26}},"24":{"start":{"line":62,"column":4},"end":{"line":75,"column":6}},"25":{"start":{"line":78,"column":4},"end":{"line":83,"column":7}},"26":{"start":{"line":85,"column":4},"end":{"line":85,"column":64}},"27":{"start":{"line":87,"column":4},"end":{"line":87,"column":40}},"28":{"start":{"line":88,"column":4},"end":{"line":88,"column":61}},"29":{"start":{"line":100,"column":2},"end":{"line":221,"column":3}},"30":{"start":{"line":101,"column":38},"end":{"line":101,"column":46}},"31":{"start":{"line":103,"column":4},"end":{"line":104,"column":74}},"32":{"start":{"line":104,"column":6},"end":{"line":104,"column":74}},"33":{"start":{"line":107,"column":22},"end":{"line":112,"column":5}},"34":{"start":{"line":114,"column":19},"end":{"line":114,"column":36}},"35":{"start":{"line":115,"column":4},"end":{"line":116,"column":80}},"36":{"start":{"line":116,"column":6},"end":{"line":116,"column":80}},"37":{"start":{"line":118,"column":26},"end":{"line":118,"column":57}},"38":{"start":{"line":119,"column":22},"end":{"line":119,"column":56}},"39":{"start":{"line":126,"column":28},"end":{"line":130,"column":5}},"40":{"start":{"line":132,"column":25},"end":{"line":132,"column":48}},"41":{"start":{"line":139,"column":4},"end":{"line":171,"column":5}},"42":{"start":{"line":140,"column":29},"end":{"line":158,"column":7}},"43":{"start":{"line":161,"column":6},"end":{"line":164,"column":8}},"44":{"start":{"line":166,"column":6},"end":{"line":170,"column":9}},"45":{"start":{"line":178,"column":4},"end":{"line":182,"column":5}},"46":{"start":{"line":179,"column":6},"end":{"line":181,"column":64}},"47":{"start":{"line":189,"column":23},"end":{"line":204,"column":5}},"48":{"start":{"line":207,"column":4},"end":{"line":210,"column":6}},"49":{"start":{"line":212,"column":4},"end":{"line":216,"column":7}},"50":{"start":{"line":219,"column":4},"end":{"line":219,"column":47}},"51":{"start":{"line":220,"column":4},"end":{"line":220,"column":68}},"52":{"start":{"line":230,"column":2},"end":{"line":248,"column":3}},"53":{"start":{"line":231,"column":17},"end":{"line":231,"column":25}},"54":{"start":{"line":232,"column":4},"end":{"line":233,"column":64}},"55":{"start":{"line":233,"column":6},"end":{"line":233,"column":64}},"56":{"start":{"line":235,"column":23},"end":{"line":242,"column":5}},"57":{"start":{"line":244,"column":4},"end":{"line":244,"column":53}},"58":{"start":{"line":246,"column":4},"end":{"line":246,"column":45}},"59":{"start":{"line":247,"column":4},"end":{"line":247,"column":61}},"60":{"start":{"line":255,"column":2},"end":{"line":297,"column":3}},"61":{"start":{"line":256,"column":17},"end":{"line":256,"column":25}},"62":{"start":{"line":257,"column":19},"end":{"line":257,"column":29}},"63":{"start":{"line":259,"column":4},"end":{"line":260,"column":64}},"64":{"start":{"line":260,"column":6},"end":{"line":260,"column":64}},"65":{"start":{"line":263,"column":22},"end":{"line":266,"column":5}},"66":{"start":{"line":268,"column":19},"end":{"line":268,"column":36}},"67":{"start":{"line":269,"column":4},"end":{"line":269,"column":76}},"68":{"start":{"line":269,"column":17},"end":{"line":269,"column":76}},"69":{"start":{"line":272,"column":4},"end":{"line":279,"column":5}},"70":{"start":{"line":274,"column":6},"end":{"line":277,"column":8}},"71":{"start":{"line":278,"column":6},"end":{"line":278,"column":86}},"72":{"start":{"line":282,"column":4},"end":{"line":285,"column":6}},"73":{"start":{"line":288,"column":4},"end":{"line":291,"column":6}},"74":{"start":{"line":293,"column":4},"end":{"line":293,"column":80}},"75":{"start":{"line":295,"column":4},"end":{"line":295,"column":47}},"76":{"start":{"line":296,"column":4},"end":{"line":296,"column":61}},"77":{"start":{"line":301,"column":2},"end":{"line":323,"column":3}},"78":{"start":{"line":302,"column":17},"end":{"line":302,"column":25}},"79":{"start":{"line":303,"column":19},"end":{"line":303,"column":29}},"80":{"start":{"line":305,"column":4},"end":{"line":306,"column":64}},"81":{"start":{"line":306,"column":6},"end":{"line":306,"column":64}},"82":{"start":{"line":309,"column":22},"end":{"line":312,"column":5}},"83":{"start":{"line":314,"column":4},"end":{"line":315,"column":75}},"84":{"start":{"line":315,"column":6},"end":{"line":315,"column":75}},"85":{"start":{"line":317,"column":4},"end":{"line":317,"column":67}},"86":{"start":{"line":319,"column":4},"end":{"line":319,"column":77}},"87":{"start":{"line":321,"column":4},"end":{"line":321,"column":47}},"88":{"start":{"line":322,"column":4},"end":{"line":322,"column":61}},"89":{"start":{"line":327,"column":0},"end":{"line":327,"column":90}}},"fnMap":{"0":{"name":"inviteUser","decl":{"start":{"line":12,"column":15},"end":{"line":12,"column":25}},"loc":{"start":{"line":12,"column":36},"end":{"line":90,"column":1}},"line":12},"1":{"name":"acceptInvite","decl":{"start":{"line":99,"column":15},"end":{"line":99,"column":27}},"loc":{"start":{"line":99,"column":38},"end":{"line":222,"column":1}},"line":99},"2":{"name":"getUserInvites","decl":{"start":{"line":229,"column":15},"end":{"line":229,"column":29}},"loc":{"start":{"line":229,"column":40},"end":{"line":249,"column":1}},"line":229},"3":{"name":"cancelInvite","decl":{"start":{"line":254,"column":15},"end":{"line":254,"column":27}},"loc":{"start":{"line":254,"column":38},"end":{"line":298,"column":1}},"line":254},"4":{"name":"deleteInvite","decl":{"start":{"line":300,"column":15},"end":{"line":300,"column":27}},"loc":{"start":{"line":300,"column":38},"end":{"line":324,"column":1}},"line":300}},"branchMap":{"0":{"loc":{"start":{"line":17,"column":4},"end":{"line":18,"column":64}},"type":"if","locations":[{"start":{"line":17,"column":4},"end":{"line":18,"column":64}},{"start":{},"end":{}}],"line":17},"1":{"loc":{"start":{"line":17,"column":8},"end":{"line":17,"column":38}},"type":"binary-expr","locations":[{"start":{"line":17,"column":8},"end":{"line":17,"column":16}},{"start":{"line":17,"column":20},"end":{"line":17,"column":38}}],"line":17},"2":{"loc":{"start":{"line":28,"column":4},"end":{"line":29,"column":66}},"type":"if","locations":[{"start":{"line":28,"column":4},"end":{"line":29,"column":66}},{"start":{},"end":{}}],"line":28},"3":{"loc":{"start":{"line":36,"column":4},"end":{"line":37,"column":61}},"type":"if","locations":[{"start":{"line":36,"column":4},"end":{"line":37,"column":61}},{"start":{},"end":{}}],"line":36},"4":{"loc":{"start":{"line":46,"column":4},"end":{"line":48,"column":5}},"type":"if","locations":[{"start":{"line":46,"column":4},"end":{"line":48,"column":5}},{"start":{},"end":{}}],"line":46},"5":{"loc":{"start":{"line":55,"column":4},"end":{"line":57,"column":5}},"type":"if","locations":[{"start":{"line":55,"column":4},"end":{"line":57,"column":5}},{"start":{},"end":{}}],"line":55},"6":{"loc":{"start":{"line":103,"column":4},"end":{"line":104,"column":74}},"type":"if","locations":[{"start":{"line":103,"column":4},"end":{"line":104,"column":74}},{"start":{},"end":{}}],"line":103},"7":{"loc":{"start":{"line":103,"column":8},"end":{"line":103,"column":27}},"type":"binary-expr","locations":[{"start":{"line":103,"column":8},"end":{"line":103,"column":14}},{"start":{"line":103,"column":18},"end":{"line":103,"column":27}}],"line":103},"8":{"loc":{"start":{"line":115,"column":4},"end":{"line":116,"column":80}},"type":"if","locations":[{"start":{"line":115,"column":4},"end":{"line":116,"column":80}},{"start":{},"end":{}}],"line":115},"9":{"loc":{"start":{"line":119,"column":22},"end":{"line":119,"column":56}},"type":"binary-expr","locations":[{"start":{"line":119,"column":22},"end":{"line":119,"column":26}},{"start":{"line":119,"column":30},"end":{"line":119,"column":56}}],"line":119},"10":{"loc":{"start":{"line":139,"column":4},"end":{"line":171,"column":5}},"type":"if","locations":[{"start":{"line":139,"column":4},"end":{"line":171,"column":5}},{"start":{},"end":{}}],"line":139},"11":{"loc":{"start":{"line":139,"column":8},"end":{"line":139,"column":58}},"type":"binary-expr","locations":[{"start":{"line":139,"column":8},"end":{"line":139,"column":20}},{"start":{"line":139,"column":24},"end":{"line":139,"column":58}}],"line":139},"12":{"loc":{"start":{"line":178,"column":4},"end":{"line":182,"column":5}},"type":"if","locations":[{"start":{"line":178,"column":4},"end":{"line":182,"column":5}},{"start":{},"end":{}}],"line":178},"13":{"loc":{"start":{"line":178,"column":8},"end":{"line":178,"column":56}},"type":"binary-expr","locations":[{"start":{"line":178,"column":8},"end":{"line":178,"column":20}},{"start":{"line":178,"column":24},"end":{"line":178,"column":56}}],"line":178},"14":{"loc":{"start":{"line":232,"column":4},"end":{"line":233,"column":64}},"type":"if","locations":[{"start":{"line":232,"column":4},"end":{"line":233,"column":64}},{"start":{},"end":{}}],"line":232},"15":{"loc":{"start":{"line":232,"column":8},"end":{"line":232,"column":32}},"type":"binary-expr","locations":[{"start":{"line":232,"column":8},"end":{"line":232,"column":13}},{"start":{"line":232,"column":17},"end":{"line":232,"column":32}}],"line":232},"16":{"loc":{"start":{"line":259,"column":4},"end":{"line":260,"column":64}},"type":"if","locations":[{"start":{"line":259,"column":4},"end":{"line":260,"column":64}},{"start":{},"end":{}}],"line":259},"17":{"loc":{"start":{"line":259,"column":8},"end":{"line":259,"column":32}},"type":"binary-expr","locations":[{"start":{"line":259,"column":8},"end":{"line":259,"column":13}},{"start":{"line":259,"column":17},"end":{"line":259,"column":32}}],"line":259},"18":{"loc":{"start":{"line":269,"column":4},"end":{"line":269,"column":76}},"type":"if","locations":[{"start":{"line":269,"column":4},"end":{"line":269,"column":76}},{"start":{},"end":{}}],"line":269},"19":{"loc":{"start":{"line":272,"column":4},"end":{"line":279,"column":5}},"type":"if","locations":[{"start":{"line":272,"column":4},"end":{"line":279,"column":5}},{"start":{},"end":{}}],"line":272},"20":{"loc":{"start":{"line":305,"column":4},"end":{"line":306,"column":64}},"type":"if","locations":[{"start":{"line":305,"column":4},"end":{"line":306,"column":64}},{"start":{},"end":{}}],"line":305},"21":{"loc":{"start":{"line":305,"column":8},"end":{"line":305,"column":32}},"type":"binary-expr","locations":[{"start":{"line":305,"column":8},"end":{"line":305,"column":13}},{"start":{"line":305,"column":17},"end":{"line":305,"column":32}}],"line":305},"22":{"loc":{"start":{"line":314,"column":4},"end":{"line":315,"column":75}},"type":"if","locations":[{"start":{"line":314,"column":4},"end":{"line":315,"column":75}},{"start":{},"end":{}}],"line":314}},"s":{"0":0,"1":0,"2":0,"3":0,"4":0,"5":0,"6":0,"7":0,"8":0,"9":0,"10":0,"11":0,"12":0,"13":0,"14":0,"15":0,"16":0,"17":0,"18":0,"19":0,"20":0,"21":0,"22":0,"23":0,"24":0,"25":0,"26":0,"27":0,"28":0,"29":0,"30":0,"31":0,"32":0,"33":0,"34":0,"35":0,"36":0,"37":0,"38":0,"39":0,"40":0,"41":0,"42":0,"43":0,"44":0,"45":0,"46":0,"47":0,"48":0,"49":0,"50":0,"51":0,"52":0,"53":0,"54":0,"55":0,"56":0,"57":0,"58":0,"59":0,"60":0,"61":0,"62":0,"63":0,"64":0,"65":0,"66":0,"67":0,"68":0,"69":0,"70":0,"71":0,"72":0,"73":0,"74":0,"75":0,"76":0,"77":0,"78":0,"79":0,"80":0,"81":0,"82":0,"83":0,"84":0,"85":0,"86":0,"87":0,"88":0,"89":0},"f":{"0":0,"1":0,"2":0,"3":0,"4":0},"b":{"0":[0,0],"1":[0,0],"2":[0,0],"3":[0,0],"4":[0,0],"5":[0,0],"6":[0,0],"7":[0,0],"8":[0,0],"9":[0,0],"10":[0,0],"11":[0,0],"12":[0,0],"13":[0,0],"14":[0,0],"15":[0,0],"16":[0,0],"17":[0,0],"18":[0,0],"19":[0,0],"20":[0,0],"21":[0,0],"22":[0,0]}}
,"C:\\Users\\HP\\Desktop\\deeladplace\\backend\\src\\controllers\\labour.controller.js": {"path":"C:\\Users\\HP\\Desktop\\deeladplace\\backend\\src\\controllers\\labour.controller.js","statementMap":{"0":{"start":{"line":1,"column":11},"end":{"line":1,"column":40}},"1":{"start":{"line":4,"column":0},"end":{"line":30,"column":2}},"2":{"start":{"line":5,"column":19},"end":{"line":5,"column":37}},"3":{"start":{"line":6,"column":91},"end":{"line":6,"column":99}},"4":{"start":{"line":8,"column":2},"end":{"line":10,"column":1}},"5":{"start":{"line":9,"column":2},"end":{"line":9,"column":126}},"6":{"start":{"line":13,"column":2},"end":{"line":15,"column":3}},"7":{"start":{"line":14,"column":4},"end":{"line":14,"column":96}},"8":{"start":{"line":17,"column":2},"end":{"line":29,"column":3}},"9":{"start":{"line":18,"column":19},"end":{"line":23,"column":5}},"10":{"start":{"line":25,"column":4},"end":{"line":25,"column":56}},"11":{"start":{"line":27,"column":4},"end":{"line":27,"column":23}},"12":{"start":{"line":28,"column":4},"end":{"line":28,"column":88}},"13":{"start":{"line":33,"column":0},"end":{"line":45,"column":2}},"14":{"start":{"line":34,"column":19},"end":{"line":34,"column":37}},"15":{"start":{"line":35,"column":2},"end":{"line":44,"column":3}},"16":{"start":{"line":36,"column":19},"end":{"line":39,"column":5}},"17":{"start":{"line":40,"column":4},"end":{"line":40,"column":53}},"18":{"start":{"line":42,"column":4},"end":{"line":42,"column":23}},"19":{"start":{"line":43,"column":4},"end":{"line":43,"column":88}},"20":{"start":{"line":48,"column":0},"end":{"line":75,"column":2}},"21":{"start":{"line":49,"column":19},"end":{"line":49,"column":37}},"22":{"start":{"line":50,"column":19},"end":{"line":50,"column":40}},"23":{"start":{"line":51,"column":91},"end":{"line":51,"column":99}},"24":{"start":{"line":53,"column":2},"end":{"line":55,"column":3}},"25":{"start":{"line":54,"column":4},"end":{"line":54,"column":128}},"26":{"start":{"line":57,"column":2},"end":{"line":74,"column":3}},"27":{"start":{"line":58,"column":19},"end":{"line":64,"column":5}},"28":{"start":{"line":66,"column":4},"end":{"line":68,"column":5}},"29":{"start":{"line":67,"column":6},"end":{"line":67,"column":90}},"30":{"start":{"line":70,"column":4},"end":{"line":70,"column":56}},"31":{"start":{"line":72,"column":4},"end":{"line":72,"column":23}},"32":{"start":{"line":73,"column":4},"end":{"line":73,"column":88}},"33":{"start":{"line":78,"column":0},"end":{"line":97,"column":2}},"34":{"start":{"line":79,"column":19},"end":{"line":79,"column":37}},"35":{"start":{"line":80,"column":19},"end":{"line":80,"column":40}},"36":{"start":{"line":82,"column":2},"end":{"line":96,"column":3}},"37":{"start":{"line":83,"column":19},"end":{"line":86,"column":5}},"38":{"start":{"line":88,"column":4},"end":{"line":90,"column":5}},"39":{"start":{"line":89,"column":6},"end":{"line":89,"column":90}},"40":{"start":{"line":92,"column":4},"end":{"line":92,"column":66}},"41":{"start":{"line":94,"column":4},"end":{"line":94,"column":23}},"42":{"start":{"line":95,"column":4},"end":{"line":95,"column":88}}},"fnMap":{"0":{"name":"(anonymous_0)","decl":{"start":{"line":4,"column":23},"end":{"line":4,"column":24}},"loc":{"start":{"line":4,"column":43},"end":{"line":30,"column":1}},"line":4},"1":{"name":"(anonymous_1)","decl":{"start":{"line":33,"column":20},"end":{"line":33,"column":21}},"loc":{"start":{"line":33,"column":40},"end":{"line":45,"column":1}},"line":33},"2":{"name":"(anonymous_2)","decl":{"start":{"line":48,"column":23},"end":{"line":48,"column":24}},"loc":{"start":{"line":48,"column":43},"end":{"line":75,"column":1}},"line":48},"3":{"name":"(anonymous_3)","decl":{"start":{"line":78,"column":23},"end":{"line":78,"column":24}},"loc":{"start":{"line":78,"column":43},"end":{"line":97,"column":1}},"line":78}},"branchMap":{"0":{"loc":{"start":{"line":8,"column":2},"end":{"line":10,"column":1}},"type":"if","locations":[{"start":{"line":8,"column":2},"end":{"line":10,"column":1}},{"start":{},"end":{}}],"line":8},"1":{"loc":{"start":{"line":8,"column":6},"end":{"line":8,"column":70}},"type":"binary-expr","locations":[{"start":{"line":8,"column":6},"end":{"line":8,"column":11}},{"start":{"line":8,"column":15},"end":{"line":8,"column":22}},{"start":{"line":8,"column":26},"end":{"line":8,"column":42}},{"start":{"line":8,"column":46},"end":{"line":8,"column":70}}],"line":8},"2":{"loc":{"start":{"line":13,"column":2},"end":{"line":15,"column":3}},"type":"if","locations":[{"start":{"line":13,"column":2},"end":{"line":15,"column":3}},{"start":{},"end":{}}],"line":13},"3":{"loc":{"start":{"line":53,"column":2},"end":{"line":55,"column":3}},"type":"if","locations":[{"start":{"line":53,"column":2},"end":{"line":55,"column":3}},{"start":{},"end":{}}],"line":53},"4":{"loc":{"start":{"line":53,"column":6},"end":{"line":53,"column":70}},"type":"binary-expr","locations":[{"start":{"line":53,"column":6},"end":{"line":53,"column":11}},{"start":{"line":53,"column":15},"end":{"line":53,"column":22}},{"start":{"line":53,"column":26},"end":{"line":53,"column":42}},{"start":{"line":53,"column":46},"end":{"line":53,"column":70}}],"line":53},"5":{"loc":{"start":{"line":66,"column":4},"end":{"line":68,"column":5}},"type":"if","locations":[{"start":{"line":66,"column":4},"end":{"line":68,"column":5}},{"start":{},"end":{}}],"line":66},"6":{"loc":{"start":{"line":88,"column":4},"end":{"line":90,"column":5}},"type":"if","locations":[{"start":{"line":88,"column":4},"end":{"line":90,"column":5}},{"start":{},"end":{}}],"line":88}},"s":{"0":0,"1":0,"2":0,"3":0,"4":0,"5":0,"6":0,"7":0,"8":0,"9":0,"10":0,"11":0,"12":0,"13":0,"14":0,"15":0,"16":0,"17":0,"18":0,"19":0,"20":0,"21":0,"22":0,"23":0,"24":0,"25":0,"26":0,"27":0,"28":0,"29":0,"30":0,"31":0,"32":0,"33":0,"34":0,"35":0,"36":0,"37":0,"38":0,"39":0,"40":0,"41":0,"42":0},"f":{"0":0,"1":0,"2":0,"3":0},"b":{"0":[0,0],"1":[0,0,0,0],"2":[0,0],"3":[0,0],"4":[0,0,0,0],"5":[0,0],"6":[0,0]}}
,"C:\\Users\\HP\\Desktop\\deeladplace\\backend\\src\\controllers\\material.controller.js": {"path":"C:\\Users\\HP\\Desktop\\deeladplace\\backend\\src\\controllers\\material.controller.js","statementMap":{"0":{"start":{"line":1,"column":24},"end":{"line":1,"column":63}},"1":{"start":{"line":4,"column":2},"end":{"line":11,"column":3}},"2":{"start":{"line":5,"column":21},"end":{"line":5,"column":39}},"3":{"start":{"line":6,"column":18},"end":{"line":6,"column":63}},"4":{"start":{"line":8,"column":4},"end":{"line":8,"column":34}},"5":{"start":{"line":10,"column":4},"end":{"line":10,"column":62}},"6":{"start":{"line":15,"column":2},"end":{"line":21,"column":3}},"7":{"start":{"line":16,"column":21},"end":{"line":16,"column":39}},"8":{"start":{"line":17,"column":19},"end":{"line":17,"column":75}},"9":{"start":{"line":18,"column":4},"end":{"line":18,"column":45}},"10":{"start":{"line":20,"column":4},"end":{"line":20,"column":62}},"11":{"start":{"line":25,"column":2},"end":{"line":32,"column":3}},"12":{"start":{"line":26,"column":21},"end":{"line":26,"column":39}},"13":{"start":{"line":27,"column":23},"end":{"line":27,"column":36}},"14":{"start":{"line":28,"column":20},"end":{"line":28,"column":88}},"15":{"start":{"line":29,"column":4},"end":{"line":29,"column":46}},"16":{"start":{"line":31,"column":4},"end":{"line":31,"column":62}},"17":{"start":{"line":36,"column":2},"end":{"line":43,"column":3}},"18":{"start":{"line":37,"column":21},"end":{"line":37,"column":39}},"19":{"start":{"line":38,"column":23},"end":{"line":38,"column":36}},"20":{"start":{"line":39,"column":4},"end":{"line":39,"column":63}},"21":{"start":{"line":40,"column":4},"end":{"line":40,"column":27}},"22":{"start":{"line":42,"column":4},"end":{"line":42,"column":62}},"23":{"start":{"line":46,"column":0},"end":{"line":46,"column":82}}},"fnMap":{"0":{"name":"getMaterials","decl":{"start":{"line":3,"column":16},"end":{"line":3,"column":28}},"loc":{"start":{"line":3,"column":40},"end":{"line":12,"column":1}},"line":3},"1":{"name":"createMaterial","decl":{"start":{"line":14,"column":15},"end":{"line":14,"column":29}},"loc":{"start":{"line":14,"column":41},"end":{"line":22,"column":1}},"line":14},"2":{"name":"updateMaterial","decl":{"start":{"line":24,"column":15},"end":{"line":24,"column":29}},"loc":{"start":{"line":24,"column":41},"end":{"line":33,"column":1}},"line":24},"3":{"name":"deleteMaterial","decl":{"start":{"line":35,"column":15},"end":{"line":35,"column":29}},"loc":{"start":{"line":35,"column":41},"end":{"line":44,"column":1}},"line":35}},"branchMap":{},"s":{"0":0,"1":0,"2":0,"3":0,"4":0,"5":0,"6":0,"7":0,"8":0,"9":0,"10":0,"11":0,"12":0,"13":0,"14":0,"15":0,"16":0,"17":0,"18":0,"19":0,"20":0,"21":0,"22":0,"23":0},"f":{"0":0,"1":0,"2":0,"3":0},"b":{}}
,"C:\\Users\\HP\\Desktop\\deeladplace\\backend\\src\\controllers\\opex.controller.js": {"path":"C:\\Users\\HP\\Desktop\\deeladplace\\backend\\src\\controllers\\opex.controller.js","statementMap":{"0":{"start":{"line":1,"column":11},"end":{"line":1,"column":40}},"1":{"start":{"line":4,"column":0},"end":{"line":34,"column":2}},"2":{"start":{"line":5,"column":19},"end":{"line":5,"column":37}},"3":{"start":{"line":6,"column":117},"end":{"line":6,"column":125}},"4":{"start":{"line":8,"column":2},"end":{"line":10,"column":3}},"5":{"start":{"line":9,"column":4},"end":{"line":9,"column":126}},"6":{"start":{"line":12,"column":2},"end":{"line":14,"column":3}},"7":{"start":{"line":13,"column":4},"end":{"line":13,"column":95}},"8":{"start":{"line":16,"column":2},"end":{"line":18,"column":3}},"9":{"start":{"line":17,"column":4},"end":{"line":17,"column":110}},"10":{"start":{"line":20,"column":2},"end":{"line":33,"column":3}},"11":{"start":{"line":21,"column":19},"end":{"line":27,"column":5}},"12":{"start":{"line":29,"column":4},"end":{"line":29,"column":54}},"13":{"start":{"line":31,"column":4},"end":{"line":31,"column":23}},"14":{"start":{"line":32,"column":4},"end":{"line":32,"column":84}},"15":{"start":{"line":37,"column":0},"end":{"line":51,"column":2}},"16":{"start":{"line":38,"column":19},"end":{"line":38,"column":37}},"17":{"start":{"line":40,"column":2},"end":{"line":50,"column":3}},"18":{"start":{"line":41,"column":19},"end":{"line":44,"column":5}},"19":{"start":{"line":46,"column":4},"end":{"line":46,"column":51}},"20":{"start":{"line":48,"column":4},"end":{"line":48,"column":23}},"21":{"start":{"line":49,"column":4},"end":{"line":49,"column":84}},"22":{"start":{"line":54,"column":0},"end":{"line":89,"column":2}},"23":{"start":{"line":55,"column":19},"end":{"line":55,"column":37}},"24":{"start":{"line":56,"column":17},"end":{"line":56,"column":38}},"25":{"start":{"line":57,"column":117},"end":{"line":57,"column":125}},"26":{"start":{"line":59,"column":2},"end":{"line":61,"column":3}},"27":{"start":{"line":60,"column":4},"end":{"line":60,"column":98}},"28":{"start":{"line":63,"column":2},"end":{"line":65,"column":3}},"29":{"start":{"line":64,"column":4},"end":{"line":64,"column":95}},"30":{"start":{"line":67,"column":2},"end":{"line":69,"column":3}},"31":{"start":{"line":68,"column":4},"end":{"line":68,"column":110}},"32":{"start":{"line":71,"column":2},"end":{"line":88,"column":3}},"33":{"start":{"line":72,"column":19},"end":{"line":78,"column":5}},"34":{"start":{"line":80,"column":4},"end":{"line":82,"column":5}},"35":{"start":{"line":81,"column":6},"end":{"line":81,"column":86}},"36":{"start":{"line":84,"column":4},"end":{"line":84,"column":54}},"37":{"start":{"line":86,"column":4},"end":{"line":86,"column":23}},"38":{"start":{"line":87,"column":4},"end":{"line":87,"column":84}},"39":{"start":{"line":92,"column":0},"end":{"line":111,"column":2}},"40":{"start":{"line":93,"column":19},"end":{"line":93,"column":37}},"41":{"start":{"line":94,"column":17},"end":{"line":94,"column":38}},"42":{"start":{"line":96,"column":2},"end":{"line":110,"column":3}},"43":{"start":{"line":97,"column":19},"end":{"line":100,"column":5}},"44":{"start":{"line":102,"column":4},"end":{"line":104,"column":5}},"45":{"start":{"line":103,"column":6},"end":{"line":103,"column":86}},"46":{"start":{"line":106,"column":4},"end":{"line":106,"column":62}},"47":{"start":{"line":108,"column":4},"end":{"line":108,"column":23}},"48":{"start":{"line":109,"column":4},"end":{"line":109,"column":84}}},"fnMap":{"0":{"name":"(anonymous_0)","decl":{"start":{"line":4,"column":21},"end":{"line":4,"column":22}},"loc":{"start":{"line":4,"column":41},"end":{"line":34,"column":1}},"line":4},"1":{"name":"(anonymous_1)","decl":{"start":{"line":37,"column":18},"end":{"line":37,"column":19}},"loc":{"start":{"line":37,"column":38},"end":{"line":51,"column":1}},"line":37},"2":{"name":"(anonymous_2)","decl":{"start":{"line":54,"column":21},"end":{"line":54,"column":22}},"loc":{"start":{"line":54,"column":41},"end":{"line":89,"column":1}},"line":54},"3":{"name":"(anonymous_3)","decl":{"start":{"line":92,"column":21},"end":{"line":92,"column":22}},"loc":{"start":{"line":92,"column":41},"end":{"line":111,"column":1}},"line":92}},"branchMap":{"0":{"loc":{"start":{"line":8,"column":2},"end":{"line":10,"column":3}},"type":"if","locations":[{"start":{"line":8,"column":2},"end":{"line":10,"column":3}},{"start":{},"end":{}}],"line":8},"1":{"loc":{"start":{"line":8,"column":6},"end":{"line":8,"column":59}},"type":"binary-expr","locations":[{"start":{"line":8,"column":6},"end":{"line":8,"column":11}},{"start":{"line":8,"column":15},"end":{"line":8,"column":31}},{"start":{"line":8,"column":35},"end":{"line":8,"column":59}}],"line":8},"2":{"loc":{"start":{"line":12,"column":2},"end":{"line":14,"column":3}},"type":"if","locations":[{"start":{"line":12,"column":2},"end":{"line":14,"column":3}},{"start":{},"end":{}}],"line":12},"3":{"loc":{"start":{"line":12,"column":6},"end":{"line":12,"column":44}},"type":"binary-expr","locations":[{"start":{"line":12,"column":6},"end":{"line":12,"column":33}},{"start":{"line":12,"column":37},"end":{"line":12,"column":44}}],"line":12},"4":{"loc":{"start":{"line":16,"column":2},"end":{"line":18,"column":3}},"type":"if","locations":[{"start":{"line":16,"column":2},"end":{"line":18,"column":3}},{"start":{},"end":{}}],"line":16},"5":{"loc":{"start":{"line":16,"column":6},"end":{"line":16,"column":64}},"type":"binary-expr","locations":[{"start":{"line":16,"column":6},"end":{"line":16,"column":43}},{"start":{"line":16,"column":47},"end":{"line":16,"column":64}}],"line":16},"6":{"loc":{"start":{"line":59,"column":2},"end":{"line":61,"column":3}},"type":"if","locations":[{"start":{"line":59,"column":2},"end":{"line":61,"column":3}},{"start":{},"end":{}}],"line":59},"7":{"loc":{"start":{"line":59,"column":6},"end":{"line":59,"column":31}},"type":"binary-expr","locations":[{"start":{"line":59,"column":6},"end":{"line":59,"column":11}},{"start":{"line":59,"column":15},"end":{"line":59,"column":31}}],"line":59},"8":{"loc":{"start":{"line":63,"column":2},"end":{"line":65,"column":3}},"type":"if","locations":[{"start":{"line":63,"column":2},"end":{"line":65,"column":3}},{"start":{},"end":{}}],"line":63},"9":{"loc":{"start":{"line":63,"column":6},"end":{"line":63,"column":44}},"type":"binary-expr","locations":[{"start":{"line":63,"column":6},"end":{"line":63,"column":33}},{"start":{"line":63,"column":37},"end":{"line":63,"column":44}}],"line":63},"10":{"loc":{"start":{"line":67,"column":2},"end":{"line":69,"column":3}},"type":"if","locations":[{"start":{"line":67,"column":2},"end":{"line":69,"column":3}},{"start":{},"end":{}}],"line":67},"11":{"loc":{"start":{"line":67,"column":6},"end":{"line":67,"column":64}},"type":"binary-expr","locations":[{"start":{"line":67,"column":6},"end":{"line":67,"column":43}},{"start":{"line":67,"column":47},"end":{"line":67,"column":64}}],"line":67},"12":{"loc":{"start":{"line":80,"column":4},"end":{"line":82,"column":5}},"type":"if","locations":[{"start":{"line":80,"column":4},"end":{"line":82,"column":5}},{"start":{},"end":{}}],"line":80},"13":{"loc":{"start":{"line":102,"column":4},"end":{"line":104,"column":5}},"type":"if","locations":[{"start":{"line":102,"column":4},"end":{"line":104,"column":5}},{"start":{},"end":{}}],"line":102}},"s":{"0":0,"1":0,"2":0,"3":0,"4":0,"5":0,"6":0,"7":0,"8":0,"9":0,"10":0,"11":0,"12":0,"13":0,"14":0,"15":0,"16":0,"17":0,"18":0,"19":0,"20":0,"21":0,"22":0,"23":0,"24":0,"25":0,"26":0,"27":0,"28":0,"29":0,"30":0,"31":0,"32":0,"33":0,"34":0,"35":0,"36":0,"37":0,"38":0,"39":0,"40":0,"41":0,"42":0,"43":0,"44":0,"45":0,"46":0,"47":0,"48":0},"f":{"0":0,"1":0,"2":0,"3":0},"b":{"0":[0,0],"1":[0,0,0],"2":[0,0],"3":[0,0],"4":[0,0],"5":[0,0],"6":[0,0],"7":[0,0],"8":[0,0],"9":[0,0],"10":[0,0],"11":[0,0],"12":[0,0],"13":[0,0]}}
,"C:\\Users\\HP\\Desktop\\deeladplace\\backend\\src\\controllers\\packaging.controller.js": {"path":"C:\\Users\\HP\\Desktop\\deeladplace\\backend\\src\\controllers\\packaging.controller.js","statementMap":{"0":{"start":{"line":1,"column":11},"end":{"line":1,"column":40}},"1":{"start":{"line":3,"column":0},"end":{"line":23,"column":2}},"2":{"start":{"line":4,"column":19},"end":{"line":4,"column":37}},"3":{"start":{"line":5,"column":34},"end":{"line":5,"column":42}},"4":{"start":{"line":7,"column":2},"end":{"line":9,"column":3}},"5":{"start":{"line":8,"column":4},"end":{"line":8,"column":96}},"6":{"start":{"line":11,"column":2},"end":{"line":22,"column":3}},"7":{"start":{"line":12,"column":19},"end":{"line":16,"column":5}},"8":{"start":{"line":18,"column":4},"end":{"line":18,"column":59}},"9":{"start":{"line":20,"column":4},"end":{"line":20,"column":23}},"10":{"start":{"line":21,"column":4},"end":{"line":21,"column":81}},"11":{"start":{"line":25,"column":0},"end":{"line":39,"column":2}},"12":{"start":{"line":26,"column":19},"end":{"line":26,"column":37}},"13":{"start":{"line":28,"column":2},"end":{"line":38,"column":3}},"14":{"start":{"line":29,"column":19},"end":{"line":32,"column":5}},"15":{"start":{"line":34,"column":4},"end":{"line":34,"column":56}},"16":{"start":{"line":36,"column":4},"end":{"line":36,"column":23}},"17":{"start":{"line":37,"column":4},"end":{"line":37,"column":80}},"18":{"start":{"line":42,"column":0},"end":{"line":69,"column":2}},"19":{"start":{"line":43,"column":19},"end":{"line":43,"column":37}},"20":{"start":{"line":44,"column":22},"end":{"line":44,"column":35}},"21":{"start":{"line":45,"column":34},"end":{"line":45,"column":42}},"22":{"start":{"line":47,"column":2},"end":{"line":49,"column":3}},"23":{"start":{"line":48,"column":4},"end":{"line":48,"column":96}},"24":{"start":{"line":51,"column":2},"end":{"line":68,"column":3}},"25":{"start":{"line":52,"column":19},"end":{"line":58,"column":5}},"26":{"start":{"line":60,"column":4},"end":{"line":62,"column":5}},"27":{"start":{"line":61,"column":6},"end":{"line":61,"column":86}},"28":{"start":{"line":64,"column":4},"end":{"line":64,"column":59}},"29":{"start":{"line":66,"column":4},"end":{"line":66,"column":23}},"30":{"start":{"line":67,"column":4},"end":{"line":67,"column":81}},"31":{"start":{"line":73,"column":0},"end":{"line":94,"column":2}},"32":{"start":{"line":74,"column":19},"end":{"line":74,"column":37}},"33":{"start":{"line":75,"column":22},"end":{"line":75,"column":35}},"34":{"start":{"line":77,"column":2},"end":{"line":93,"column":3}},"35":{"start":{"line":78,"column":19},"end":{"line":83,"column":5}},"36":{"start":{"line":85,"column":4},"end":{"line":87,"column":5}},"37":{"start":{"line":86,"column":6},"end":{"line":86,"column":86}},"38":{"start":{"line":89,"column":4},"end":{"line":89,"column":62}},"39":{"start":{"line":91,"column":4},"end":{"line":91,"column":23}},"40":{"start":{"line":92,"column":4},"end":{"line":92,"column":81}}},"fnMap":{"0":{"name":"(anonymous_0)","decl":{"start":{"line":3,"column":26},"end":{"line":3,"column":27}},"loc":{"start":{"line":3,"column":46},"end":{"line":23,"column":1}},"line":3},"1":{"name":"(anonymous_1)","decl":{"start":{"line":25,"column":23},"end":{"line":25,"column":24}},"loc":{"start":{"line":25,"column":43},"end":{"line":39,"column":1}},"line":25},"2":{"name":"(anonymous_2)","decl":{"start":{"line":42,"column":26},"end":{"line":42,"column":27}},"loc":{"start":{"line":42,"column":46},"end":{"line":69,"column":1}},"line":42},"3":{"name":"(anonymous_3)","decl":{"start":{"line":73,"column":26},"end":{"line":73,"column":27}},"loc":{"start":{"line":73,"column":46},"end":{"line":94,"column":1}},"line":73}},"branchMap":{"0":{"loc":{"start":{"line":7,"column":2},"end":{"line":9,"column":3}},"type":"if","locations":[{"start":{"line":7,"column":2},"end":{"line":9,"column":3}},{"start":{},"end":{}}],"line":7},"1":{"loc":{"start":{"line":7,"column":6},"end":{"line":7,"column":29}},"type":"binary-expr","locations":[{"start":{"line":7,"column":6},"end":{"line":7,"column":11}},{"start":{"line":7,"column":15},"end":{"line":7,"column":29}}],"line":7},"2":{"loc":{"start":{"line":47,"column":2},"end":{"line":49,"column":3}},"type":"if","locations":[{"start":{"line":47,"column":2},"end":{"line":49,"column":3}},{"start":{},"end":{}}],"line":47},"3":{"loc":{"start":{"line":47,"column":6},"end":{"line":47,"column":29}},"type":"binary-expr","locations":[{"start":{"line":47,"column":6},"end":{"line":47,"column":11}},{"start":{"line":47,"column":15},"end":{"line":47,"column":29}}],"line":47},"4":{"loc":{"start":{"line":60,"column":4},"end":{"line":62,"column":5}},"type":"if","locations":[{"start":{"line":60,"column":4},"end":{"line":62,"column":5}},{"start":{},"end":{}}],"line":60},"5":{"loc":{"start":{"line":85,"column":4},"end":{"line":87,"column":5}},"type":"if","locations":[{"start":{"line":85,"column":4},"end":{"line":87,"column":5}},{"start":{},"end":{}}],"line":85}},"s":{"0":0,"1":0,"2":0,"3":0,"4":0,"5":0,"6":0,"7":0,"8":0,"9":0,"10":0,"11":0,"12":0,"13":0,"14":0,"15":0,"16":0,"17":0,"18":0,"19":0,"20":0,"21":0,"22":0,"23":0,"24":0,"25":0,"26":0,"27":0,"28":0,"29":0,"30":0,"31":0,"32":0,"33":0,"34":0,"35":0,"36":0,"37":0,"38":0,"39":0,"40":0},"f":{"0":0,"1":0,"2":0,"3":0},"b":{"0":[0,0],"1":[0,0],"2":[0,0],"3":[0,0],"4":[0,0],"5":[0,0]}}
,"C:\\Users\\HP\\Desktop\\deeladplace\\backend\\src\\controllers\\packagingMap.controller.js": {"path":"C:\\Users\\HP\\Desktop\\deeladplace\\backend\\src\\controllers\\packagingMap.controller.js","statementMap":{"0":{"start":{"line":1,"column":12},"end":{"line":1,"column":41}},"1":{"start":{"line":3,"column":0},"end":{"line":24,"column":2}},"2":{"start":{"line":4,"column":19},"end":{"line":4,"column":37}},"3":{"start":{"line":5,"column":44},"end":{"line":5,"column":52}},"4":{"start":{"line":7,"column":2},"end":{"line":9,"column":3}},"5":{"start":{"line":8,"column":4},"end":{"line":8,"column":110}},"6":{"start":{"line":11,"column":2},"end":{"line":23,"column":3}},"7":{"start":{"line":12,"column":19},"end":{"line":17,"column":5}},"8":{"start":{"line":19,"column":4},"end":{"line":19,"column":64}},"9":{"start":{"line":21,"column":4},"end":{"line":21,"column":23}},"10":{"start":{"line":22,"column":4},"end":{"line":22,"column":99}},"11":{"start":{"line":26,"column":0},"end":{"line":42,"column":2}},"12":{"start":{"line":27,"column":19},"end":{"line":27,"column":37}},"13":{"start":{"line":28,"column":20},"end":{"line":28,"column":40}},"14":{"start":{"line":30,"column":2},"end":{"line":41,"column":3}},"15":{"start":{"line":31,"column":19},"end":{"line":35,"column":5}},"16":{"start":{"line":37,"column":4},"end":{"line":37,"column":63}},"17":{"start":{"line":39,"column":4},"end":{"line":39,"column":23}},"18":{"start":{"line":40,"column":4},"end":{"line":40,"column":98}},"19":{"start":{"line":44,"column":0},"end":{"line":65,"column":2}},"20":{"start":{"line":45,"column":19},"end":{"line":45,"column":37}},"21":{"start":{"line":46,"column":20},"end":{"line":46,"column":33}},"22":{"start":{"line":48,"column":2},"end":{"line":64,"column":3}},"23":{"start":{"line":49,"column":19},"end":{"line":54,"column":5}},"24":{"start":{"line":56,"column":4},"end":{"line":58,"column":5}},"25":{"start":{"line":57,"column":6},"end":{"line":57,"column":84}},"26":{"start":{"line":60,"column":4},"end":{"line":60,"column":77}},"27":{"start":{"line":62,"column":4},"end":{"line":62,"column":23}},"28":{"start":{"line":63,"column":4},"end":{"line":63,"column":89}},"29":{"start":{"line":68,"column":0},"end":{"line":95,"column":2}},"30":{"start":{"line":69,"column":19},"end":{"line":69,"column":37}},"31":{"start":{"line":70,"column":20},"end":{"line":70,"column":33}},"32":{"start":{"line":71,"column":32},"end":{"line":71,"column":40}},"33":{"start":{"line":73,"column":2},"end":{"line":75,"column":3}},"34":{"start":{"line":74,"column":4},"end":{"line":74,"column":94}},"35":{"start":{"line":77,"column":2},"end":{"line":94,"column":3}},"36":{"start":{"line":78,"column":19},"end":{"line":84,"column":5}},"37":{"start":{"line":86,"column":4},"end":{"line":88,"column":5}},"38":{"start":{"line":87,"column":6},"end":{"line":87,"column":84}},"39":{"start":{"line":90,"column":4},"end":{"line":90,"column":64}},"40":{"start":{"line":92,"column":4},"end":{"line":92,"column":23}},"41":{"start":{"line":93,"column":4},"end":{"line":93,"column":89}}},"fnMap":{"0":{"name":"(anonymous_0)","decl":{"start":{"line":3,"column":32},"end":{"line":3,"column":33}},"loc":{"start":{"line":3,"column":52},"end":{"line":24,"column":1}},"line":3},"1":{"name":"(anonymous_1)","decl":{"start":{"line":26,"column":30},"end":{"line":26,"column":31}},"loc":{"start":{"line":26,"column":50},"end":{"line":42,"column":1}},"line":26},"2":{"name":"(anonymous_2)","decl":{"start":{"line":44,"column":33},"end":{"line":44,"column":34}},"loc":{"start":{"line":44,"column":53},"end":{"line":65,"column":1}},"line":44},"3":{"name":"(anonymous_3)","decl":{"start":{"line":68,"column":33},"end":{"line":68,"column":34}},"loc":{"start":{"line":68,"column":53},"end":{"line":95,"column":1}},"line":68}},"branchMap":{"0":{"loc":{"start":{"line":7,"column":2},"end":{"line":9,"column":3}},"type":"if","locations":[{"start":{"line":7,"column":2},"end":{"line":9,"column":3}},{"start":{},"end":{}}],"line":7},"1":{"loc":{"start":{"line":7,"column":6},"end":{"line":7,"column":42}},"type":"binary-expr","locations":[{"start":{"line":7,"column":6},"end":{"line":7,"column":17}},{"start":{"line":7,"column":21},"end":{"line":7,"column":34}},{"start":{"line":7,"column":38},"end":{"line":7,"column":42}}],"line":7},"2":{"loc":{"start":{"line":56,"column":4},"end":{"line":58,"column":5}},"type":"if","locations":[{"start":{"line":56,"column":4},"end":{"line":58,"column":5}},{"start":{},"end":{}}],"line":56},"3":{"loc":{"start":{"line":73,"column":2},"end":{"line":75,"column":3}},"type":"if","locations":[{"start":{"line":73,"column":2},"end":{"line":75,"column":3}},{"start":{},"end":{}}],"line":73},"4":{"loc":{"start":{"line":73,"column":6},"end":{"line":73,"column":27}},"type":"binary-expr","locations":[{"start":{"line":73,"column":6},"end":{"line":73,"column":19}},{"start":{"line":73,"column":23},"end":{"line":73,"column":27}}],"line":73},"5":{"loc":{"start":{"line":86,"column":4},"end":{"line":88,"column":5}},"type":"if","locations":[{"start":{"line":86,"column":4},"end":{"line":88,"column":5}},{"start":{},"end":{}}],"line":86}},"s":{"0":0,"1":0,"2":0,"3":0,"4":0,"5":0,"6":0,"7":0,"8":0,"9":0,"10":0,"11":0,"12":0,"13":0,"14":0,"15":0,"16":0,"17":0,"18":0,"19":0,"20":0,"21":0,"22":0,"23":0,"24":0,"25":0,"26":0,"27":0,"28":0,"29":0,"30":0,"31":0,"32":0,"33":0,"34":0,"35":0,"36":0,"37":0,"38":0,"39":0,"40":0,"41":0},"f":{"0":0,"1":0,"2":0,"3":0},"b":{"0":[0,0],"1":[0,0,0],"2":[0,0],"3":[0,0],"4":[0,0],"5":[0,0]}}
,"C:\\Users\\HP\\Desktop\\deeladplace\\backend\\src\\controllers\\pos.controller.js": {"path":"C:\\Users\\HP\\Desktop\\deeladplace\\backend\\src\\controllers\\pos.controller.js","statementMap":{"0":{"start":{"line":2,"column":11},"end":{"line":2,"column":40}},"1":{"start":{"line":3,"column":21},"end":{"line":3,"column":57}},"2":{"start":{"line":7,"column":19},"end":{"line":7,"column":37}},"3":{"start":{"line":8,"column":17},"end":{"line":8,"column":47}},"4":{"start":{"line":20,"column":4},"end":{"line":20,"column":12}},"5":{"start":{"line":24,"column":2},"end":{"line":29,"column":3}},"6":{"start":{"line":25,"column":4},"end":{"line":28,"column":7}},"7":{"start":{"line":31,"column":2},"end":{"line":104,"column":3}},"8":{"start":{"line":33,"column":20},"end":{"line":53,"column":1}},"9":{"start":{"line":56,"column":17},"end":{"line":56,"column":32}},"10":{"start":{"line":59,"column":19},"end":{"line":66,"column":5}},"11":{"start":{"line":68,"column":21},"end":{"line":68,"column":35}},"12":{"start":{"line":69,"column":26},"end":{"line":69,"column":62}},"13":{"start":{"line":70,"column":23},"end":{"line":70,"column":58}},"14":{"start":{"line":73,"column":21},"end":{"line":81,"column":6}},"15":{"start":{"line":84,"column":4},"end":{"line":90,"column":6}},"16":{"start":{"line":92,"column":4},"end":{"line":96,"column":7}},"17":{"start":{"line":99,"column":4},"end":{"line":99,"column":23}},"18":{"start":{"line":100,"column":4},"end":{"line":103,"column":7}},"19":{"start":{"line":111,"column":19},"end":{"line":111,"column":37}},"20":{"start":{"line":112,"column":17},"end":{"line":112,"column":47}},"21":{"start":{"line":113,"column":23},"end":{"line":113,"column":31}},"22":{"start":{"line":115,"column":2},"end":{"line":117,"column":3}},"23":{"start":{"line":116,"column":4},"end":{"line":116,"column":85}},"24":{"start":{"line":119,"column":2},"end":{"line":213,"column":3}},"25":{"start":{"line":121,"column":21},"end":{"line":124,"column":5}},"26":{"start":{"line":125,"column":18},"end":{"line":125,"column":34}},"27":{"start":{"line":127,"column":4},"end":{"line":129,"column":5}},"28":{"start":{"line":128,"column":6},"end":{"line":128,"column":82}},"29":{"start":{"line":131,"column":4},"end":{"line":136,"column":5}},"30":{"start":{"line":132,"column":6},"end":{"line":135,"column":9}},"31":{"start":{"line":139,"column":17},"end":{"line":157,"column":1}},"32":{"start":{"line":159,"column":24},"end":{"line":159,"column":80}},"33":{"start":{"line":159,"column":57},"end":{"line":159,"column":76}},"34":{"start":{"line":160,"column":24},"end":{"line":160,"column":106}},"35":{"start":{"line":160,"column":57},"end":{"line":160,"column":102}},"36":{"start":{"line":163,"column":26},"end":{"line":163,"column":69}},"37":{"start":{"line":165,"column":0},"end":{"line":180,"column":3}},"38":{"start":{"line":166,"column":20},"end":{"line":166,"column":48}},"39":{"start":{"line":169,"column":19},"end":{"line":169,"column":87}},"40":{"start":{"line":171,"column":2},"end":{"line":179,"column":5}},"41":{"start":{"line":172,"column":16},"end":{"line":172,"column":37}},"42":{"start":{"line":173,"column":4},"end":{"line":178,"column":5}},"43":{"start":{"line":174,"column":19},"end":{"line":174,"column":45}},"44":{"start":{"line":174,"column":46},"end":{"line":174,"column":52}},"45":{"start":{"line":175,"column":23},"end":{"line":175,"column":53}},"46":{"start":{"line":175,"column":54},"end":{"line":175,"column":60}},"47":{"start":{"line":176,"column":19},"end":{"line":176,"column":45}},"48":{"start":{"line":176,"column":46},"end":{"line":176,"column":52}},"49":{"start":{"line":177,"column":15},"end":{"line":177,"column":42}},"50":{"start":{"line":177,"column":43},"end":{"line":177,"column":49}},"51":{"start":{"line":183,"column":16},"end":{"line":186,"column":1}},"52":{"start":{"line":189,"column":18},"end":{"line":189,"column":48}},"53":{"start":{"line":193,"column":25},"end":{"line":199,"column":5}},"54":{"start":{"line":201,"column":0},"end":{"line":207,"column":3}},"55":{"start":{"line":211,"column":4},"end":{"line":211,"column":23}},"56":{"start":{"line":212,"column":4},"end":{"line":212,"column":79}},"57":{"start":{"line":219,"column":19},"end":{"line":219,"column":37}},"58":{"start":{"line":220,"column":17},"end":{"line":220,"column":47}},"59":{"start":{"line":222,"column":2},"end":{"line":246,"column":3}},"60":{"start":{"line":224,"column":26},"end":{"line":228,"column":5}},"61":{"start":{"line":230,"column":4},"end":{"line":233,"column":5}},"62":{"start":{"line":232,"column":6},"end":{"line":232,"column":71}},"63":{"start":{"line":236,"column":21},"end":{"line":240,"column":5}},"64":{"start":{"line":242,"column":4},"end":{"line":242,"column":57}
[...]
olumn":6},"end":{"line":71,"column":20}},"27":{"start":{"line":73,"column":6},"end":{"line":73,"column":70}},"28":{"start":{"line":74,"column":6},"end":{"line":74,"column":18}},"29":{"start":{"line":78,"column":4},"end":{"line":199,"column":5}},"30":{"start":{"line":79,"column":26},"end":{"line":191,"column":7}},"31":{"start":{"line":193,"column":21},"end":{"line":193,"column":53}},"32":{"start":{"line":194,"column":6},"end":{"line":194,"column":65}},"33":{"start":{"line":195,"column":6},"end":{"line":195,"column":20}},"34":{"start":{"line":197,"column":6},"end":{"line":197,"column":75}},"35":{"start":{"line":198,"column":6},"end":{"line":198,"column":18}},"36":{"start":{"line":203,"column":4},"end":{"line":311,"column":5}},"37":{"start":{"line":204,"column":24},"end":{"line":204,"column":86}},"38":{"start":{"line":206,"column":26},"end":{"line":303,"column":7}},"39":{"start":{"line":305,"column":21},"end":{"line":305,"column":53}},"40":{"start":{"line":306,"column":6},"end":{"line":306,"column":67}},"41":{"start":{"line":307,"column":6},"end":{"line":307,"column":20}},"42":{"start":{"line":309,"column":6},"end":{"line":309,"column":77}},"43":{"start":{"line":310,"column":6},"end":{"line":310,"column":18}},"44":{"start":{"line":315,"column":2},"end":{"line":417,"column":3}},"45":{"start":{"line":316,"column":24},"end":{"line":410,"column":5}},"46":{"start":{"line":412,"column":19},"end":{"line":412,"column":51}},"47":{"start":{"line":413,"column":4},"end":{"line":413,"column":58}},"48":{"start":{"line":414,"column":4},"end":{"line":414,"column":18}},"49":{"start":{"line":416,"column":4},"end":{"line":416,"column":67}},"50":{"start":{"line":421,"column":2},"end":{"line":523,"column":3}},"51":{"start":{"line":422,"column":24},"end":{"line":516,"column":5}},"52":{"start":{"line":518,"column":19},"end":{"line":518,"column":51}},"53":{"start":{"line":519,"column":4},"end":{"line":519,"column":69}},"54":{"start":{"line":520,"column":4},"end":{"line":520,"column":18}},"55":{"start":{"line":522,"column":4},"end":{"line":522,"column":78}},"56":{"start":{"line":528,"column":2},"end":{"line":635,"column":3}},"57":{"start":{"line":529,"column":24},"end":{"line":627,"column":5}},"58":{"start":{"line":629,"column":19},"end":{"line":629,"column":51}},"59":{"start":{"line":630,"column":4},"end":{"line":630,"column":78}},"60":{"start":{"line":631,"column":4},"end":{"line":631,"column":18}},"61":{"start":{"line":633,"column":4},"end":{"line":633,"column":88}},"62":{"start":{"line":634,"column":4},"end":{"line":634,"column":16}},"63":{"start":{"line":640,"column":2},"end":{"line":720,"column":3}},"64":{"start":{"line":641,"column":24},"end":{"line":712,"column":5}},"65":{"start":{"line":714,"column":19},"end":{"line":714,"column":51}},"66":{"start":{"line":715,"column":4},"end":{"line":715,"column":71}},"67":{"start":{"line":716,"column":4},"end":{"line":716,"column":18}},"68":{"start":{"line":718,"column":4},"end":{"line":718,"column":81}},"69":{"start":{"line":719,"column":4},"end":{"line":719,"column":16}},"70":{"start":{"line":725,"column":4},"end":{"line":803,"column":5}},"71":{"start":{"line":726,"column":26},"end":{"line":795,"column":7}},"72":{"start":{"line":797,"column":21},"end":{"line":797,"column":53}},"73":{"start":{"line":798,"column":6},"end":{"line":798,"column":74}},"74":{"start":{"line":799,"column":6},"end":{"line":799,"column":20}},"75":{"start":{"line":801,"column":6},"end":{"line":801,"column":84}},"76":{"start":{"line":802,"column":6},"end":{"line":802,"column":18}},"77":{"start":{"line":807,"column":0},"end":{"line":807,"column":36}}},"fnMap":{"0":{"name":"(anonymous_0)","decl":{"start":{"line":6,"column":2},"end":{"line":6,"column":3}},"loc":{"start":{"line":6,"column":16},"end":{"line":20,"column":3}},"line":6},"1":{"name":"(anonymous_1)","decl":{"start":{"line":22,"column":2},"end":{"line":22,"column":3}},"loc":{"start":{"line":22,"column":46},"end":{"line":44,"column":3}},"line":22},"2":{"name":"(anonymous_2)","decl":{"start":{"line":46,"column":2},"end":{"line":46,"column":3}},"loc":{"start":{"line":46,"column":27},"end":{"line":57,"column":3}},"line":46},"3":{"name":"(anonymous_3)","decl":{"start":{"line":59,"column":2},"end":{"line":59,"column":3}},"loc":{"start":{"line":59,"column":31},"end":{"line":76,"column":3}},"line":59},"4":{"name":"(anonymous_4)","decl":{"start":{"line":77,"column":2},"end":{"line":77,"column":3}},"loc":{"start":{"line":77,"column":47},"end":{"line":200,"column":3}},"line":77},"5":{"name":"(anonymous_5)","decl":{"start":{"line":202,"column":2},"end":{"line":202,"column":3}},"loc":{"start":{"line":202,"column":49},"end":{"line":312,"column":3}},"line":202},"6":{"name":"(anonymous_6)","decl":{"start":{"line":314,"column":2},"end":{"line":314,"column":3}},"loc":{"start":{"line":314,"column":30},"end":{"line":418,"column":1}},"line":314},"7":{"name":"(anonymous_7)","decl":{"start":{"line":420,"column":0},"end":{"line":420,"column":1}},"loc":{"start":{"line":420,"column":36},"end":{"line":524,"column":1}},"line":420},"8":{"name":"(anonymous_8)","decl":{"start":{"line":527,"column":2},"end":{"line":527,"column":3}},"loc":{"start":{"line":527,"column":54},"end":{"line":636,"column":1}},"line":527},"9":{"name":"(anonymous_9)","decl":{"start":{"line":639,"column":2},"end":{"line":639,"column":3}},"loc":{"start":{"line":639,"column":53},"end":{"line":721,"column":1}},"line":639},"10":{"name":"(anonymous_10)","decl":{"start":{"line":724,"column":2},"end":{"line":724,"column":3}},"loc":{"start":{"line":724,"column":44},"end":{"line":804,"column":3}},"line":724}},"branchMap":{"0":{"loc":{"start":{"line":7,"column":4},"end":{"line":19,"column":5}},"type":"if","locations":[{"start":{"line":7,"column":4},"end":{"line":19,"column":5}},{"start":{"line":9,"column":11},"end":{"line":19,"column":5}}],"line":7},"1":{"loc":{"start":{"line":11,"column":14},"end":{"line":11,"column":55}},"type":"binary-expr","locations":[{"start":{"line":11,"column":14},"end":{"line":11,"column":35}},{"start":{"line":11,"column":39},"end":{"line":11,"column":55}}],"line":11},"2":{"loc":{"start":{"line":12,"column":14},"end":{"line":12,"column":56}},"type":"binary-expr","locations":[{"start":{"line":12,"column":14},"end":{"line":12,"column":49}},{"start":{"line":12,"column":53},"end":{"line":12,"column":56}}],"line":12},"3":{"loc":{"start":{"line":23,"column":4},"end":{"line":43,"column":5}},"type":"if","locations":[{"start":{"line":23,"column":4},"end":{"line":43,"column":5}},{"start":{"line":33,"column":11},"end":{"line":43,"column":5}}],"line":23},"4":{"loc":{"start":{"line":24,"column":21},"end":{"line":24,"column":50}},"type":"binary-expr","locations":[{"start":{"line":24,"column":21},"end":{"line":24,"column":25}},{"start":{"line":24,"column":29},"end":{"line":24,"column":50}}],"line":24},"5":{"loc":{"start":{"line":34,"column":21},"end":{"line":34,"column":50}},"type":"binary-expr","locations":[{"start":{"line":34,"column":21},"end":{"line":34,"column":25}},{"start":{"line":34,"column":29},"end":{"line":34,"column":50}}],"line":34},"6":{"loc":{"start":{"line":47,"column":4},"end":{"line":50,"column":5}},"type":"if","locations":[{"start":{"line":47,"column":4},"end":{"line":50,"column":5}},{"start":{},"end":{}}],"line":47},"7":{"loc":{"start":{"line":466,"column":26},"end":{"line":466,"column":49}},"type":"binary-expr","locations":[{"start":{"line":466,"column":26},"end":{"line":466,"column":35}},{"start":{"line":466,"column":39},"end":{"line":466,"column":49}}],"line":466}},"s":{"0":0,"1":0,"2":0,"3":0,"4":0,"5":0,"6":0,"7":0,"8":0,"9":0,"10":0,"11":0,"12":0,"13":0,"14":0,"15":0,"16":0,"17":0,"18":0,"19":0,"20":0,"21":0,"22":0,"23":0,"24":0,"25":0,"26":0,"27":0,"28":0,"29":0,"30":0,"31":0,"32":0,"33":0,"34":0,"35":0,"36":0,"37":0,"38":0,"39":0,"40":0,"41":0,"42":0,"43":0,"44":0,"45":0,"46":0,"47":0,"48":0,"49":0,"50":0,"51":0,"52":0,"53":0,"54":0,"55":0,"56":0,"57":0,"58":0,"59":0,"60":0,"61":0,"62":0,"63":0,"64":0,"65":0,"66":0,"67":0,"68":0,"69":0,"70":0,"71":0,"72":0,"73":0,"74":0,"75":0,"76":0,"77":0},"f":{"0":0,"1":0,"2":0,"3":0,"4":0,"5":0,"6":0,"7":0,"8":0,"9":0,"10":0},"b":{"0":[0,0],"1":[0,0],"2":[0,0],"3":[0,0],"4":[0,0],"5":[0,0],"6":[0,0],"7":[0,0]}}
,"C:\\Users\\HP\\Desktop\\deeladplace\\backend\\src\\utils\\filterBuilder.js": {"path":"C:\\Users\\HP\\Desktop\\deeladplace\\backend\\src\\utils\\filterBuilder.js","statementMap":{"0":{"start":{"line":37,"column":6},"end":{"line":37,"column":13}},"1":{"start":{"line":39,"column":17},"end":{"line":39,"column":27}},"2":{"start":{"line":40,"column":18},"end":{"line":40,"column":20}},"3":{"start":{"line":41,"column":19},"end":{"line":41,"column":20}},"4":{"start":{"line":44,"column":2},"end":{"line":48,"column":3}},"5":{"start":{"line":45,"column":27},"end":{"line":45,"column":46}},"6":{"start":{"line":46,"column":4},"end":{"line":46,"column":32}},"7":{"start":{"line":47,"column":4},"end":{"line":47,"column":78}},"8":{"start":{"line":50,"column":2},"end":{"line":54,"column":3}},"9":{"start":{"line":51,"column":25},"end":{"line":51,"column":46}},"10":{"start":{"line":52,"column":4},"end":{"line":52,"column":30}},"11":{"start":{"line":53,"column":4},"end":{"line":53,"column":78}},"12":{"start":{"line":57,"column":2},"end":{"line":60,"column":3}},"13":{"start":{"line":58,"column":4},"end":{"line":58,"column":27}},"14":{"start":{"line":59,"column":4},"end":{"line":59,"column":63}},"15":{"start":{"line":63,"column":2},"end":{"line":66,"column":3}},"16":{"start":{"line":64,"column":4},"end":{"line":64,"column":30}},"17":{"start":{"line":65,"column":4},"end":{"line":65,"column":68}},"18":{"start":{"line":69,"column":19},"end":{"line":69,"column":71}},"19":{"start":{"line":71,"column":2},"end":{"line":75,"column":4}},"20":{"start":{"line":86,"column":2},"end":{"line":88,"column":3}},"21":{"start":{"line":87,"column":4},"end":{"line":87,"column":29}},"22":{"start":{"line":90,"column":2},"end":{"line":100,"column":3}},"23":{"start":{"line":91,"column":22},"end":{"line":91,"column":37}},"24":{"start":{"line":92,"column":20},"end":{"line":92,"column":33}},"25":{"start":{"line":94,"column":4},"end":{"line":99,"column":5}},"26":{"start":{"line":95,"column":6},"end":{"line":98,"column":8}},"27":{"start":{"line":102,"column":2},"end":{"line":102,"column":27}},"28":{"start":{"line":105,"column":0},"end":{"line":108,"column":2}}},"fnMap":{"0":{"name":"buildSalesFilters","decl":{"start":{"line":30,"column":9},"end":{"line":30,"column":26}},"loc":{"start":{"line":30,"column":51},"end":{"line":76,"column":1}},"line":30},"1":{"name":"validateDateRange","decl":{"start":{"line":85,"column":9},"end":{"line":85,"column":26}},"loc":{"start":{"line":85,"column":39},"end":{"line":103,"column":1}},"line":85}},"branchMap":{"0":{"loc":{"start":{"line":30,"column":37},"end":{"line":30,"column":49}},"type":"default-arg","locations":[{"start":{"line":30,"column":47},"end":{"line":30,"column":49}}],"line":30},"1":{"loc":{"start":{"line":36,"column":4},"end":{"line":36,"column":21}},"type":"default-arg","locations":[{"start":{"line":36,"column":17},"end":{"line":36,"column":21}}],"line":36},"2":{"loc":{"start":{"line":44,"column":2},"end":{"line":48,"column":3}},"type":"if","locations":[{"start":{"line":44,"column":2},"end":{"line":48,"column":3}},{"start":{},"end":{}}],"line":44},"3":{"loc":{"start":{"line":50,"column":2},"end":{"line":54,"column":3}},"type":"if","locations":[{"start":{"line":50,"column":2},"end":{"line":54,"column":3}},{"start":{},"end":{}}],"line":50},"4":{"loc":{"start":{"line":57,"column":2},"end":{"line":60,"column":3}},"type":"if","locations":[{"start":{"line":57,"column":2},"end":{"line":60,"column":3}},{"start":{},"end":{}}],"line":57},"5":{"loc":{"start":{"line":63,"column":2},"end":{"line":66,"column":3}},"type":"if","locations":[{"start":{"line":63,"column":2},"end":{"line":66,"column":3}},{"start":{},"end":{}}],"line":63},"6":{"loc":{"start":{"line":69,"column":19},"end":{"line":69,"column":71}},"type":"cond-expr","locations":[{"start":{"line":69,"column":36},"end":{"line":69,"column":66}},{"start":{"line":69,"column":69},"end":{"line":69,"column":71}}],"line":69},"7":{"loc":{"start":{"line":86,"column":2},"end":{"line":88,"column":3}},"type":"if","locations":[{"start":{"line":86,"column":2},"end":{"line":88,"column":3}},{"start":{},"end":{}}],"line":86},"8":{"loc":{"start":{"line":86,"column":6},"end":{"line":86,"column":20}},"type":"binary-expr","locations":[{"start":{"line":86,"column":6},"end":{"line":86,"column":12}},{"start":{"line":86,"column":16},"end":{"line":86,"column":20}}],"line":86},"9":{"loc":{"start":{"line":90,"column":2},"end":{"line":100,"column":3}},"type":"if","locations":[{"start":{"line":90,"column":2},"end":{"line":100,"column":3}},{"start":{},"end":{}}],"line":90},"10":{"loc":{"start":{"line":90,"column":6},"end":{"line":90,"column":18}},"type":"binary-expr","locations":[{"start":{"line":90,"column":6},"end":{"line":90,"column":11}},{"start":{"line":90,"column":15},"end":{"line":90,"column":18}}],"line":90},"11":{"loc":{"start":{"line":94,"column":4},"end":{"line":99,"column":5}},"type":"if","locations":[{"start":{"line":94,"column":4},"end":{"line":99,"column":5}},{"start":{},"end":{}}],"line":94}},"s":{"0":8,"1":8,"2":8,"3":8,"4":8,"5":4,"6":4,"7":4,"8":8,"9":3,"10":3,"11":3,"12":8,"13":2,"14":2,"15":8,"16":2,"17":2,"18":8,"19":8,"20":5,"21":1,"22":4,"23":2,"24":2,"25":2,"26":1,"27":3,"28":1},"f":{"0":8,"1":5},"b":{"0":[0],"1":[7],"2":[4,4],"3":[3,5],"4":[2,6],"5":[2,6],"6":[7,1],"7":[1,4],"8":[5,2],"9":[2,2],"10":[4,3],"11":[1,1]},"_coverageSchema":"1a1c01bbd47fc00a2c39e90264f33305004495a9","hash":"ae1f5061f5a5f8a9203055bcaece5296e365600d"}
,"C:\\Users\\HP\\Desktop\\deeladplace\\backend\\src\\utils\\helpers.js": {"path":"C:\\Users\\HP\\Desktop\\deeladplace\\backend\\src\\utils\\helpers.js","statementMap":{"0":{"start":{"line":1,"column":23},"end":{"line":6,"column":1}},"1":{"start":{"line":2,"column":2},"end":{"line":5,"column":20}},"2":{"start":{"line":8,"column":19},"end":{"line":10,"column":1}},"3":{"start":{"line":9,"column":2},"end":{"line":9,"column":52}},"4":{"start":{"line":12,"column":31},"end":{"line":19,"column":1}},"5":{"start":{"line":13,"column":16},"end":{"line":13,"column":80}},"6":{"start":{"line":14,"column":15},"end":{"line":14,"column":17}},"7":{"start":{"line":15,"column":2},"end":{"line":17,"column":3}},"8":{"start":{"line":15,"column":15},"end":{"line":15,"column":16}},"9":{"start":{"line":16,"column":4},"end":{"line":16,"column":69}},"10":{"start":{"line":18,"column":2},"end":{"line":18,"column":16}},"11":{"start":{"line":21,"column":0},"end":{"line":25,"column":2}}},"fnMap":{"0":{"name":"(anonymous_0)","decl":{"start":{"line":1,"column":23},"end":{"line":1,"column":24}},"loc":{"start":{"line":1,"column":35},"end":{"line":6,"column":1}},"line":1},"1":{"name":"(anonymous_1)","decl":{"start":{"line":8,"column":19},"end":{"line":8,"column":20}},"loc":{"start":{"line":8,"column":29},"end":{"line":10,"column":1}},"line":8},"2":{"name":"(anonymous_2)","decl":{"start":{"line":12,"column":31},"end":{"line":12,"column":32}},"loc":{"start":{"line":12,"column":47},"end":{"line":19,"column":1}},"line":12}},"branchMap":{"0":{"loc":{"start":{"line":12,"column":32},"end":{"line":12,"column":42}},"type":"default-arg","locations":[{"start":{"line":12,"column":41},"end":{"line":12,"column":42}}],"line":12}},"s":{"0":0,"1":0,"2":0,"3":0,"4":0,"5":0,"6":0,"7":0,"8":0,"9":0,"10":0,"11":0},"f":{"0":0,"1":0,"2":0},"b":{"0":[0]}}
,"C:\\Users\\HP\\Desktop\\deeladplace\\backend\\src\\utils\\paystackPlans.js": {"path":"C:\\Users\\HP\\Desktop\\deeladplace\\backend\\src\\utils\\paystackPlans.js","statementMap":{"0":{"start":{"line":2,"column":14},"end":{"line":2,"column":30}},"1":{"start":{"line":3,"column":0},"end":{"line":3,"column":27}},"2":{"start":{"line":5,"column":24},"end":{"line":5,"column":55}},"3":{"start":{"line":8,"column":18},"end":{"line":8,"column":22}},"4":{"start":{"line":9,"column":20},"end":{"line":9,"column":21}},"5":{"start":{"line":12,"column":14},"end":{"line":12,"column":24}},"6":{"start":{"line":15,"column":2},"end":{"line":17,"column":3}},"7":{"start":{"line":16,"column":4},"end":{"line":16,"column":23}},"8":{"start":{"line":19,"column":2},"end":{"line":53,"column":3}},"9":{"start":{"line":20,"column":17},"end":{"line":27,"column":5}},"10":{"start":{"line":29,"column":18},"end":{"line":29,"column":32}},"11":{"start":{"line":31,"column":4},"end":{"line":31,"column":23}},"12":{"start":{"line":34,"column":20},"end":{"line":34,"column":22}},"13":{"start":{"line":35,"column":4},"end":{"line":43,"column":7}},"14":{"start":{"line":36,"column":6},"end":{"line":42,"column":8}},"15":{"start":{"line":45,"column":4},"end":{"line":45,"column":26}},"16":{"start":{"line":46,"column":4},"end":{"line":46,"column":24}},"17":{"start":{"line":48,"column":4},"end":{"line":48,"column":19}},"18":{"start":{"line":51,"column":4},"end":{"line":51,"column":87}},"19":{"start":{"line":52,"column":4},"end":{"line":52,"column":14}},"20":{"start":{"line":56,"column":0},"end":{"line":56,"column":40}}},"fnMap":{"0":{"name":"fetchPaystackPlans","decl":{"start":{"line":11,"column":15},"end":{"line":11,"column":33}},"loc":{"start":{"line":11,"column":36},"end":{"line":54,"column":1}},"line":11},"1":{"name":"(anonymous_1)","decl":{"start":{"line":35,"column":18},"end":{"line":35,"column":19}},"loc":{"start":{"line":35,"column":26},"end":{"line":43,"column":5}},"line":35}},"branchMap":{"0":{"loc":{"start":{"line":15,"column":2},"end":{"line":17,"column":3}},"type":"if","locations":[{"start":{"line":15,"column":2},"end":{"line":17,"column":3}},{"start":{},"end":{}}],"line":15},"1":{"loc":{"start":{"line":15,"column":6},"end":{"line":15,"column":57}},"type":"binary-expr","locations":[{"start":{"line":15,"column":6},"end":{"line":15,"column":17}},{"start":{"line":15,"column":21},"end":{"line":15,"column":57}}],"line":15},"2":{"loc":{"start":{"line":51,"column":52},"end":{"line":51,"column":85}},"type":"binary-expr","locations":[{"start":{"line":51,"column":52},"end":{"line":51,"column":70}},{"start":{"line":51,"column":74},"end":{"line":51,"column":85}}],"line":51}},"s":{"0":0,"1":0,"2":0,"3":0,"4":0,"5":0,"6":0,"7":0,"8":0,"9":0,"10":0,"11":0,"12":0,"13":0,"14":0,"15":0,"16":0,"17":0,"18":0,"19":0,"20":0},"f":{"0":0,"1":0},"b":{"0":[0,0],"1":[0,0],"2":[0,0]}}
,"C:\\Users\\HP\\Desktop\\deeladplace\\backend\\src\\utils\\sql.js": {"path":"C:\\Users\\HP\\Desktop\\deeladplace\\backend\\src\\utils\\sql.js","statementMap":{"0":{"start":{"line":3,"column":28},"end":{"line":9,"column":1}},"1":{"start":{"line":11,"column":29},"end":{"line":17,"column":1}},"2":{"start":{"line":19,"column":22},"end":{"line":21,"column":1}},"3":{"start":{"line":23,"column":35},"end":{"line":28,"column":1}},"4":{"start":{"line":30,"column":19},"end":{"line":32,"column":21}},"5":{"start":{"line":35,"column":17},"end":{"line":39,"column":1}},"6":{"start":{"line":41,"column":28},"end":{"line":45,"column":1}},"7":{"start":{"line":47,"column":36},"end":{"line":58,"column":3}},"8":{"start":{"line":61,"column":35},"end":{"line":69,"column":3}},"9":{"start":{"line":71,"column":32},"end":{"line":77,"column":3}},"10":{"start":{"line":79,"column":30},"end":{"line":85,"column":1}},"11":{"start":{"line":87,"column":29},"end":{"line":94,"column":1}},"12":{"start":{"line":96,"column":19},"end":{"line":117,"column":1}},"13":{"start":{"line":119,"column":23},"end":{"line":123,"column":1}},"14":{"start":{"line":125,"column":24},"end":{"line":129,"column":1}},"15":{"start":{"line":131,"column":24},"end":{"line":134,"column":1}},"16":{"start":{"line":135,"column":23},"end":{"line":140,"column":1}},"17":{"start":{"line":141,"column":24},"end":{"line":144,"column":16}},"18":{"start":{"line":147,"column":0},"end":{"line":166,"column":2}}},"fnMap":{},"branchMap":{},"s":{"0":0,"1":0,"2":0,"3":0,"4":0,"5":0,"6":0,"7":0,"8":0,"9":0,"10":0,"11":0,"12":0,"13":0,"14":0,"15":0,"16":0,"17":0,"18":0},"f":{},"b":{}}
}
