TN:
SF:src\config\constants.js
FNF:0
FNH:0
DA:1,0
LF:1
LH:0
BRF:0
BRH:0
end_of_record
TN:
SF:src\config\database.js
FN:12,(anonymous_0)
FN:16,(anonymous_1)
FN:21,(anonymous_2)
FNF:3
FNH:0
FNDA:0,(anonymous_0)
FNDA:0,(anonymous_1)
FNDA:0,(anonymous_2)
DA:1,0
DA:2,0
DA:4,0
DA:12,0
DA:13,0
DA:16,0
DA:17,0
DA:20,0
DA:21,0
LF:9
LH:0
BRF:0
BRH:0
end_of_record
TN:
SF:src\controllers\auth.controller.js
FN:21,signup
FN:59,(anonymous_1)
FN:79,login
FN:111,(anonymous_3)
FN:139,(anonymous_4)
FN:191,(anonymous_5)
FN:230,(anonymous_6)
FNF:7
FNH:0
FNDA:0,signup
FNDA:0,(anonymous_1)
FNDA:0,login
FNDA:0,(anonymous_3)
FNDA:0,(anonymous_4)
FNDA:0,(anonymous_5)
FNDA:0,(anonymous_6)
DA:1,0
DA:2,0
DA:3,0
DA:4,0
DA:5,0
DA:6,0
DA:8,0
DA:11,0
DA:12,0
DA:14,0
DA:22,0
DA:23,0
DA:24,0
DA:27,0
DA:28,0
DA:29,0
DA:31,0
DA:35,0
DA:37,0
DA:39,0
DA:40,0
DA:42,0
DA:48,0
DA:50,0
DA:52,0
DA:59,0
DA:60,0
DA:63,0
DA:66,0
DA:67,0
DA:68,0
DA:70,0
DA:80,0
DA:81,0
DA:83,0
DA:84,0
DA:92,0
DA:93,0
DA:96,0
DA:97,0
DA:100,0
DA:101,0
DA:103,0
DA:110,0
DA:111,0
DA:113,0
DA:128,0
DA:129,0
DA:139,0
DA:140,0
DA:141,0
DA:143,0
DA:144,0
DA:146,0
DA:152,0
DA:153,0
DA:159,0
DA:161,0
DA:162,0
DA:163,0
DA:165,0
DA:173,0
DA:175,0
DA:181,0
DA:182,0
DA:191,0
DA:192,0
DA:193,0
DA:195,0
DA:196,0
DA:200,0
DA:203,0
DA:209,0
DA:210,0
DA:213,0
DA:216,0
DA:219,0
DA:226,0
DA:229,0
DA:230,0
DA:232,0
DA:235,0
DA:236,0
DA:241,0
LF:84
LH:0
BRDA:11,0,0,0
BRDA:11,0,1,0
BRDA:23,1,0,0
BRDA:23,1,1,0
BRDA:23,2,0,0
BRDA:23,2,1,0
BRDA:23,2,2,0
BRDA:81,3,0,0
BRDA:81,3,1,0
BRDA:81,4,0,0
BRDA:81,4,1,0
BRDA:93,5,0,0
BRDA:93,5,1,0
BRDA:96,6,0,0
BRDA:96,6,1,0
BRDA:100,7,0,0
BRDA:100,7,1,0
BRDA:101,8,0,0
BRDA:101,8,1,0
BRDA:143,9,0,0
BRDA:143,9,1,0
BRDA:152,10,0,0
BRDA:152,10,1,0
BRDA:195,11,0,0
BRDA:195,11,1,0
BRDA:195,12,0,0
BRDA:195,12,1,0
BRDA:209,13,0,0
BRDA:209,13,1,0
BRF:29
BRH:0
end_of_record
TN:
SF:src\controllers\costing.controller.js
FN:3,compute
FN:27,saveSnapshot
FNF:2
FNH:0
FNDA:0,compute
FNDA:0,saveSnapshot
DA:1,0
DA:4,0
DA:5,0
DA:8,0
DA:10,0
DA:11,0
DA:17,0
DA:22,0
DA:23,0
DA:28,0
DA:29,0
DA:30,0
DA:32,0
DA:51,0
DA:54,0
LF:15
LH:0
BRDA:12,0,0,0
BRDA:12,0,1,0
BRDA:13,1,0,0
BRDA:13,1,1,0
BRDA:14,2,0,0
BRDA:14,2,1,0
BRDA:41,3,0,0
BRDA:41,3,1,0
BRF:8
BRH:0
end_of_record
TN:
SF:src\controllers\expenseController.js
FN:3,(anonymous_0)
FN:45,(anonymous_1)
FN:66,(anonymous_2)
FN:87,(anonymous_3)
FN:116,(anonymous_4)
FNF:5
FNH:0
FNDA:0,(anonymous_0)
FNDA:0,(anonymous_1)
FNDA:0,(anonymous_2)
FNDA:0,(anonymous_3)
FNDA:0,(anonymous_4)
DA:1,0
DA:3,0
DA:4,0
DA:5,0
DA:7,0
DA:8,0
DA:18,0
DA:20,0
DA:30,0
DA:36,0
DA:37,0
DA:45,0
DA:46,0
DA:47,0
DA:49,0
DA:51,0
DA:57,0
DA:58,0
DA:66,0
DA:67,0
DA:68,0
DA:70,0
DA:72,0
DA:78,0
DA:79,0
DA:87,0
DA:88,0
DA:89,0
DA:90,0
DA:92,0
DA:94,0
DA:95,0
DA:101,0
DA:107,0
DA:108,0
DA:116,0
DA:117,0
DA:118,0
DA:119,0
DA:121,0
DA:123,0
DA:124,0
DA:130,0
DA:136,0
DA:137,0
LF:45
LH:0
BRDA:7,0,0,0
BRDA:7,0,1,0
BRDA:27,1,0,0
BRDA:27,1,1,0
BRDA:94,2,0,0
BRDA:94,2,1,0
BRDA:123,3,0,0
BRDA:123,3,1,0
BRF:8
BRH:0
end_of_record
TN:
SF:src\controllers\inventory.controller.js
FN:5,createMovement
FN:62,issueToProduction
FN:112,recordProduction
FNF:3
FNH:0
FNDA:0,createMovement
FNDA:0,issueToProduction
FNDA:0,recordProduction
DA:2,0
DA:3,0
DA:6,0
DA:7,0
DA:16,0
DA:19,0
DA:20,0
DA:26,0
DA:28,0
DA:41,0
DA:42,0
DA:45,0
DA:54,0
DA:57,0
DA:58,0
DA:63,0
DA:64,0
DA:65,0
DA:67,0
DA:68,0
DA:71,0
DA:72,0
DA:74,0
DA:75,0
DA:77,0
DA:78,0
DA:82,0
DA:94,0
DA:102,0
DA:105,0
DA:107,0
DA:108,0
DA:113,0
DA:114,0
DA:115,0
DA:117,0
DA:118,0
DA:121,0
DA:123,0
DA:128,0
DA:129,0
DA:136,0
DA:143,0
DA:144,0
DA:147,0
DA:152,0
DA:155,0
DA:164,0
DA:166,0
DA:173,0
DA:174,0
DA:184,0
LF:52
LH:0
BRDA:7,0,0,0
BRDA:7,0,1,0
BRDA:13,1,0,0
BRDA:14,2,0,0
BRDA:15,3,0,0
BRDA:19,4,0,0
BRDA:19,4,1,0
BRDA:19,5,0,0
BRDA:19,5,1,0
BRDA:19,5,2,0
BRDA:19,5,3,0
BRDA:42,6,0,0
BRDA:42,6,1,0
BRDA:50,7,0,0
BRDA:50,7,1,0
BRDA:64,8,0,0
BRDA:64,8,1,0
BRDA:67,9,0,0
BRDA:67,9,1,0
BRDA:67,10,0,0
BRDA:67,10,1,0
BRDA:67,10,2,0
BRDA:75,11,0,0
BRDA:75,12,0,0
BRDA:77,13,0,0
BRDA:77,13,1,0
BRDA:77,14,0,0
BRDA:77,14,1,0
BRDA:99,15,0,0
BRDA:99,15,1,0
BRDA:114,16,0,0
BRDA:114,16,1,0
BRDA:117,17,0,0
BRDA:117,17,1,0
BRDA:117,18,0,0
BRDA:117,18,1,0
BRDA:128,19,0,0
BRDA:128,19,1,0
BRDA:143,20,0,0
BRDA:143,20,1,0
BRDA:152,21,0,0
BRDA:152,21,1,0
BRF:42
BRH:0
end_of_record
TN:
SF:src\controllers\inventoryController.js
FN:3,(anonymous_0)
FN:31,(anonymous_1)
FN:49,(anonymous_2)
FN:59,(anonymous_3)
FNF:4
FNH:0
FNDA:0,(anonymous_0)
FNDA:0,(anonymous_1)
FNDA:0,(anonymous_2)
FNDA:0,(anonymous_3)
DA:1,0
DA:3,0
DA:4,0
DA:5,0
DA:7,0
DA:16,0
DA:23,0
DA:24,0
DA:31,0
DA:32,0
DA:33,0
DA:34,0
DA:40,0
DA:41,0
DA:49,0
DA:50,0
DA:51,0
DA:52,0
DA:54,0
DA:55,0
DA:59,0
DA:60,0
DA:61,0
DA:62,0
DA:63,0
DA:65,0
DA:66,0
DA:73,0
LF:28
LH:0
BRDA:13,0,0,0
BRDA:13,0,1,0
BRF:2
BRH:0
end_of_record
TN:
SF:src\controllers\invite.controller.js
FN:12,inviteUser
FN:99,acceptInvite
FN:229,getUserInvites
FN:254,cancelInvite
FN:300,deleteInvite
FNF:5
FNH:0
FNDA:0,inviteUser
FNDA:0,acceptInvite
FNDA:0,getUserInvites
FNDA:0,cancelInvite
FNDA:0,deleteInvite
DA:2,0
DA:3,0
DA:4,0
DA:5,0
DA:13,0
DA:14,0
DA:15,0
DA:17,0
DA:18,0
DA:21,0
DA:26,0
DA:28,0
DA:29,0
DA:32,0
DA:36,0
DA:37,0
DA:39,0
DA:42,0
DA:46,0
DA:47,0
DA:51,0
DA:55,0
DA:56,0
DA:59,0
DA:62,0
DA:78,0
DA:85,0
DA:87,0
DA:88,0
DA:100,0
DA:101,0
DA:103,0
DA:104,0
DA:107,0
DA:114,0
DA:115,0
DA:116,0
DA:118,0
DA:119,0
DA:126,0
DA:132,0
DA:139,0
DA:140,0
DA:161,0
DA:166,0
DA:178,0
DA:179,0
DA:189,0
DA:207,0
DA:212,0
DA:219,0
DA:220,0
DA:230,0
DA:231,0
DA:232,0
DA:233,0
DA:235,0
DA:244,0
DA:246,0
DA:247,0
DA:255,0
DA:256,0
DA:257,0
DA:259,0
DA:260,0
DA:263,0
DA:268,0
DA:269,0
DA:272,0
DA:274,0
DA:278,0
DA:282,0
DA:288,0
DA:293,0
DA:295,0
DA:296,0
DA:301,0
DA:302,0
DA:303,0
DA:305,0
DA:306,0
DA:309,0
DA:314,0
DA:315,0
DA:317,0
DA:319,0
DA:321,0
DA:322,0
DA:327,0
LF:89
LH:0
BRDA:17,0,0,0
BRDA:17,0,1,0
BRDA:17,1,0,0
BRDA:17,1,1,0
BRDA:28,2,0,0
BRDA:28,2,1,0
BRDA:36,3,0,0
BRDA:36,3,1,0
BRDA:46,4,0,0
BRDA:46,4,1,0
BRDA:55,5,0,0
BRDA:55,5,1,0
BRDA:103,6,0,0
BRDA:103,6,1,0
BRDA:103,7,0,0
BRDA:103,7,1,0
BRDA:115,8,0,0
BRDA:115,8,1,0
BRDA:119,9,0,0
BRDA:119,9,1,0
BRDA:139,10,0,0
BRDA:139,10,1,0
BRDA:139,11,0,0
BRDA:139,11,1,0
BRDA:178,12,0,0
BRDA:178,12,1,0
BRDA:178,13,0,0
BRDA:178,13,1,0
BRDA:232,14,0,0
BRDA:232,14,1,0
BRDA:232,15,0,0
BRDA:232,15,1,0
BRDA:259,16,0,0
BRDA:259,16,1,0
BRDA:259,17,0,0
BRDA:259,17,1,0
BRDA:269,18,0,0
BRDA:269,18,1,0
BRDA:272,19,0,0
BRDA:272,19,1,0
BRDA:305,20,0,0
BRDA:305,20,1,0
BRDA:305,21,0,0
BRDA:305,21,1,0
BRDA:314,22,0,0
BRDA:314,22,1,0
BRF:46
BRH:0
end_of_record
TN:
SF:src\controllers\labour.controller.js
FN:4,(anonymous_0)
FN:33,(anonymous_1)
FN:48,(anonymous_2)
FN:78,(anonymous_3)
FNF:4
FNH:0
FNDA:0,(anonymous_0)
FNDA:0,(anonymous_1)
FNDA:0,(anonymous_2)
FNDA:0,(anonymous_3)
DA:1,0
DA:4,0
DA:5,0
DA:6,0
DA:8,0
DA:9,0
DA:13,0
DA:14,0
DA:17,0
DA:18,0
DA:25,0
DA:27,0
DA:28,0
DA:33,0
DA:34,0
DA:35,0
DA:36,0
DA:40,0
DA:42,0
DA:43,0
DA:48,0
DA:49,0
DA:50,0
DA:51,0
DA:53,0
DA:54,0
DA:57,0
DA:58,0
DA:66,0
DA:67,0
DA:70,0
DA:72,0
DA:73,0
DA:78,0
DA:79,0
DA:80,0
DA:82,0
DA:83,0
DA:88,0
DA:89,0
DA:92,0
DA:94,0
DA:95,0
LF:43
LH:0
BRDA:8,0,0,0
BRDA:8,0,1,0
BRDA:8,1,0,0
BRDA:8,1,1,0
BRDA:8,1,2,0
BRDA:8,1,3,0
BRDA:13,2,0,0
BRDA:13,2,1,0
BRDA:53,3,0,0
BRDA:53,3,1,0
BRDA:53,4,0,0
BRDA:53,4,1,0
BRDA:53,4,2,0
BRDA:53,4,3,0
BRDA:66,5,0,0
BRDA:66,5,1,0
BRDA:88,6,0,0
BRDA:88,6,1,0
BRF:18
BRH:0
end_of_record
TN:
SF:src\controllers\material.controller.js
FN:3,getMaterials
FN:14,createMaterial
FN:24,updateMaterial
FN:35,deleteMaterial
FNF:4
FNH:0
FNDA:0,getMaterials
FNDA:0,createMaterial
FNDA:0,updateMaterial
FNDA:0,deleteMaterial
DA:1,0
DA:4,0
DA:5,0
DA:6,0
DA:8,0
DA:10,0
DA:15,0
DA:16,0
DA:17,0
DA:18,0
DA:20,0
DA:25,0
DA:26,0
DA:27,0
DA:28,0
DA:29,0
DA:31,0
DA:36,0
DA:37,0
DA:38,0
DA:39,0
DA:40,0
DA:42,0
DA:46,0
LF:24
LH:0
BRF:0
BRH:0
end_of_record
TN:
SF:src\controllers\opex.controller.js
FN:4,(anonymous_0)
FN:37,(anonymous_1)
FN:54,(anonymous_2)
FN:92,(anonymous_3)
FNF:4
FNH:0
FNDA:0,(anonymous_0)
FNDA:0,(anonymous_1)
FNDA:0,(anonymous_2)
FNDA:0,(anonymous_3)
DA:1,0
DA:4,0
DA:5,0
DA:6,0
DA:8,0
DA:9,0
DA:12,0
DA:13,0
DA:16,0
DA:17,0
DA:20,0
DA:21,0
DA:29,0
DA:31,0
DA:32,0
DA:37,0
DA:38,0
DA:40,0
DA:41,0
DA:46,0
DA:48,0
DA:49,0
DA:54,0
DA:55,0
DA:56,0
DA:57,0
DA:59,0
DA:60,0
DA:63,0
DA:64,0
DA:67,0
DA:68,0
DA:71,0
DA:72,0
DA:80,0
DA:81,0
DA:84,0
DA:86,0
DA:87,0
DA:92,0
DA:93,0
DA:94,0
DA:96,0
DA:97,0
DA:102,0
DA:103,0
DA:106,0
DA:108,0
DA:109,0
LF:49
LH:0
BRDA:8,0,0,0
BRDA:8,0,1,0
BRDA:8,1,0,0
BRDA:8,1,1,0
BRDA:8,1,2,0
BRDA:12,2,0,0
BRDA:12,2,1,0
BRDA:12,3,0,0
BRDA:12,3,1,0
BRDA:16,4,0,0
BRDA:16,4,1,0
BRDA:16,5,0,0
BRDA:16,5,1,0
BRDA:59,6,0,0
BRDA:59,6,1,0
BRDA:59,7,0,0
BRDA:59,7,1,0
BRDA:63,8,0,0
BRDA:63,8,1,0
BRDA:63,9,0,0
BRDA:63,9,1,0
BRDA:67,10,0,0
BRDA:67,10,1,0
BRDA:67,11,0,0
BRDA:67,11,1,0
BRDA:80,12,0,0
BRDA:80,12,1,0
BRDA:102,13,0,0
BRDA:102,13,1,0
BRF:29
BRH:0
end_of_record
TN:
SF:src\controllers\packaging.controller.js
FN:3,(anonymous_0)
FN:25,(anonymous_1)
FN:42,(anonymous_2)
FN:73,(anonymous_3)
FNF:4
FNH:0
FNDA:0,(anonymous_0)
FNDA:0,(anonymous_1)
FNDA:0,(anonymous_2)
FNDA:0,(anonymous_3)
DA:1,0
DA:3,0
DA:4,0
DA:5,0
DA:7,0
DA:8,0
DA:11,0
DA:12,0
DA:18,0
DA:20,0
DA:21,0
DA:25,0
DA:26,0
DA:28,0
DA:29,0
DA:34,0
DA:36,0
DA:37,0
DA:42,0
DA:43,0
DA:44,0
DA:45,0
DA:47,0
DA:48,0
DA:51,0
DA:52,0
DA:60,0
DA:61,0
DA:64,0
DA:66,0
DA:67,0
DA:73,0
DA:74,0
DA:75,0
DA:77,0
DA:78,0
DA:85,0
DA:86,0
DA:89,0
DA:91,0
DA:92,0
LF:41
LH:0
BRDA:7,0,0,0
BRDA:7,0,1,0
BRDA:7,1,0,0
BRDA:7,1,1,0
BRDA:47,2,0,0
BRDA:47,2,1,0
BRDA:47,3,0,0
BRDA:47,3,1,0
BRDA:60,4,0,0
BRDA:60,4,1,0
BRDA:85,5,0,0
BRDA:85,5,1,0
BRF:12
BRH:0
end_of_record
TN:
SF:src\controllers\packagingMap.controller.js
FN:3,(anonymous_0)
FN:26,(anonymous_1)
FN:44,(anonymous_2)
FN:68,(anonymous_3)
FNF:4
FNH:0
FNDA:0,(anonymous_0)
FNDA:0,(anonymous_1)
FNDA:0,(anonymous_2)
FNDA:0,(anonymous_3)
DA:1,0
DA:3,0
DA:4,0
DA:5,0
DA:7,0
DA:8,0
DA:11,0
DA:12,0
DA:19,0
DA:21,0
DA:22,0
DA:26,0
DA:27,0
DA:28,0
DA:30,0
DA:31,0
DA:37,0
DA:39,0
DA:40,0
DA:44,0
DA:45,0
DA:46,0
DA:48,0
DA:49,0
DA:56,0
DA:57,0
DA:60,0
DA:62,0
DA:63,0
DA:68,0
DA:69,0
DA:70,0
DA:71,0
DA:73,0
DA:74,0
DA:77,0
DA:78,0
DA:86,0
DA:87,0
DA:90,0
DA:92,0
DA:93,0
LF:42
LH:0
BRDA:7,0,0,0
BRDA:7,0,1,0
BRDA:7,1,0,0
BRDA:7,1,1,0
BRDA:7,1,2,0
BRDA:56,2,0,0
BRDA:56,2,1,0
BRDA:73,3,0,0
BRDA:73,3,1,0
BRDA:73,4,0,0
BRDA:73,4,1,0
BRDA:86,5,0,0
BRDA:86,5,1,0
BRF:13
BRH:0
end_of_record
TN:
SF:src\controllers\pos.controller.js
FN:6,recordSale
FN:110,closeShift
FN:159,(anonymous_2)
FN:160,(anonymous_3)
FN:165,(anonymous_4)
FN:171,(anonymous_5)
FN:218,openShift
FNF:7
FNH:0
FNDA:0,recordSale
FNDA:0,closeShift
FNDA:0,(anonymous_2)
FNDA:0,(anonymous_3)
FNDA:0,(anonymous_4)
FNDA:0,(anonymous_5)
FNDA:0,openShift
DA:2,0
DA:3,0
DA:7,0
DA:8,0
DA:20,0
DA:24,0
DA:25,0
DA:31,0
DA:33,0
DA:56,0
DA:59,0
DA:68,0
DA:69,0
DA:70,0
DA:73,0
DA:84,0
DA:92,0
DA:99,0
DA:100,0
DA:111,0
DA:112,0
DA:113,0
DA:115,0
DA:116,0
DA:119,0
DA:121,0
DA:125,0
DA:127,0
DA:128,0
DA:131,0
DA:132,0
DA:139,0
DA:159,0
DA:160,0
DA:163,0
DA:165,0
DA:166,0
DA:169,0
DA:171,0
DA:172,0
DA:173,0
DA:174,0
DA:175,0
DA:176,0
DA:177,0
DA:183,0
DA:189,0
DA:193,0
DA:201,0
DA:211,0
DA:212,0
DA:219,0
DA:220,0
DA:222,0
DA:224,0
DA:230,0
DA:232,0
DA:236,0
DA:242,0
DA:244,0
DA:245,0
DA:249,0
LF:62
LH:0
BRDA:8,0,0,0
BRDA:8,0,1,0
BRDA:15,1,0,0
BRDA:18,2,0,0
BRDA:24,3,0,0
BRDA:24,3,1,0
BRDA:24,4,0,0
BRDA:24,4,1,0
BRDA:24,4,2,0
BRDA:69,5,0,0
BRDA:69,5,1,0
BRDA:112,6,0,0
BRDA:112,6,1,0
BRDA:115,7,0,0
BRDA:115,7,1,0
BRDA:127,8,0,0
BRDA:127,8,1,0
BRDA:131,9,0,0
BRDA:131,9,1,0
BRDA:166,10,0,0
BRDA:166,10,1,0
BRDA:169,11,0,0
BRDA:169,11,1,0
BRDA:169,12,0,0
BRDA:169,12,1,0
BRDA:172,13,0,0
BRDA:172,13,1,0
BRDA:173,14,0,0
BRDA:173,14,1,0
BRDA:173,14,2,0
BRDA:173,14,3,0
BRDA:173,15,0,0
BRDA:173,15,1,0
BRDA:189,16,0,0
BRDA:189,16,1,0
BRDA:220,17,0,0
BRDA:220,17,1,0
BRDA:230,18,0,0
BRDA:230,18,1,0
BRF:39
BRH:0
end_of_record
TN:
SF:src\controllers\productController.js
FN:7,(anonymous_0)
FN:51,(anonymous_1)
FN:62,(anonymous_2)
FN:83,(anonymous_3)
FN:102,(anonymous_4)
FN:124,(anonymous_5)
FN:146,(anonymous_6)
FN:168,(anonymous_7)
FN:174,(anonymous_8)
FN:201,(anonymous_9)
FNF:10
FNH:0
FNDA:0,(anonymous_0)
FNDA:0,(anonymous_1)
FNDA:0,(anonymous_2)
FNDA:0,(anonymous_3)
FNDA:0,(anonymous_4)
FNDA:0,(anonymous_5)
FNDA:0,(anonymous_6)
FNDA:0,(anonymous_7)
FNDA:0,(anonymous_8)
FNDA:0,(anonymous_9)
DA:1,0
DA:2,0
DA:7,0
DA:8,0
DA:9,0
DA:19,0
DA:22,0
DA:23,0
DA:29,0
DA:40,0
DA:43,0
DA:44,0
DA:51,0
DA:52,0
DA:53,0
DA:55,0
DA:56,0
DA:57,0
DA:59,0
DA:60,0
DA:62,0
DA:67,0
DA:75,0
DA:76,0
DA:83,0
DA:84,0
DA:85,0
DA:86,0
DA:88,0
DA:89,0
DA:95,0
DA:96,0
DA:97,0
DA:99,0
DA:100,0
DA:102,0
DA:107,0
DA:116,0
DA:117,0
DA:124,0
DA:125,0
DA:126,0
DA:127,0
DA:129,0
DA:131,0
DA:132,0
DA:135,0
DA:138,0
DA:139,0
DA:146,0
DA:147,0
DA:148,0
DA:149,0
DA:151,0
DA:153,0
DA:154,0
DA:157,0
DA:160,0
DA:161,0
DA:168,0
DA:169,0
DA:170,0
DA:172,0
DA:174,0
DA:175,0
DA:176,0
DA:182,0
DA:183,0
DA:190,0
DA:193,0
DA:196,0
DA:197,0
DA:201,0
DA:202,0
DA:203,0
DA:204,0
DA:205,0
DA:207,0
DA:208,0
DA:212,0
LF:80
LH:0
BRDA:22,0,0,0
BRDA:22,0,1,0
BRDA:22,1,0,0
BRDA:22,1,1,0
BRDA:22,1,2,0
BRDA:31,2,0,0
BRDA:31,2,1,0
BRDA:32,3,0,0
BRDA:32,3,1,0
BRDA:33,4,0,0
BRDA:33,4,1,0
BRDA:36,5,0,0
BRDA:36,5,1,0
BRDA:55,6,0,0
BRDA:55,6,1,0
BRDA:56,7,0,0
BRDA:56,7,1,0
BRDA:88,8,0,0
BRDA:88,8,1,0
BRDA:95,9,0,0
BRDA:95,9,1,0
BRDA:131,10,0,0
BRDA:131,10,1,0
BRDA:153,11,0,0
BRDA:153,11,1,0
BRDA:175,12,0,0
BRDA:175,12,1,0
BRDA:182,13,0,0
BRDA:182,13,1,0
BRF:29
BRH:0
end_of_record
TN:
SF:src\controllers\productSettings.controller.js
FN:3,getProductSettings
FN:22,saveProductSettings
FNF:2
FNH:0
FNDA:0,getProductSettings
FNDA:0,saveProductSettings
DA:1,0
DA:4,0
DA:5,0
DA:7,0
DA:8,0
DA:13,0
DA:15,0
DA:17,0
DA:18,0
DA:23,0
DA:24,0
DA:25,0
DA:27,0
DA:29,0
DA:30,0
DA:38,0
DA:40,0
DA:41,0
DA:45,0
LF:19
LH:0
BRDA:13,0,0,0
BRDA:13,0,1,0
BRDA:27,1,0,0
BRDA:27,1,1,0
BRF:4
BRH:0
end_of_record
TN:
SF:src\controllers\profit.controller.js
FN:7,(anonymous_0)
FN:73,(anonymous_1)
FNF:2
FNH:0
FNDA:0,(anonymous_0)
FNDA:0,(anonymous_1)
DA:1,0
DA:7,0
DA:8,0
DA:9,0
DA:10,0
DA:12,0
DA:13,0
DA:14,0
DA:16,0
DA:17,0
DA:18,0
DA:21,0
DA:22,0
DA:23,0
DA:26,0
DA:27,0
DA:28,0
DA:31,0
DA:32,0
DA:33,0
DA:36,0
DA:60,0
DA:61,0
DA:64,0
DA:65,0
DA:73,0
DA:74,0
DA:75,0
DA:76,0
DA:78,0
DA:79,0
DA:80,0
DA:81,0
DA:83,0
DA:84,0
DA:85,0
DA:86,0
DA:87,0
DA:90,0
DA:108,0
DA:109,0
DA:112,0
DA:113,0
LF:43
LH:0
BRDA:16,0,0,0
BRDA:16,0,1,0
BRDA:16,1,0,0
BRDA:16,1,1,0
BRDA:21,2,0,0
BRDA:21,2,1,0
BRDA:26,3,0,0
BRDA:26,3,1,0
BRDA:31,4,0,0
BRDA:31,4,1,0
BRDA:83,5,0,0
BRDA:83,5,1,0
BRDA:83,6,0,0
BRDA:83,6,1,0
BRF:14
BRH:0
end_of_record
TN:
SF:src\controllers\purchase.controller.js
FN:3,(anonymous_0)
FN:13,(anonymous_1)
FN:27,(anonymous_2)
FN:53,(anonymous_3)
FNF:4
FNH:0
FNDA:0,(anonymous_0)
FNDA:0,(anonymous_1)
FNDA:0,(anonymous_2)
FNDA:0,(anonymous_3)
DA:1,0
DA:3,0
DA:4,0
DA:5,0
DA:6,0
DA:7,0
DA:9,0
DA:13,0
DA:14,0
DA:15,0
DA:16,0
DA:18,0
DA:20,0
DA:22,0
DA:23,0
DA:27,0
DA:28,0
DA:29,0
DA:30,0
DA:31,0
DA:33,0
DA:40,0
DA:42,0
DA:44,0
DA:45,0
DA:48,0
DA:53,0
DA:54,0
DA:55,0
DA:56,0
DA:57,0
DA:59,0
DA:61,0
DA:63,0
DA:65,0
DA:66,0
DA:72,0
LF:37
LH:0
BRDA:16,0,0,0
BRDA:16,0,1,0
BRDA:30,1,0,0
BRDA:30,1,1,0
BRDA:44,2,0,0
BRDA:44,2,1,0
BRDA:56,3,0,0
BRDA:56,3,1,0
BRDA:65,4,0,0
BRDA:65,4,1,0
BRF:10
BRH:0
end_of_record
TN:
SF:src\controllers\rawMaterialsController.js
FN:6,(anonymous_0)
FN:41,(anonymous_1)
FN:65,(anonymous_2)
FN:97,(anonymous_3)
FN:129,(anonymous_4)
FNF:5
FNH:0
FNDA:0,(anonymous_0)
FNDA:0,(anonymous_1)
FNDA:0,(anonymous_2)
FNDA:0,(anonymous_3)
FNDA:0,(anonymous_4)
DA:1,0
DA:6,0
DA:7,0
DA:8,0
DA:10,0
DA:11,0
DA:14,0
DA:16,0
DA:23,0
DA:29,0
DA:30,0
DA:41,0
DA:42,0
DA:43,0
DA:45,0
DA:47,0
DA:53,0
DA:54,0
DA:65,0
DA:66,0
DA:67,0
DA:68,0
DA:70,0
DA:72,0
DA:73,0
DA:79,0
DA:85,0
DA:86,0
DA:97,0
DA:98,0
DA:99,0
DA:100,0
DA:102,0
DA:104,0
DA:105,0
DA:111,0
DA:117,0
DA:118,0
DA:129,0
DA:130,0
DA:131,0
DA:132,0
DA:134,0
DA:136,0
DA:137,0
DA:143,0
DA:149,0
DA:150,0
LF:48
LH:0
BRDA:10,0,0,0
BRDA:10,0,1,0
BRDA:72,1,0,0
BRDA:72,1,1,0
BRDA:104,2,0,0
BRDA:104,2,1,0
BRDA:136,3,0,0
BRDA:136,3,1,0
BRF:8
BRH:0
end_of_record
TN:
SF:src\controllers\recipe.controller.js
FN:3,addRecipeItem
FN:25,getRecipe
FN:54,updateRecipeItem
FN:78,deleteRecipeItem
FNF:4
FNH:0
FNDA:0,addRecipeItem
FNDA:0,getRecipe
FNDA:0,updateRecipeItem
FNDA:0,deleteRecipeItem
DA:1,0
DA:4,0
DA:5,0
DA:6,0
DA:8,0
DA:9,0
DA:11,0
DA:12,0
DA:18,0
DA:20,0
DA:21,0
DA:26,0
DA:27,0
DA:29,0
DA:30,0
DA:45,0
DA:47,0
DA:48,0
DA:55,0
DA:56,0
DA:57,0
DA:59,0
DA:60,0
DA:70,0
DA:72,0
DA:73,0
DA:79,0
DA:80,0
DA:82,0
DA:83,0
DA:88,0
DA:90,0
DA:91,0
DA:95,0
LF:34
LH:0
BRDA:8,0,0,0
BRDA:8,0,1,0
BRDA:8,1,0,0
BRDA:8,1,1,0
BRDA:15,2,0,0
BRDA:15,2,1,0
BRDA:15,3,0,0
BRDA:15,3,1,0
BRF:8
BRH:0
end_of_record
TN:
SF:src\controllers\salesController.js
FN:9,(anonymous_0)
FN:52,(anonymous_1)
FN:73,(anonymous_2)
FN:101,(anonymous_3)
FN:128,(anonymous_4)
FN:153,(anonymous_5)
FN:186,(anonymous_6)
FNF:7
FNH:0
FNDA:0,(anonymous_0)
FNDA:0,(anonymous_1)
FNDA:0,(anonymous_2)
FNDA:0,(anonymous_3)
FNDA:0,(anonymous_4)
FNDA:0,(anonymous_5)
FNDA:0,(anonymous_6)
DA:2,0
DA:3,0
DA:4,0
DA:9,0
DA:10,0
DA:18,0
DA:20,0
DA:22,0
DA:23,0
DA:26,0
DA:27,0
DA:29,0
DA:41,0
DA:44,0
DA:45,0
DA:52,0
DA:53,0
DA:54,0
DA:56,0
DA:62,0
DA:65,0
DA:66,0
DA:73,0
DA:74,0
DA:75,0
DA:77,0
DA:83,0
DA:90,0
DA:93,0
DA:94,0
DA:101,0
DA:102,0
DA:108,0
DA:110,0
DA:117,0
DA:120,0
DA:121,0
DA:128,0
DA:129,0
DA:134,0
DA:136,0
DA:142,0
DA:145,0
DA:146,0
DA:153,0
DA:154,0
DA:163,0
DA:165,0
DA:175,0
DA:178,0
DA:179,0
DA:186,0
DA:187,0
DA:193,0
DA:195,0
DA:202,0
DA:205,0
DA:206,0
DA:210,0
LF:59
LH:0
BRDA:14,0,0,0
BRDA:22,1,0,0
BRDA:22,1,1,0
BRDA:54,2,0,0
BRDA:54,3,0,0
BRDA:54,4,0,0
BRDA:75,5,0,0
BRDA:75,6,0,0
BRDA:75,7,0,0
BRDA:84,8,0,0
BRDA:84,8,1,0
BRDA:85,9,0,0
BRDA:85,9,1,0
BRDA:86,10,0,0
BRDA:86,10,1,0
BRDA:87,11,0,0
BRDA:87,11,1,0
BRDA:104,12,0,0
BRDA:105,13,0,0
BRDA:106,14,0,0
BRDA:107,15,0,0
BRDA:131,16,0,0
BRDA:132,17,0,0
BRDA:133,18,0,0
BRDA:156,19,0,0
BRDA:157,20,0,0
BRDA:158,21,0,0
BRDA:159,22,0,0
BRDA:160,23,0,0
BRDA:161,24,0,0
BRDA:162,25,0,0
BRDA:189,26,0,0
BRDA:190,27,0,0
BRDA:191,28,0,0
BRDA:192,29,0,0
BRF:35
BRH:0
end_of_record
TN:
SF:src\controllers\salesReportController.js
FN:6,(anonymous_0)
FN:70,(anonymous_1)
FN:124,(anonymous_2)
FN:151,(anonymous_3)
FN:175,(anonymous_4)
FN:216,(anonymous_5)
FN:258,(anonymous_6)
FN:277,(anonymous_7)
FN:290,(anonymous_8)
FN:310,(anonymous_9)
FN:348,(anonymous_10)
FN:353,(anonymous_11)
FN:354,(anonymous_12)
FN:374,(anonymous_13)
FNF:14
FNH:0
FNDA:0,(anonymous_0)
FNDA:0,(anonymous_1)
FNDA:0,(anonymous_2)
FNDA:0,(anonymous_3)
FNDA:0,(anonymous_4)
FNDA:0,(anonymous_5)
FNDA:0,(anonymous_6)
FNDA:0,(anonymous_7)
FNDA:0,(anonymous_8)
FNDA:0,(anonymous_9)
FNDA:0,(anonymous_10)
FNDA:0,(anonymous_11)
FNDA:0,(anonymous_12)
FNDA:0,(anonymous_13)
DA:2,0
DA:3,0
DA:6,0
DA:7,0
DA:8,0
DA:10,0
DA:11,0
DA:12,0
DA:14,0
DA:17,0
DA:18,0
DA:23,0
DA:30,0
DA:31,0
DA:32,0
DA:37,0
DA:51,0
DA:52,0
DA:56,0
DA:64,0
DA:65,0
DA:70,0
DA:71,0
DA:72,0
DA:73,0
DA:75,0
DA:76,0
DA:78,0
DA:105,0
DA:106,0
DA:108,0
DA:111,0
DA:112,0
DA:124,0
DA:125,0
DA:126,0
DA:128,0
DA:130,0
DA:131,0
DA:134,0
DA:137,0
DA:149,0
DA:150,0
DA:151,0
DA:153,0
DA:163,0
DA:164,0
DA:175,0
DA:176,0
DA:177,0
DA:178,0
DA:181,0
DA:184,0
DA:198,0
DA:200,0
DA:203,0
DA:204,0
DA:216,0
DA:217,0
DA:218,0
DA:219,0
DA:222,0
DA:225,0
DA:240,0
DA:241,0
DA:243,0
DA:246,0
DA:247,0
DA:258,0
DA:259,0
DA:260,0
DA:261,0
DA:264,0
DA:266,0
DA:274,0
DA:275,0
DA:277,0
DA:278,0
DA:279,0
DA:282,0
DA:285,0
DA:286,0
DA:290,0
DA:291,0
DA:292,0
DA:295,0
DA:296,0
DA:297,0
DA:298,0
DA:301,0
DA:302,0
DA:305,0
DA:306,0
DA:307,0
DA:308,0
DA:310,0
DA:311,0
DA:327,0
DA:328,0
DA:331,0
DA:332,0
DA:334,0
DA:343,0
DA:344,0
DA:348,0
DA:349,0
DA:350,0
DA:353,0
DA:354,0
DA:355,0
DA:359,0
DA:360,0
DA:361,0
DA:362,0
DA:365,0
DA:366,0
DA:369,0
DA:370,0
DA:371,0
DA:372,0
DA:374,0
DA:375,0
DA:382,0
DA:383,0
DA:386,0
DA:387,0
DA:390,0
DA:392,0
DA:401,0
DA:402,0
LF:130
LH:0
BRDA:10,0,0,0
BRDA:10,1,0,0
BRDA:31,2,0,0
BRDA:31,2,1,0
BRDA:75,3,0,0
BRDA:75,3,1,0
BRDA:76,4,0,0
BRDA:76,4,1,0
BRDA:105,5,0,0
BRDA:105,5,1,0
BRDA:105,6,0,0
BRDA:105,6,1,0
BRDA:130,7,0,0
BRDA:130,7,1,0
BRDA:131,8,0,0
BRDA:131,8,1,0
BRDA:150,9,0,0
BRDA:150,9,1,0
BRDA:151,10,0,0
BRDA:156,11,0,0
BRDA:156,11,1,0
BRDA:157,12,0,0
BRDA:157,12,1,0
BRDA:158,13,0,0
BRDA:158,13,1,0
BRDA:159,14,0,0
BRDA:159,14,1,0
BRDA:219,15,0,0
BRDA:278,16,0,0
BRDA:278,16,1,0
BRDA:328,17,0,0
BRDA:328,17,1,0
BRDA:383,18,0,0
BRDA:383,18,1,0
BRF:34
BRH:0
end_of_record
TN:
SF:src\controllers\sic.controller.js
FN:6,submitRawSIC
FN:101,submitProductSIC
FN:198,listRawSIC
FN:214,listProductSIC
FN:229,getRawSICReport
FN:270,getProductSICReport
FNF:6
FNH:0
FNDA:0,submitRawSIC
FNDA:0,submitProductSIC
FNDA:0,listRawSIC
FNDA:0,listProductSIC
FNDA:0,getRawSICReport
FNDA:0,getProductSICReport
DA:2,0
DA:7,0
DA:8,0
DA:18,0
DA:20,0
DA:21,0
DA:27,0
DA:28,0
DA:34,0
DA:45,0
DA:47,0
DA:50,0
DA:51,0
DA:61,0
DA:62,0
DA:64,0
DA:89,0
DA:91,0
DA:92,0
DA:102,0
DA:103,0
DA:113,0
DA:115,0
DA:116,0
DA:122,0
DA:123,0
DA:129,0
DA:138,0
DA:142,0
DA:147,0
DA:150,0
DA:158,0
DA:159,0
DA:162,0
DA:187,0
DA:189,0
DA:190,0
DA:199,0
DA:200,0
DA:201,0
DA:206,0
DA:208,0
DA:209,0
DA:215,0
DA:216,0
DA:217,0
DA:221,0
DA:223,0
DA:224,0
DA:230,0
DA:231,0
DA:233,0
DA:234,0
DA:235,0
DA:236,0
DA:238,0
DA:239,0
DA:240,0
DA:243,0
DA:244,0
DA:245,0
DA:248,0
DA:249,0
DA:250,0
DA:253,0
DA:262,0
DA:263,0
DA:265,0
DA:266,0
DA:271,0
DA:272,0
DA:274,0
DA:275,0
DA:276,0
DA:277,0
DA:279,0
DA:280,0
DA:281,0
DA:284,0
DA:285,0
DA:286,0
DA:289,0
DA:290,0
DA:291,0
DA:294,0
DA:303,0
DA:304,0
DA:306,0
DA:307,0
DA:312,0
LF:90
LH:0
BRDA:8,0,0,0
BRDA:8,0,1,0
BRDA:13,1,0,0
BRDA:14,2,0,0
BRDA:15,3,0,0
BRDA:16,4,0,0
BRDA:17,5,0,0
BRDA:27,6,0,0
BRDA:27,6,1,0
BRDA:45,7,0,0
BRDA:45,7,1,0
BRDA:61,8,0,0
BRDA:61,8,1,0
BRDA:103,9,0,0
BRDA:103,9,1,0
BRDA:108,10,0,0
BRDA:109,11,0,0
BRDA:110,12,0,0
BRDA:111,13,0,0
BRDA:112,14,0,0
BRDA:122,15,0,0
BRDA:122,15,1,0
BRDA:138,16,0,0
BRDA:138,16,1,0
BRDA:158,17,0,0
BRDA:158,17,1,0
BRDA:238,18,0,0
BRDA:238,18,1,0
BRDA:238,19,0,0
BRDA:238,19,1,0
BRDA:243,20,0,0
BRDA:243,20,1,0
BRDA:248,21,0,0
BRDA:248,21,1,0
BRDA:279,22,0,0
BRDA:279,22,1,0
BRDA:279,23,0,0
BRDA:279,23,1,0
BRDA:284,24,0,0
BRDA:284,24,1,0
BRDA:289,25,0,0
BRDA:289,25,1,0
BRF:42
BRH:0
end_of_record
TN:
SF:src\controllers\stockController.js
FN:4,(anonymous_0)
FN:28,(anonymous_1)
FN:44,(anonymous_2)
FN:79,(anonymous_3)
FN:101,(anonymous_4)
FNF:5
FNH:0
FNDA:0,(anonymous_0)
FNDA:0,(anonymous_1)
FNDA:0,(anonymous_2)
FNDA:0,(anonymous_3)
FNDA:0,(anonymous_4)
DA:1,0
DA:4,0
DA:5,0
DA:6,0
DA:8,0
DA:9,0
DA:12,0
DA:13,0
DA:20,0
DA:22,0
DA:23,0
DA:28,0
DA:29,0
DA:31,0
DA:32,0
DA:36,0
DA:38,0
DA:39,0
DA:44,0
DA:45,0
DA:46,0
DA:47,0
DA:49,0
DA:50,0
DA:67,0
DA:68,0
DA:71,0
DA:73,0
DA:74,0
DA:79,0
DA:80,0
DA:81,0
DA:83,0
DA:84,0
DA:89,0
DA:90,0
DA:93,0
DA:95,0
DA:96,0
DA:101,0
DA:102,0
DA:103,0
DA:104,0
DA:106,0
DA:107,0
DA:112,0
DA:113,0
DA:116,0
DA:117,0
DA:119,0
DA:120,0
DA:126,0
DA:134,0
DA:136,0
DA:137,0
LF:55
LH:0
BRDA:8,0,0,0
BRDA:8,0,1,0
BRDA:8,1,0,0
BRDA:8,1,1,0
BRDA:8,1,2,0
BRDA:17,2,0,0
BRDA:17,2,1,0
BRDA:17,3,0,0
BRDA:17,3,1,0
BRDA:59,4,0,0
BRDA:59,4,1,0
BRDA:67,5,0,0
BRDA:67,5,1,0
BRDA:89,6,0,0
BRDA:89,6,1,0
BRDA:112,7,0,0
BRDA:112,7,1,0
BRDA:119,8,0,0
BRDA:119,8,1,0
BRF:19
BRH:0
end_of_record
TN:
SF:src\controllers\userController.js
FN:6,(anonymous_0)
FNF:1
FNH:0
FNDA:0,(anonymous_0)
DA:1,0
DA:6,0
DA:7,0
DA:8,0
DA:10,0
DA:11,0
DA:17,0
DA:19,0
DA:20,0
DA:26,0
DA:31,0
DA:33,0
LF:12
LH:0
BRDA:10,0,0,0
BRDA:10,0,1,0
BRDA:19,1,0,0
BRDA:19,1,1,0
BRF:4
BRH:0
end_of_record
TN:
SF:src\controllers\varianceProduct.controller.js
FN:4,(anonymous_0)
FN:46,(anonymous_1)
FNF:2
FNH:0
FNDA:0,(anonymous_0)
FNDA:0,(anonymous_1)
DA:2,0
DA:4,0
DA:5,0
DA:6,0
DA:7,0
DA:9,0
DA:13,0
DA:44,0
DA:46,0
DA:47,0
DA:49,0
DA:50,0
DA:51,0
DA:53,0
DA:54,0
DA:56,0
DA:57,0
DA:58,0
DA:60,0
DA:61,0
DA:62,0
DA:64,0
DA:66,0
DA:67,0
DA:68,0
DA:71,0
DA:97,0
DA:99,0
DA:100,0
LF:29
LH:0
BRDA:9,0,0,0
BRDA:9,0,1,0
BRDA:9,1,0,0
BRDA:9,1,1,0
BRDA:39,2,0,0
BRDA:39,2,1,0
BRDA:39,3,0,0
BRDA:39,3,1,0
BRDA:67,4,0,0
BRDA:67,4,1,0
BRDA:68,5,0,0
BRDA:68,5,1,0
BRF:12
BRH:0
end_of_record
TN:
SF:src\controllers\varianceRaw.controller.js
FN:4,(anonymous_0)
FN:67,(anonymous_1)
FNF:2
FNH:0
FNDA:0,(anonymous_0)
FNDA:0,(anonymous_1)
DA:2,0
DA:4,0
DA:5,0
DA:6,0
DA:7,0
DA:9,0
DA:13,0
DA:17,0
DA:65,0
DA:67,0
DA:68,0
DA:69,0
DA:70,0
DA:73,0
DA:75,0
DA:76,0
DA:78,0
DA:79,0
DA:80,0
DA:83,0
DA:85,0
DA:102,0
DA:104,0
DA:105,0
LF:24
LH:0
BRDA:9,0,0,0
BRDA:9,0,1,0
BRDA:9,1,0,0
BRDA:9,1,1,0
BRDA:13,2,0,0
BRDA:13,2,1,0
BRDA:13,3,0,0
BRDA:13,3,1,0
BRDA:49,4,0,0
BRDA:49,4,1,0
BRDA:49,5,0,0
BRDA:49,5,1,0
BRDA:69,6,0,0
BRDA:69,6,1,0
BRDA:70,7,0,0
BRDA:70,7,1,0
BRDA:76,8,0,0
BRDA:76,8,1,0
BRDA:79,9,0,0
BRDA:79,9,1,0
BRDA:80,10,0,0
BRDA:80,10,1,0
BRDA:83,11,0,0
BRDA:83,11,1,0
BRF:24
BRH:0
end_of_record
TN:
SF:src\controllers\vendorController.js
FN:3,(anonymous_0)
FN:27,(anonymous_1)
FN:56,(anonymous_2)
FN:81,(anonymous_3)
FN:114,(anonymous_4)
FNF:5
FNH:0
FNDA:0,(anonymous_0)
FNDA:0,(anonymous_1)
FNDA:0,(anonymous_2)
FNDA:0,(anonymous_3)
FNDA:0,(anonymous_4)
DA:1,0
DA:3,0
DA:4,0
DA:5,0
DA:6,0
DA:7,0
DA:10,0
DA:12,0
DA:19,0
DA:20,0
DA:27,0
DA:28,0
DA:29,0
DA:30,0
DA:32,0
DA:33,0
DA:36,0
DA:38,0
DA:39,0
DA:45,0
DA:48,0
DA:49,0
DA:56,0
DA:57,0
DA:58,0
DA:60,0
DA:61,0
DA:64,0
DA:65,0
DA:67,0
DA:73,0
DA:74,0
DA:81,0
DA:82,0
DA:83,0
DA:84,0
DA:86,0
DA:87,0
DA:90,0
DA:92,0
DA:93,0
DA:99,0
DA:106,0
DA:107,0
DA:114,0
DA:115,0
DA:116,0
DA:117,0
DA:119,0
DA:120,0
DA:123,0
DA:125,0
DA:126,0
DA:132,0
DA:138,0
DA:139,0
LF:56
LH:0
BRDA:6,0,0,0
BRDA:6,0,1,0
BRDA:32,1,0,0
BRDA:32,1,1,0
BRDA:38,2,0,0
BRDA:38,2,1,0
BRDA:60,3,0,0
BRDA:60,3,1,0
BRDA:86,4,0,0
BRDA:86,4,1,0
BRDA:92,5,0,0
BRDA:92,5,1,0
BRDA:119,6,0,0
BRDA:119,6,1,0
BRDA:125,7,0,0
BRDA:125,7,1,0
BRF:16
BRH:0
end_of_record
TN:
SF:src\middleware\auth.js
FN:4,(anonymous_0)
FN:41,(anonymous_1)
FN:51,(anonymous_2)
FNF:3
FNH:0
FNDA:0,(anonymous_0)
FNDA:0,(anonymous_1)
FNDA:0,(anonymous_2)
DA:1,0
DA:2,0
DA:4,0
DA:5,0
DA:6,0
DA:7,0
DA:9,0
DA:10,0
DA:16,0
DA:19,0
DA:24,0
DA:25,0
DA:31,0
DA:32,0
DA:34,0
DA:41,0
DA:42,0
DA:43,0
DA:48,0
DA:51,0
DA:52,0
DA:53,0
DA:58,0
DA:61,0
LF:24
LH:0
BRDA:7,0,0,0
BRDA:7,0,1,0
BRDA:9,1,0,0
BRDA:9,1,1,0
BRDA:24,2,0,0
BRDA:24,2,1,0
BRDA:42,3,0,0
BRDA:42,3,1,0
BRDA:52,4,0,0
BRDA:52,4,1,0
BRF:10
BRH:0
end_of_record
TN:
SF:src\middleware\auth.middleware.js
FN:9,authMiddleware
FNF:1
FNH:0
FNDA:0,authMiddleware
DA:2,0
DA:3,0
DA:4,0
DA:5,0
DA:7,0
DA:10,0
DA:11,0
DA:13,0
DA:14,0
DA:15,0
DA:17,0
DA:19,0
DA:21,0
DA:25,0
LF:14
LH:0
BRDA:11,0,0,0
BRDA:11,0,1,0
BRF:2
BRH:0
end_of_record
TN:
SF:src\middleware\tenant.middleware.js
FN:3,requireTenant
FNF:1
FNH:0
FNDA:0,requireTenant
DA:4,0
DA:5,0
DA:8,0
DA:9,0
DA:12,0
LF:5
LH:0
BRDA:4,0,0,0
BRDA:4,0,1,0
BRDA:4,1,0,0
BRDA:4,1,1,0
BRDA:8,2,0,0
BRDA:8,2,1,0
BRF:6
BRH:0
end_of_record
TN:
SF:src\middleware\validation.js
FN:1,(anonymous_0)
FN:21,(anonymous_1)
FNF:2
FNH:0
FNDA:0,(anonymous_0)
FNDA:0,(anonymous_1)
DA:1,0
DA:2,0
DA:4,0
DA:5,0
DA:11,0
DA:12,0
DA:18,0
DA:21,0
DA:22,0
DA:24,0
DA:25,0
DA:31,0
DA:32,0
DA:38,0
DA:41,0
LF:15
LH:0
BRDA:4,0,0,0
BRDA:4,0,1,0
BRDA:4,1,0,0
BRDA:4,1,1,0
BRDA:11,2,0,0
BRDA:11,2,1,0
BRDA:11,3,0,0
BRDA:11,3,1,0
BRDA:11,3,2,0
BRDA:24,4,0,0
BRDA:24,4,1,0
BRDA:24,5,0,0
BRDA:24,5,1,0
BRDA:31,6,0,0
BRDA:31,6,1,0
BRDA:31,7,0,0
BRDA:31,7,1,0
BRF:17
BRH:0
end_of_record
TN:
SF:src\models\Expense.js
FN:8,(anonymous_0)
FN:32,(anonymous_1)
FN:50,(anonymous_2)
FN:67,(anonymous_3)
FN:84,(anonymous_4)
FN:109,(anonymous_5)
FNF:6
FNH:0
FNDA:0,(anonymous_0)
FNDA:0,(anonymous_1)
FNDA:0,(anonymous_2)
FNDA:0,(anonymous_3)
FNDA:0,(anonymous_4)
FNDA:0,(anonymous_5)
DA:1,0
DA:18,0
DA:25,0
DA:33,0
DA:43,0
DA:51,0
DA:60,0
DA:68,0
DA:77,0
DA:85,0
DA:87,0
DA:102,0
DA:110,0
DA:117,0
DA:121,0
LF:15
LH:0
BRF:0
BRH:0
end_of_record
TN:
SF:src\models\Inventory.js
FN:4,(anonymous_0)
FN:19,(anonymous_1)
FN:32,(anonymous_2)
FN:54,(anonymous_3)
FNF:4
FNH:0
FNDA:0,(anonymous_0)
FNDA:0,(anonymous_1)
FNDA:0,(anonymous_2)
FNDA:0,(anonymous_3)
DA:1,0
DA:5,0
DA:7,0
DA:9,0
DA:16,0
DA:20,0
DA:28,0
DA:33,0
DA:50,0
DA:55,0
DA:62,0
DA:68,0
LF:12
LH:0
BRF:0
BRH:0
end_of_record
TN:
SF:src\models\Product.js
FN:12,(anonymous_0)
FN:52,(anonymous_1)
FN:74,(anonymous_2)
FN:94,(anonymous_3)
FN:116,(anonymous_4)
FN:137,(anonymous_5)
FN:145,(anonymous_6)
FN:169,(anonymous_7)
FN:189,(anonymous_8)
FN:210,(anonymous_9)
FN:241,(anonymous_10)
FN:261,(anonymous_11)
FNF:12
FNH:0
FNDA:0,(anonymous_0)
FNDA:0,(anonymous_1)
FNDA:0,(anonymous_2)
FNDA:0,(anonymous_3)
FNDA:0,(anonymous_4)
FNDA:0,(anonymous_5)
FNDA:0,(anonymous_6)
FNDA:0,(anonymous_7)
FNDA:0,(anonymous_8)
FNDA:0,(anonymous_9)
FNDA:0,(anonymous_10)
FNDA:0,(anonymous_11)
DA:3,0
DA:22,0
DA:42,0
DA:53,0
DA:64,0
DA:75,0
DA:84,0
DA:95,0
DA:106,0
DA:117,0
DA:126,0
DA:140,0
DA:141,0
DA:143,0
DA:145,0
DA:147,0
DA:157,0
DA:170,0
DA:179,0
DA:190,0
DA:200,0
DA:211,0
DA:231,0
DA:242,0
DA:251,0
DA:262,0
DA:274,0
DA:279,0
LF:28
LH:0
BRDA:32,0,0,0
BRDA:32,0,1,0
BRDA:34,1,0,0
BRDA:34,1,1,0
BRDA:35,2,0,0
BRDA:35,2,1,0
BRDA:36,3,0,0
BRDA:36,3,1,0
BRDA:52,4,0,0
BRDA:52,5,0,0
BRDA:94,6,0,0
BRDA:94,7,0,0
BRDA:143,8,0,0
BRDA:143,8,1,0
BRF:14
BRH:0
end_of_record
TN:
SF:src\models\RawMaterial.js
FN:8,(anonymous_0)
FN:22,(anonymous_1)
FN:37,(anonymous_2)
FN:51,(anonymous_3)
FN:70,(anonymous_4)
FNF:5
FNH:0
FNDA:0,(anonymous_0)
FNDA:0,(anonymous_1)
FNDA:0,(anonymous_2)
FNDA:0,(anonymous_3)
FNDA:0,(anonymous_4)
DA:1,0
DA:9,0
DA:16,0
DA:23,0
DA:31,0
DA:38,0
DA:45,0
DA:52,0
DA:64,0
DA:71,0
DA:78,0
DA:82,0
LF:12
LH:0
BRF:0
BRH:0
end_of_record
TN:
SF:src\models\Sale.js
FN:6,(anonymous_0)
FN:48,(anonymous_1)
FN:62,(anonymous_2)
FN:73,(anonymous_3)
FN:117,(anonymous_4)
FN:155,(anonymous_5)
FN:198,(anonymous_6)
FN:229,(anonymous_7)
FN:237,(anonymous_8)
FN:312,(anonymous_9)
FNF:10
FNH:0
FNDA:0,(anonymous_0)
FNDA:0,(anonymous_1)
FNDA:0,(anonymous_2)
FNDA:0,(anonymous_3)
FNDA:0,(anonymous_4)
FNDA:0,(anonymous_5)
FNDA:0,(anonymous_6)
FNDA:0,(anonymous_7)
FNDA:0,(anonymous_8)
FNDA:0,(anonymous_9)
DA:2,0
DA:17,0
DA:19,0
DA:45,0
DA:49,0
DA:50,0
DA:52,0
DA:53,0
DA:55,0
DA:63,0
DA:67,0
DA:74,0
DA:76,0
DA:77,0
DA:79,0
DA:80,0
DA:81,0
DA:83,0
DA:84,0
DA:85,0
DA:87,0
DA:88,0
DA:89,0
DA:92,0
DA:94,0
DA:106,0
DA:107,0
DA:118,0
DA:120,0
DA:121,0
DA:123,0
DA:124,0
DA:125,0
DA:127,0
DA:128,0
DA:129,0
DA:131,0
DA:132,0
DA:133,0
DA:136,0
DA:138,0
DA:148,0
DA:149,0
DA:156,0
DA:158,0
DA:159,0
DA:161,0
DA:162,0
DA:163,0
DA:165,0
DA:166,0
DA:167,0
DA:169,0
DA:170,0
DA:171,0
DA:174,0
DA:176,0
DA:189,0
DA:191,0
DA:192,0
DA:199,0
DA:201,0
DA:202,0
DA:204,0
DA:205,0
DA:206,0
DA:208,0
DA:209,0
DA:210,0
DA:212,0
DA:213,0
DA:214,0
DA:217,0
DA:219,0
DA:227,0
DA:228,0
DA:229,0
DA:230,0
DA:246,0
DA:247,0
DA:248,0
DA:251,0
DA:252,0
DA:253,0
DA:257,0
DA:258,0
DA:259,0
DA:262,0
DA:263,0
DA:264,0
DA:267,0
DA:268,0
DA:269,0
DA:272,0
DA:273,0
DA:274,0
DA:277,0
DA:280,0
DA:281,0
DA:282,0
DA:283,0
DA:286,0
DA:287,0
DA:298,0
DA:300,0
DA:313,0
DA:314,0
DA:316,0
DA:317,0
DA:318,0
DA:320,0
DA:321,0
DA:322,0
DA:325,0
DA:328,0
DA:342,0
DA:344,0
DA:345,0
DA:350,0
LF:119
LH:0
BRDA:41,0,0,0
BRDA:41,0,1,0
BRDA:49,1,0,0
BRDA:49,1,1,0
BRDA:50,2,0,0
BRDA:50,2,1,0
BRDA:52,3,0,0
BRDA:52,3,1,0
BRDA:53,4,0,0
BRDA:53,4,1,0
BRDA:56,5,0,0
BRDA:56,5,1,0
BRDA:57,6,0,0
BRDA:57,6,1,0
BRDA:73,7,0,0
BRDA:73,8,0,0
BRDA:73,9,0,0
BRDA:73,10,0,0
BRDA:79,11,0,0
BRDA:79,11,1,0
BRDA:83,12,0,0
BRDA:83,12,1,0
BRDA:87,13,0,0
BRDA:87,13,1,0
BRDA:92,14,0,0
BRDA:92,14,1,0
BRDA:117,15,0,0
BRDA:117,16,0,0
BRDA:117,17,0,0
BRDA:117,18,0,0
BRDA:123,19,0,0
BRDA:123,19,1,0
BRDA:127,20,0,0
BRDA:127,20,1,0
BRDA:131,21,0,0
BRDA:131,21,1,0
BRDA:136,22,0,0
BRDA:136,22,1,0
BRDA:155,23,0,0
BRDA:155,24,0,0
BRDA:155,25,0,0
BRDA:155,26,0,0
BRDA:155,27,0,0
BRDA:161,28,0,0
BRDA:161,28,1,0
BRDA:165,29,0,0
BRDA:165,29,1,0
BRDA:169,30,0,0
BRDA:169,30,1,0
BRDA:174,31,0,0
BRDA:174,31,1,0
BRDA:198,32,0,0
BRDA:198,33,0,0
BRDA:198,34,0,0
BRDA:198,35,0,0
BRDA:204,36,0,0
BRDA:204,36,1,0
BRDA:208,37,0,0
BRDA:208,37,1,0
BRDA:212,38,0,0
BRDA:212,38,1,0
BRDA:217,39,0,0
BRDA:217,39,1,0
BRDA:237,40,0,0
BRDA:238,41,0,0
BRDA:239,42,0,0
BRDA:240,43,0,0
BRDA:241,44,0,0
BRDA:242,45,0,0
BRDA:243,46,0,0
BRDA:244,47,0,0
BRDA:251,48,0,0
BRDA:251,48,1,0
BRDA:257,49,0,0
BRDA:257,49,1,0
BRDA:262,50,0,0
BRDA:262,50,1,0
BRDA:267,51,0,0
BRDA:267,51,1,0
BRDA:272,52,0,0
BRDA:272,52,1,0
BRDA:277,53,0,0
BRDA:277,53,1,0
BRDA:282,54,0,0
BRDA:282,54,1,0
BRDA:312,55,0,0
BRDA:312,56,0,0
BRDA:312,57,0,0
BRDA:312,58,0,0
BRDA:316,59,0,0
BRDA:316,59,1,0
BRDA:320,60,0,0
BRDA:320,60,1,0
BRDA:325,61,0,0
BRDA:325,61,1,0
BRF:95
BRH:0
end_of_record
TN:
SF:src\models\User.js
FN:9,(anonymous_0)
FN:22,(anonymous_1)
FN:35,(anonymous_2)
FN:49,(anonymous_3)
FNF:4
FNH:0
FNDA:0,(anonymous_0)
FNDA:0,(anonymous_1)
FNDA:0,(anonymous_2)
FNDA:0,(anonymous_3)
DA:2,0
DA:10,0
DA:16,0
DA:23,0
DA:29,0
DA:36,0
DA:43,0
DA:50,0
DA:52,0
DA:60,0
DA:61,0
DA:65,0
LF:12
LH:0
BRDA:49,0,0,0
BRF:1
BRH:0
end_of_record
TN:
SF:src\models\Vendor.js
FN:7,(anonymous_0)
FN:21,(anonymous_1)
FN:34,(anonymous_2)
FN:47,(anonymous_3)
FN:67,(anonymous_4)
FNF:5
FNH:0
FNDA:0,(anonymous_0)
FNDA:0,(anonymous_1)
FNDA:0,(anonymous_2)
FNDA:0,(anonymous_3)
FNDA:0,(anonymous_4)
DA:1,0
DA:8,0
DA:15,0
DA:22,0
DA:28,0
DA:35,0
DA:41,0
DA:48,0
DA:50,0
DA:61,0
DA:68,0
DA:75,0
DA:79,0
LF:13
LH:0
BRDA:34,0,0,0
BRF:1
BRH:0
end_of_record
TN:
SF:src\routes\auth.js
FNF:0
FNH:0
DA:1,0
DA:8,0
DA:9,0
DA:11,0
DA:14,0
DA:15,0
DA:16,0
DA:17,0
DA:20,0
DA:22,0
LF:10
LH:0
BRF:0
BRH:0
end_of_record
TN:
SF:src\routes\auth.routes.js
FNF:0
FNH:0
DA:1,0
DA:2,0
DA:3,0
DA:5,0
DA:6,0
DA:7,0
DA:8,0
DA:10,0
LF:8
LH:0
BRF:0
BRH:0
end_of_record
TN:
SF:src\routes\costing.routes.js
FNF:0
FNH:0
DA:1,0
DA:2,0
DA:3,0
DA:4,0
DA:5,0
DA:7,0
DA:8,0
DA:10,0
LF:8
LH:0
BRF:0
BRH:0
end_of_record
TN:
SF:src\routes\expenses.js
FNF:0
FNH:0
DA:1,0
DA:2,0
DA:3,0
DA:4,0
DA:5,0
DA:7,0
DA:10,0
DA:11,0
DA:12,0
DA:13,0
DA:14,0
DA:15,0
DA:17,0
LF:13
LH:0
BRF:0
BRH:0
end_of_record
TN:
SF:src\routes\inventory.js
FNF:0
FNH:0
DA:1,0
DA:2,0
DA:3,0
DA:5,0
DA:7,0
DA:9,0
DA:10,0
DA:11,0
DA:12,0
DA:15,0
LF:10
LH:0
BRF:0
BRH:0
end_of_record
TN:
SF:src\routes\inventory.routes.js
FNF:0
FNH:0
DA:1,0
DA:2,0
DA:3,0
DA:4,0
DA:5,0
DA:7,0
DA:8,0
DA:9,0
DA:11,0
LF:9
LH:0
BRF:0
BRH:0
end_of_record
TN:
SF:src\routes\invite.routes.js
FNF:0
FNH:0
DA:1,0
DA:2,0
DA:3,0
DA:4,0
DA:6,0
DA:7,0
DA:8,0
DA:9,0
DA:10,0
DA:12,0
LF:10
LH:0
BRF:0
BRH:0
end_of_record
TN:
SF:src\routes\labour.routes.js
FNF:0
FNH:0
DA:1,0
DA:2,0
DA:3,0
DA:4,0
DA:5,0
DA:7,0
DA:8,0
DA:9,0
DA:10,0
DA:12,0
LF:10
LH:0
BRF:0
BRH:0
end_of_record
TN:
SF:src\routes\material.routes.js
FNF:0
FNH:0
DA:1,0
DA:2,0
DA:3,0
DA:5,0
DA:6,0
DA:7,0
DA:8,0
DA:10,0
LF:8
LH:0
BRF:0
BRH:0
end_of_record
TN:
SF:src\routes\opex.routes.js
FNF:0
FNH:0
DA:1,0
DA:2,0
DA:3,0
DA:4,0
DA:5,0
DA:7,0
DA:8,0
DA:9,0
DA:10,0
DA:12,0
LF:10
LH:0
BRF:0
BRH:0
end_of_record
TN:
SF:src\routes\packaging.routes.js
FNF:0
FNH:0
DA:1,0
DA:2,0
DA:4,0
DA:5,0
DA:6,0
DA:8,0
DA:9,0
DA:10,0
DA:11,0
DA:14,0
LF:10
LH:0
BRF:0
BRH:0
end_of_record
TN:
SF:src\routes\packagingMap.routes.js
FNF:0
FNH:0
DA:1,0
DA:2,0
DA:4,0
DA:5,0
DA:6,0
DA:8,0
DA:9,0
DA:10,0
DA:11,0
DA:14,0
LF:10
LH:0
BRF:0
BRH:0
end_of_record
TN:
SF:src\routes\paystack.js
FN:22,parseMetadata
FN:37,(anonymous_1)
FN:117,(anonymous_2)
FN:140,(anonymous_3)
FN:236,(anonymous_4)
FNF:5
FNH:0
FNDA:0,parseMetadata
FNDA:0,(anonymous_1)
FNDA:0,(anonymous_2)
FNDA:0,(anonymous_3)
FNDA:0,(anonymous_4)
DA:2,0
DA:3,0
DA:4,0
DA:5,0
DA:6,0
DA:7,0
DA:8,0
DA:9,0
DA:11,0
DA:12,0
DA:15,0
DA:23,0
DA:24,0
DA:25,0
DA:26,0
DA:28,0
DA:31,0
DA:37,0
DA:38,0
DA:39,0
DA:40,0
DA:43,0
DA:44,0
DA:46,0
DA:47,0
DA:48,0
DA:49,0
DA:51,0
DA:53,0
DA:54,0
DA:57,0
DA:63,0
DA:64,0
DA:67,0
DA:68,0
DA:74,0
DA:77,0
DA:82,0
DA:83,0
DA:87,0
DA:99,0
DA:100,0
DA:109,0
DA:110,0
DA:117,0
DA:118,0
DA:119,0
DA:120,0
DA:125,0
DA:126,0
DA:128,0
DA:129,0
DA:131,0
DA:132,0
DA:140,0
DA:141,0
DA:142,0
DA:143,0
DA:144,0
DA:146,0
DA:147,0
DA:148,0
DA:151,0
DA:152,0
DA:154,0
DA:155,0
DA:156,0
DA:158,0
DA:159,0
DA:160,0
DA:163,0
DA:164,0
DA:165,0
DA:166,0
DA:171,0
DA:176,0
DA:178,0
DA:179,0
DA:180,0
DA:184,0
DA:186,0
DA:187,0
DA:192,0
DA:194,0
DA:199,0
DA:200,0
DA:203,0
DA:204,0
DA:205,0
DA:209,0
DA:210,0
DA:211,0
DA:214,0
DA:215,0
DA:218,0
DA:219,0
DA:222,0
DA:225,0
DA:229,0
DA:236,0
DA:237,0
DA:238,0
DA:239,0
DA:240,0
DA:242,0
DA:246,0
LF:106
LH:0
BRDA:12,0,0,0
BRDA:12,0,1,0
BRDA:23,1,0,0
BRDA:23,1,1,0
BRDA:24,2,0,0
BRDA:24,2,1,0
BRDA:39,3,0,0
BRDA:39,3,1,0
BRDA:39,4,0,0
BRDA:39,4,1,0
BRDA:39,4,2,0
BRDA:44,5,0,0
BRDA:44,5,1,0
BRDA:51,6,0,0
BRDA:51,6,1,0
BRDA:67,7,0,0
BRDA:67,7,1,0
BRDA:67,8,0,0
BRDA:67,8,1,0
BRDA:109,9,0,0
BRDA:109,9,1,0
BRDA:126,10,0,0
BRDA:126,10,1,0
BRDA:126,11,0,0
BRDA:126,11,1,0
BRDA:128,12,0,0
BRDA:128,12,1,0
BRDA:131,13,0,0
BRDA:131,13,1,0
BRDA:143,14,0,0
BRDA:143,14,1,0
BRDA:146,15,0,0
BRDA:146,15,1,0
BRDA:158,16,0,0
BRDA:158,16,1,0
BRDA:164,17,0,0
BRDA:164,17,1,0
BRDA:171,18,0,0
BRDA:171,18,1,0
BRDA:171,18,2,0
BRDA:171,18,3,0
BRDA:171,18,4,0
BRDA:171,18,5,0
BRDA:171,18,6,0
BRDA:176,19,0,0
BRDA:176,19,1,0
BRDA:178,20,0,0
BRDA:178,20,1,0
BRDA:184,21,0,0
BRDA:184,21,1,0
BRDA:184,22,0,0
BRDA:184,22,1,0
BRDA:194,23,0,0
BRDA:194,23,1,0
BRF:54
BRH:0
end_of_record
TN:
SF:src\routes\pos.routes.js
FNF:0
FNH:0
DA:1,0
DA:2,0
DA:3,0
DA:4,0
DA:5,0
DA:7,0
DA:8,0
DA:9,0
DA:11,0
LF:9
LH:0
BRF:0
BRH:0
end_of_record
TN:
SF:src\routes\products.js
FNF:0
FNH:0
DA:3,0
DA:4,0
DA:14,0
DA:15,0
DA:17,0
DA:22,0
DA:27,0
DA:28,0
DA:29,0
DA:30,0
DA:35,0
DA:36,0
DA:37,0
DA:39,0
DA:42,0
DA:44,0
LF:16
LH:0
BRF:0
BRH:0
end_of_record
TN:
SF:src\routes\products.routes.js
FNF:0
FNH:0
LF:0
LH:0
BRF:0
BRH:0
end_of_record
TN:
SF:src\routes\profitability.routes.js
FNF:0
FNH:0
DA:1,0
DA:2,0
DA:3,0
DA:4,0
DA:5,0
DA:6,0
DA:8,0
DA:9,0
DA:10,0
DA:11,0
DA:13,0
LF:11
LH:0
BRF:0
BRH:0
end_of_record
TN:
SF:src\routes\purchase.routes.js
FNF:0
FNH:0
DA:1,0
DA:2,0
DA:3,0
DA:5,0
DA:6,0
DA:7,0
DA:8,0
DA:10,0
LF:8
LH:0
BRF:0
BRH:0
end_of_record
TN:
SF:src\routes\rawMaterials.js
FNF:0
FNH:0
DA:1,0
DA:2,0
DA:10,0
DA:12,0
DA:13,0
DA:16,0
DA:19,0
DA:22,0
DA:25,0
DA:28,0
DA:30,0
LF:11
LH:0
BRF:0
BRH:0
end_of_record
TN:
SF:src\routes\recipe.routes.js
FNF:0
FNH:0
DA:1,0
DA:2,0
DA:3,0
DA:4,0
DA:5,0
DA:7,0
DA:8,0
DA:9,0
DA:10,0
DA:12,0
LF:10
LH:0
BRF:0
BRH:0
end_of_record
TN:
SF:src\routes\reports.routes.js
FNF:0
FNH:0
DA:1,0
DA:2,0
DA:3,0
DA:4,0
DA:5,0
DA:7,0
DA:8,0
DA:13,0
DA:18,0
DA:19,0
DA:20,0
DA:21,0
DA:22,0
DA:24,0
DA:25,0
DA:27,0
LF:16
LH:0
BRF:0
BRH:0
end_of_record
TN:
SF:src\routes\sales.js
FNF:0
FNH:0
DA:2,0
DA:3,0
DA:13,0
DA:16,0
DA:19,0
DA:22,0
DA:25,0
DA:28,0
DA:31,0
DA:34,0
DA:36,0
LF:11
LH:0
BRF:0
BRH:0
end_of_record
TN:
SF:src\routes\sic.routes.js
FNF:0
FNH:0
DA:1,0
DA:2,0
DA:3,0
DA:4,0
DA:5,0
DA:8,0
DA:9,0
DA:12,0
DA:13,0
DA:15,0
LF:10
LH:0
BRF:0
BRH:0
end_of_record
TN:
SF:src\routes\standard.routes.js
FNF:0
FNH:0
DA:1,0
DA:2,0
DA:3,0
DA:4,0
DA:5,0
DA:7,0
DA:8,0
DA:10,0
LF:8
LH:0
BRF:0
BRH:0
end_of_record
TN:
SF:src\routes\stocksRoutes.js
FN:15,(anonymous_0)
FNF:1
FNH:0
FNDA:0,(anonymous_0)
DA:2,0
DA:3,0
DA:4,0
DA:5,0
DA:6,0
DA:10,0
DA:11,0
DA:12,0
DA:13,0
DA:14,0
DA:15,0
DA:16,0
DA:20,0
LF:13
LH:0
BRF:0
BRH:0
end_of_record
TN:
SF:src\routes\testEmail.js
FN:5,(anonymous_0)
FNF:1
FNH:0
FNDA:0,(anonymous_0)
DA:2,0
DA:3,0
DA:4,0
DA:5,0
DA:6,0
DA:7,0
DA:13,0
DA:15,0
DA:16,0
DA:20,0
LF:10
LH:0
BRF:0
BRH:0
end_of_record
TN:
SF:src\routes\userRoutes.js
FNF:0
FNH:0
DA:1,0
DA:2,0
DA:4,0
DA:5,0
DA:8,0
DA:10,0
LF:6
LH:0
BRF:0
BRH:0
end_of_record
TN:
SF:src\routes\vendors.js
FNF:0
FNH:0
DA:1,0
DA:2,0
DA:4,0
DA:6,0
DA:9,0
DA:10,0
DA:11,0
DA:12,0
DA:13,0
DA:15,0
LF:10
LH:0
BRF:0
BRH:0
end_of_record
TN:
SF:src\routes\webhook.js
FN:8,(anonymous_0)
FNF:1
FNH:0
FNDA:0,(anonymous_0)
DA:1,0
DA:2,0
DA:3,0
DA:4,0
DA:6,0
DA:8,0
DA:9,0
DA:10,0
DA:15,0
DA:16,0
DA:19,0
DA:21,0
DA:22,0
DA:23,0
DA:25,0
DA:28,0
DA:31,0
LF:17
LH:0
BRDA:15,0,0,0
BRDA:15,0,1,0
BRDA:21,1,0,0
BRDA:21,1,1,0
BRDA:23,2,0,0
BRDA:23,2,1,0
BRF:6
BRH:0
end_of_record
TN:
SF:src\services\auth.service.js
FNF:0
FNH:0
LF:0
LH:0
BRF:0
BRH:0
end_of_record
TN:
SF:src\services\compute.service.js
FN:6,getMaterialUnitCost
FN:17,computeRecipeCost
FN:44,computePackagingCost
FN:88,computeLabourCost
FN:104,computeOpex
FN:127,computeProductCost
FNF:6
FNH:0
FNDA:0,getMaterialUnitCost
FNDA:0,computeRecipeCost
FNDA:0,computePackagingCost
FNDA:0,computeLabourCost
FNDA:0,computeOpex
FNDA:0,computeProductCost
DA:2,0
DA:3,0
DA:7,0
DA:8,0
DA:10,0
DA:11,0
DA:13,0
DA:18,0
DA:19,0
DA:21,0
DA:23,0
DA:24,0
DA:26,0
DA:27,0
DA:28,0
DA:29,0
DA:31,0
DA:40,0
DA:45,0
DA:46,0
DA:47,0
DA:49,0
DA:50,0
DA:51,0
DA:52,0
DA:53,0
DA:56,0
DA:89,0
DA:90,0
DA:91,0
DA:93,0
DA:94,0
DA:95,0
DA:96,0
DA:97,0
DA:100,0
DA:105,0
DA:106,0
DA:107,0
DA:109,0
DA:110,0
DA:112,0
DA:113,0
DA:115,0
DA:116,0
DA:117,0
DA:118,0
DA:119,0
DA:120,0
DA:123,0
DA:128,0
DA:131,0
DA:132,0
DA:135,0
DA:136,0
DA:139,0
DA:140,0
DA:143,0
DA:146,0
DA:149,0
DA:152,0
DA:153,0
DA:155,0
DA:156,0
DA:157,0
DA:158,0
DA:159,0
DA:161,0
DA:162,0
DA:163,0
DA:164,0
DA:165,0
DA:169,0
DA:182,0
LF:74
LH:0
BRDA:8,0,0,0
BRDA:8,0,1,0
BRDA:11,1,0,0
BRDA:11,1,1,0
BRDA:11,2,0,0
BRDA:11,2,1,0
BRDA:19,3,0,0
BRDA:19,3,1,0
BRDA:21,4,0,0
BRDA:21,4,1,0
BRDA:46,5,0,0
BRDA:46,5,1,0
BRDA:47,6,0,0
BRDA:47,6,1,0
BRDA:51,7,0,0
BRDA:51,7,1,0
BRDA:52,8,0,0
BRDA:52,8,1,0
BRDA:90,9,0,0
BRDA:90,9,1,0
BRDA:91,10,0,0
BRDA:91,10,1,0
BRDA:95,11,0,0
BRDA:95,11,1,0
BRDA:96,12,0,0
BRDA:96,12,1,0
BRDA:106,13,0,0
BRDA:106,13,1,0
BRDA:107,14,0,0
BRDA:107,14,1,0
BRDA:113,15,0,0
BRDA:113,15,1,0
BRDA:115,16,0,0
BRDA:115,16,1,0
BRDA:116,17,0,0
BRDA:116,17,1,0
BRDA:118,18,0,0
BRDA:118,18,1,0
BRDA:119,19,0,0
BRDA:119,19,1,0
BRDA:127,20,0,0
BRDA:128,21,0,0
BRDA:128,21,1,0
BRDA:128,22,0,0
BRDA:128,22,1,0
BRDA:155,23,0,0
BRDA:155,23,1,0
BRDA:155,24,0,0
BRDA:155,24,1,0
BRDA:157,25,0,0
BRDA:157,25,1,0
BRDA:157,26,0,0
BRDA:157,26,1,0
BRDA:157,26,2,0
BRDA:161,27,0,0
BRDA:161,27,1,0
BRDA:161,28,0,0
BRDA:161,28,1,0
BRDA:163,29,0,0
BRDA:163,29,1,0
BRDA:163,30,0,0
BRDA:163,30,1,0
BRF:62
BRH:0
end_of_record
TN:
SF:src\services\export.service.js
FN:4,(anonymous_0)
FN:9,(anonymous_1)
FN:19,(anonymous_2)
FN:23,(anonymous_3)
FN:25,(anonymous_4)
FN:36,(anonymous_5)
FN:48,(anonymous_6)
FNF:7
FNH:0
FNDA:0,(anonymous_0)
FNDA:0,(anonymous_1)
FNDA:0,(anonymous_2)
FNDA:0,(anonymous_3)
FNDA:0,(anonymous_4)
FNDA:0,(anonymous_5)
FNDA:0,(anonymous_6)
DA:1,0
DA:2,0
DA:4,0
DA:5,0
DA:7,0
DA:8,0
DA:9,0
DA:10,0
DA:14,0
DA:15,0
DA:16,0
DA:19,0
DA:20,0
DA:21,0
DA:23,0
DA:25,0
DA:27,0
DA:32,0
DA:33,0
DA:36,0
DA:37,0
DA:38,0
DA:39,0
DA:44,0
DA:45,0
DA:46,0
DA:48,0
DA:49,0
DA:50,0
DA:53,0
LF:30
LH:0
BRDA:7,0,0,0
BRDA:7,0,1,0
BRF:2
BRH:0
end_of_record
TN:
SF:src\services\material.service.js
FN:4,listMaterials
FN:9,createMaterial
FN:19,updateMaterial
FN:30,deleteMaterial
FNF:4
FNH:0
FNDA:0,listMaterials
FNDA:0,createMaterial
FNDA:0,updateMaterial
FNDA:0,deleteMaterial
DA:1,0
DA:2,0
DA:5,0
DA:6,0
DA:10,0
DA:11,0
DA:16,0
DA:20,0
DA:21,0
DA:27,0
DA:31,0
DA:34,0
LF:12
LH:0
BRF:0
BRH:0
end_of_record
TN:
SF:src\services\purchase.service.js
FN:5,listPurchases
FN:10,createPurchase
FN:54,updatePurchase
FN:145,deletePurchase
FN:196,getPurchaseUsage
FNF:5
FNH:0
FNDA:0,listPurchases
FNDA:0,createPurchase
FNDA:0,updatePurchase
FNDA:0,deletePurchase
FNDA:0,getPurchaseUsage
DA:1,0
DA:2,0
DA:3,0
DA:6,0
DA:7,0
DA:18,0
DA:21,0
DA:31,0
DA:34,0
DA:37,0
DA:49,0
DA:51,0
DA:61,0
DA:63,0
DA:68,0
DA:69,0
DA:70,0
DA:71,0
DA:74,0
DA:76,0
DA:82,0
DA:84,0
DA:85,0
DA:86,0
DA:87,0
DA:90,0
DA:92,0
DA:93,0
DA:102,0
DA:110,0
DA:111,0
DA:120,0
DA:129,0
DA:141,0
DA:146,0
DA:151,0
DA:152,0
DA:153,0
DA:154,0
DA:157,0
DA:158,0
DA:165,0
DA:166,0
DA:167,0
DA:168,0
DA:169,0
DA:172,0
DA:182,0
DA:189,0
DA:197,0
DA:203,0
DA:204,0
DA:206,0
DA:213,0
DA:215,0
DA:223,0
LF:56
LH:0
BRDA:10,0,0,0
BRDA:54,1,0,0
BRDA:68,2,0,0
BRDA:68,2,1,0
BRDA:82,3,0,0
BRDA:82,3,1,0
BRDA:84,4,0,0
BRDA:84,4,1,0
BRDA:90,5,0,0
BRDA:90,5,1,0
BRDA:90,6,0,0
BRDA:90,6,1,0
BRDA:145,7,0,0
BRDA:151,8,0,0
BRDA:151,8,1,0
BRDA:165,9,0,0
BRDA:165,9,1,0
BRDA:166,10,0,0
BRDA:166,10,1,0
BRDA:203,11,0,0
BRDA:203,11,1,0
BRDA:213,12,0,0
BRDA:213,12,1,0
BRF:23
BRH:0
end_of_record
TN:
SF:src\services\stock.service.js
FN:3,recordStockMovement
FN:27,upsertStockBalance
FNF:2
FNH:0
FNDA:0,recordStockMovement
FNDA:0,upsertStockBalance
DA:1,0
DA:14,0
DA:16,0
DA:24,0
DA:28,0
DA:29,0
DA:30,0
DA:33,0
DA:41,0
DA:43,0
DA:44,0
DA:46,0
DA:52,0
DA:53,0
DA:57,0
DA:58,0
DA:59,0
DA:60,0
DA:62,0
DA:63,0
DA:64,0
DA:65,0
DA:66,0
DA:69,0
DA:76,0
DA:77,0
DA:80,0
DA:81,0
DA:83,0
DA:87,0
LF:30
LH:0
BRDA:5,0,0,0
BRDA:8,1,0,0
BRDA:9,2,0,0
BRDA:10,3,0,0
BRDA:11,4,0,0
BRDA:12,5,0,0
BRDA:14,6,0,0
BRDA:14,6,1,0
BRDA:27,7,0,0
BRDA:41,8,0,0
BRDA:41,8,1,0
BRDA:44,9,0,0
BRDA:44,9,1,0
BRDA:59,10,0,0
BRDA:59,10,1,0
BRDA:63,11,0,0
BRDA:63,11,1,0
BRDA:63,12,0,0
BRDA:63,12,1,0
BRDA:66,13,0,0
BRDA:66,13,1,0
BRF:21
BRH:0
end_of_record
TN:
SF:src\services\tenant.service.js
FNF:0
FNH:0
LF:0
LH:0
BRF:0
BRH:0
end_of_record
TN:
SF:src\services\variance.service.js
FN:4,recordVariance
FNF:1
FNH:0
FNDA:0,recordVariance
DA:2,0
DA:6,0
DA:10,0
DA:12,0
DA:13,0
DA:14,0
DA:15,0
DA:16,0
DA:17,0
DA:19,0
DA:33,0
DA:36,0
LF:12
LH:0
BRDA:10,0,0,0
BRDA:10,0,1,0
BRDA:13,1,0,0
BRDA:13,1,1,0
BRDA:13,2,0,0
BRDA:13,2,1,0
BRDA:14,3,0,0
BRDA:14,3,1,0
BRDA:14,4,0,0
BRDA:14,4,1,0
BRDA:15,5,0,0
BRDA:15,5,1,0
BRDA:15,6,0,0
BRDA:15,6,1,0
BRDA:16,7,0,0
BRDA:16,7,1,0
BRDA:16,8,0,0
BRDA:16,8,1,0
BRDA:17,9,0,0
BRDA:17,9,1,0
BRDA:17,10,0,0
BRDA:17,10,1,0
BRDA:17,10,2,0
BRF:23
BRH:0
end_of_record
TN:
SF:src\utils\commissionCalculator.js
FN:3,(anonymous_0)
FN:15,(anonymous_1)
FNF:2
FNH:0
FNDA:0,(anonymous_0)
FNDA:0,(anonymous_1)
DA:1,0
DA:3,0
DA:4,0
DA:5,0
DA:8,0
DA:9,0
DA:11,0
DA:15,0
DA:16,0
DA:19,0
DA:20,0
DA:22,0
DA:26,0
DA:32,0
LF:14
LH:0
BRDA:3,0,0,0
BRDA:4,1,0,0
BRDA:4,1,1,0
BRDA:8,2,0,0
BRDA:8,2,1,0
BRDA:15,3,0,0
BRF:6
BRH:0
end_of_record
TN:
SF:src\utils\emailService.js
FN:6,(anonymous_0)
FN:22,(anonymous_1)
FN:46,(anonymous_2)
FN:59,(anonymous_3)
FN:77,(anonymous_4)
FN:202,(anonymous_5)
FN:314,(anonymous_6)
FN:420,(anonymous_7)
FN:527,(anonymous_8)
FN:639,(anonymous_9)
FN:724,(anonymous_10)
FNF:11
FNH:0
FNDA:0,(anonymous_0)
FNDA:0,(anonymous_1)
FNDA:0,(anonymous_2)
FNDA:0,(anonymous_3)
FNDA:0,(anonymous_4)
FNDA:0,(anonymous_5)
FNDA:0,(anonymous_6)
FNDA:0,(anonymous_7)
FNDA:0,(anonymous_8)
FNDA:0,(anonymous_9)
FNDA:0,(anonymous_10)
DA:1,0
DA:2,0
DA:3,0
DA:7,0
DA:8,0
DA:10,0
DA:23,0
DA:24,0
DA:25,0
DA:31,0
DA:32,0
DA:34,0
DA:35,0
DA:41,0
DA:42,0
DA:47,0
DA:48,0
DA:49,0
DA:51,0
DA:52,0
DA:53,0
DA:55,0
DA:60,0
DA:61,0
DA:69,0
DA:70,0
DA:71,0
DA:73,0
DA:74,0
DA:78,0
DA:79,0
DA:193,0
DA:194,0
DA:195,0
DA:197,0
DA:198,0
DA:203,0
DA:204,0
DA:206,0
DA:305,0
DA:306,0
DA:307,0
DA:309,0
DA:310,0
DA:315,0
DA:316,0
DA:412,0
DA:413,0
DA:414,0
DA:416,0
DA:421,0
DA:422,0
DA:518,0
DA:519,0
DA:520,0
DA:522,0
DA:528,0
DA:529,0
DA:629,0
DA:630,0
DA:631,0
DA:633,0
DA:634,0
DA:640,0
DA:641,0
DA:714,0
DA:715,0
DA:716,0
DA:718,0
DA:719,0
DA:725,0
DA:726,0
DA:797,0
DA:798,0
DA:799,0
DA:801,0
DA:802,0
DA:807,0
LF:78
LH:0
BRDA:7,0,0,0
BRDA:7,0,1,0
BRDA:11,1,0,0
BRDA:11,1,1,0
BRDA:12,2,0,0
BRDA:12,2,1,0
BRDA:23,3,0,0
BRDA:23,3,1,0
BRDA:24,4,0,0
BRDA:24,4,1,0
BRDA:34,5,0,0
BRDA:34,5,1,0
BRDA:47,6,0,0
BRDA:47,6,1,0
BRDA:466,7,0,0
BRDA:466,7,1,0
BRF:16
BRH:0
end_of_record
TN:
SF:src\utils\filterBuilder.js
FN:30,buildSalesFilters
FN:85,validateDateRange
FNF:2
FNH:2
FNDA:8,buildSalesFilters
FNDA:5,validateDateRange
DA:37,8
DA:39,8
DA:40,8
DA:41,8
DA:44,8
DA:45,4
DA:46,4
DA:47,4
DA:50,8
DA:51,3
DA:52,3
DA:53,3
DA:57,8
DA:58,2
DA:59,2
DA:63,8
DA:64,2
DA:65,2
DA:69,8
DA:71,8
DA:86,5
DA:87,1
DA:90,4
DA:91,2
DA:92,2
DA:94,2
DA:95,1
DA:102,3
DA:105,1
LF:29
LH:29
BRDA:30,0,0,0
BRDA:36,1,0,7
BRDA:44,2,0,4
BRDA:44,2,1,4
BRDA:50,3,0,3
BRDA:50,3,1,5
BRDA:57,4,0,2
BRDA:57,4,1,6
BRDA:63,5,0,2
BRDA:63,5,1,6
BRDA:69,6,0,7
BRDA:69,6,1,1
BRDA:86,7,0,1
BRDA:86,7,1,4
BRDA:86,8,0,5
BRDA:86,8,1,2
BRDA:90,9,0,2
BRDA:90,9,1,2
BRDA:90,10,0,4
BRDA:90,10,1,3
BRDA:94,11,0,1
BRDA:94,11,1,1
BRF:22
BRH:21
end_of_record
TN:
SF:src\utils\helpers.js
FN:1,(anonymous_0)
FN:8,(anonymous_1)
FN:12,(anonymous_2)
FNF:3
FNH:0
FNDA:0,(anonymous_0)
FNDA:0,(anonymous_1)
FNDA:0,(anonymous_2)
DA:1,0
DA:2,0
DA:8,0
DA:9,0
DA:12,0
DA:13,0
DA:14,0
DA:15,0
DA:16,0
DA:18,0
DA:21,0
LF:11
LH:0
BRDA:12,0,0,0
BRF:1
BRH:0
end_of_record
TN:
SF:src\utils\paystackPlans.js
FN:11,fetchPaystackPlans
FN:35,(anonymous_1)
FNF:2
FNH:0
FNDA:0,fetchPaystackPlans
FNDA:0,(anonymous_1)
DA:2,0
DA:3,0
DA:5,0
DA:8,0
DA:9,0
DA:12,0
DA:15,0
DA:16,0
DA:19,0
DA:20,0
DA:29,0
DA:31,0
DA:34,0
DA:35,0
DA:36,0
DA:45,0
DA:46,0
DA:48,0
DA:51,0
DA:52,0
DA:56,0
LF:21
LH:0
BRDA:15,0,0,0
BRDA:15,0,1,0
BRDA:15,1,0,0
BRDA:15,1,1,0
BRDA:51,2,0,0
BRDA:51,2,1,0
BRF:6
BRH:0
end_of_record
TN:
SF:src\utils\sql.js
FNF:0
FNH:0
DA:3,0
DA:11,0
DA:19,0
DA:23,0
DA:30,0
DA:35,0
DA:41,0
DA:47,0
DA:61,0
DA:71,0
DA:79,0
DA:87,0
DA:96,0
DA:119,0
DA:125,0
DA:131,0
DA:135,0
DA:141,0
DA:147,0
LF:19
LH:0
BRF:0
BRH:0
end_of_record
